42.0 APEX_CODE,FINEST;APEX_PROFILING,INFO;CALLOUT,INFO;DB,INFO;SYSTEM,DEBUG;VALIDATION,INFO;VISUALFORCE,INFO;WAVE,INFO;WORKFLOW,INFO
13:50:18.0 (441855)|EXECUTION_STARTED
13:50:18.0 (480742)|CODE_UNIT_STARTED|[EXTERNAL]|VisualForce View State
13:50:18.0 (6260232)|CODE_UNIT_FINISHED|VisualForce View State
13:50:18.0 (7191018)|EXECUTION_FINISHED
13:50:18.11 (11416676)|HEAP_ALLOCATE|[EXTERNAL]|Bytes:-4
13:50:18.11 (11511911)|HEAP_ALLOCATE|[EXTERNAL]|Bytes:-4
13:50:18.11 (11581539)|HEAP_ALLOCATE|[EXTERNAL]|Bytes:-4
13:50:18.11 (11646452)|HEAP_ALLOCATE|[EXTERNAL]|Bytes:-4
13:50:18.11 (11771891)|SYSTEM_MODE_ENTER|false
13:50:18.113 (113436680)|CUMULATIVE_LIMIT_USAGE
13:50:18.113 (113436680)|LIMIT_USAGE_FOR_NS|(default)|
  Number of SOQL queries: 0 out of 100
  Number of query rows: 0 out of 50000
  Number of SOSL queries: 0 out of 20
  Number of DML statements: 0 out of 150
  Number of DML rows: 0 out of 10000
  Maximum CPU time: 0 out of 10000
  Maximum heap size: 0 out of 6000000
  Number of callouts: 0 out of 100
  Number of Email Invocations: 0 out of 10
  Number of future calls: 0 out of 50
  Number of queueable jobs added to the queue: 0 out of 50
  Number of Mobile Apex push calls: 0 out of 10

13:50:18.113 (113436680)|CUMULATIVE_LIMIT_USAGE_END

