42.0 APEX_CODE,FINEST;APEX_PROFILING,INFO;CALLOUT,INFO;DB,INFO;SYSTEM,DEBUG;VALIDATION,INFO;VISUALFORCE,INFO;WAVE,INFO;WORKFLOW,INFO
10:51:42.0 (391009)|USER_INFO|[EXTERNAL]|0051r000007nKPL|assh4884@cunning-goat-277018.com|Greenwich Mean Time|GMT+01:00
10:51:42.0 (561193)|EXECUTION_STARTED
10:51:42.0 (565101)|CODE_UNIT_STARTED|[EXTERNAL]|Aura
10:51:42.0 (2198620)|CODE_UNIT_STARTED|[EXTERNAL]|01p1r000005a73H|SiteController.getTopics
10:51:42.0 (2438399)|HEAP_ALLOCATE|[72]|Bytes:3
10:51:42.0 (2480583)|HEAP_ALLOCATE|[77]|Bytes:152
10:51:42.0 (2502069)|HEAP_ALLOCATE|[342]|Bytes:408
10:51:42.0 (2522383)|HEAP_ALLOCATE|[355]|Bytes:408
10:51:42.0 (2541748)|HEAP_ALLOCATE|[467]|Bytes:48
10:51:42.0 (2572613)|HEAP_ALLOCATE|[139]|Bytes:6
10:51:42.0 (2595145)|HEAP_ALLOCATE|[EXTERNAL]|Bytes:7
10:51:42.0 (2635520)|HEAP_ALLOCATE|[EXTERNAL]|Bytes:5
10:51:42.0 (2666823)|METHOD_ENTRY|[1]|01p1r000005a73H|SiteController.SiteController()
10:51:42.0 (2676330)|STATEMENT_EXECUTE|[1]
10:51:42.0 (2684770)|STATEMENT_EXECUTE|[1]
10:51:42.0 (2718914)|HEAP_ALLOCATE|[50]|Bytes:5
10:51:42.0 (2745775)|HEAP_ALLOCATE|[56]|Bytes:5
10:51:42.0 (2757220)|HEAP_ALLOCATE|[64]|Bytes:7
10:51:42.0 (2785064)|SYSTEM_MODE_ENTER|false
10:51:42.0 (2935086)|HEAP_ALLOCATE|[EXTERNAL]|Bytes:5
10:51:42.0 (2945690)|SYSTEM_MODE_EXIT|false
10:51:42.0 (2973627)|METHOD_EXIT|[1]|SiteController
10:51:42.0 (2994746)|SYSTEM_MODE_ENTER|false
10:51:42.0 (3012172)|HEAP_ALLOCATE|[5]|Bytes:5
10:51:42.0 (3019562)|STATEMENT_EXECUTE|[4]
10:51:42.0 (3021743)|STATEMENT_EXECUTE|[5]
10:51:42.0 (3025948)|HEAP_ALLOCATE|[5]|Bytes:59
10:51:42.0 (3045751)|HEAP_ALLOCATE|[5]|Bytes:4
10:51:42.0 (4546518)|SOQL_EXECUTE_BEGIN|[5]|Aggregations:0|SELECT Id, Name, Content__c, Date__c, like__c FROM Topic__c
10:51:42.0 (31135105)|SOQL_EXECUTE_END|[5]|Rows:14
10:51:42.0 (31165125)|HEAP_ALLOCATE|[5]|Bytes:60
10:51:42.0 (31195483)|HEAP_ALLOCATE|[5]|Bytes:5666
10:51:42.0 (31231617)|HEAP_ALLOCATE|[5]|Bytes:60
10:51:42.0 (31252653)|SYSTEM_MODE_EXIT|false
10:51:42.31 (31290701)|CUMULATIVE_LIMIT_USAGE
10:51:42.31 (31290701)|LIMIT_USAGE_FOR_NS|(default)|
  Number of SOQL queries: 1 out of 100
  Number of query rows: 14 out of 50000
  Number of SOSL queries: 0 out of 20
  Number of DML statements: 0 out of 150
  Number of DML rows: 0 out of 10000
  Maximum CPU time: 0 out of 10000
  Maximum heap size: 0 out of 6000000
  Number of callouts: 0 out of 100
  Number of Email Invocations: 0 out of 10
  Number of future calls: 0 out of 50
  Number of queueable jobs added to the queue: 0 out of 50
  Number of Mobile Apex push calls: 0 out of 10

10:51:42.31 (31290701)|CUMULATIVE_LIMIT_USAGE_END

10:51:42.0 (31327371)|CODE_UNIT_FINISHED|SiteController.getTopics
10:51:42.0 (31605504)|CODE_UNIT_FINISHED|Aura
10:51:42.0 (32893486)|EXECUTION_FINISHED
