42.0 APEX_CODE,FINEST;APEX_PROFILING,INFO;CALLOUT,INFO;DB,INFO;SYSTEM,DEBUG;VALIDATION,INFO;VISUALFORCE,INFO;WAVE,INFO;WORKFLOW,INFO
Execute Anonymous: CustomTest.getCustData();
11:43:59.1 (1474673)|USER_INFO|[EXTERNAL]|0051r000007nKPL|assh4884@cunning-goat-277018.com|Greenwich Mean Time|GMT+01:00
11:43:59.1 (1495158)|EXECUTION_STARTED
11:43:59.1 (1498928)|CODE_UNIT_STARTED|[EXTERNAL]|execute_anonymous_apex
11:43:59.1 (1712597)|HEAP_ALLOCATE|[72]|Bytes:3
11:43:59.1 (1757176)|HEAP_ALLOCATE|[77]|Bytes:152
11:43:59.1 (1773529)|HEAP_ALLOCATE|[342]|Bytes:408
11:43:59.1 (1786847)|HEAP_ALLOCATE|[355]|Bytes:408
11:43:59.1 (1797404)|HEAP_ALLOCATE|[467]|Bytes:48
11:43:59.1 (1825899)|HEAP_ALLOCATE|[139]|Bytes:6
11:43:59.1 (1845661)|HEAP_ALLOCATE|[EXTERNAL]|Bytes:1
11:43:59.1 (1926095)|STATEMENT_EXECUTE|[1]
11:43:59.1 (1928777)|STATEMENT_EXECUTE|[1]
11:43:59.1 (1976754)|HEAP_ALLOCATE|[50]|Bytes:5
11:43:59.1 (1998935)|HEAP_ALLOCATE|[56]|Bytes:5
11:43:59.1 (2006138)|HEAP_ALLOCATE|[64]|Bytes:7
11:43:59.1 (2029609)|SYSTEM_MODE_ENTER|false
11:43:59.1 (2046487)|HEAP_ALLOCATE|[1]|Bytes:5
11:43:59.1 (22029404)|HEAP_ALLOCATE|[1]|Bytes:1
11:43:59.1 (22053301)|HEAP_ALLOCATE|[1]|Bytes:14
11:43:59.1 (22085613)|METHOD_ENTRY|[1]|01p1r000007pAtp|CustomTest.CustomTest()
11:43:59.1 (22096239)|STATEMENT_EXECUTE|[1]
11:43:59.1 (22105470)|STATEMENT_EXECUTE|[1]
11:43:59.1 (22128530)|HEAP_ALLOCATE|[1]|Bytes:5
11:43:59.1 (22150528)|METHOD_EXIT|[1]|CustomTest
11:43:59.1 (22190113)|METHOD_ENTRY|[1]|01p1r000007pAtp|CustomTest.getCustData()
11:43:59.1 (22249271)|HEAP_ALLOCATE|[4]|Bytes:5
11:43:59.1 (22255518)|STATEMENT_EXECUTE|[3]
11:43:59.1 (22257900)|STATEMENT_EXECUTE|[4]
11:43:59.1 (23086528)|HEAP_ALLOCATE|[4]|Bytes:12
11:43:59.1 (23206235)|HEAP_ALLOCATE|[EXTERNAL]|Bytes:12
11:43:59.1 (23240133)|HEAP_ALLOCATE|[4]|Bytes:577
11:43:59.1 (23262120)|VARIABLE_SCOPE_BEGIN|[4]|t|List<test2__c>|true|false
11:43:59.1 (23352720)|VARIABLE_ASSIGNMENT|[4]|t|[{"LastModifiedDate":"2018-03-27T10:04:50.000Z","IsDeleted":false,"one2__c":"1111","two2__c":"2222","three2__c":"3333","SetupOwnerId":"00D1r000000sW7MEAU","Name":"Dima","SystemModstamp":"2018-03-27T10:04:50.000Z","CreatedById":"0051r000007nKPLAA2","CreatedDate":"2018-03-27T10:04:50.000Z","Id":"a041r00000YuGNPAA3","LastModifiedById":"0051r000007nKPLAA2"},{"LastModifiedDate":"2018-03-27T10:01:25.000Z","IsDeleted":false,"one2__c":"data_one","two2__c":"data_two","three2__c":"data_three","SetupOwnerId":"00D1r000000sW7MEAU","Name":"testing","SystemModstamp":"2018-03-27T10:01:25.000Z","CreatedById":"0051r000007nKPLAA2","CreatedDate":"2018-03-27T10:01:25.000Z","Id":"a041r00000YuGL9AAN","LastModifiedById":"0051r000007nKPLAA2"}]|0x39a8613e
11:43:59.1 (23373284)|STATEMENT_EXECUTE|[5]
11:43:59.1 (23377075)|HEAP_ALLOCATE|[5]|Bytes:5
11:43:59.1 (23410635)|USER_DEBUG|[5]|DEBUG|fffff
11:43:59.1 (23419798)|STATEMENT_EXECUTE|[6]
11:43:59.1 (23606682)|USER_DEBUG|[6]|DEBUG|(test2__c:{LastModifiedDate=2018-03-27 10:04:50, IsDeleted=false, one2__c=1111, two2__c=2222, three2__c=3333, SetupOwnerId=00D1r000000sW7MEAU, Name=Dima, SystemModstamp=2018-03-27 10:04:50, CreatedById=0051r000007nKPLAA2, CreatedDate=2018-03-27 10:04:50, Id=a041r00000YuGNPAA3, LastModifiedById=0051r000007nKPLAA2}, test2__c:{LastModifiedDate=2018-03-27 10:01:25, IsDeleted=false, one2__c=data_one, two2__c=data_two, three2__c=data_three, SetupOwnerId=00D1r000000sW7MEAU, Name=testing, SystemModstamp=2018-03-27 10:01:25, CreatedById=0051r000007nKPLAA2, CreatedDate=2018-03-27 10:01:25, Id=a041r00000YuGL9AAN, LastModifiedById=0051r000007nKPLAA2})
11:43:59.1 (23626945)|STATEMENT_EXECUTE|[8]
11:43:59.1 (23716947)|HEAP_ALLOCATE|[8]|Bytes:12
11:43:59.1 (23733724)|VARIABLE_SCOPE_BEGIN|[8]|t2|Map<String,test2__c>|true|false
11:43:59.1 (23787672)|VARIABLE_ASSIGNMENT|[8]|t2|{"Dima":{"LastModifiedDate":"2018-03-27T10:04:50.000Z","IsDeleted":false,"one2__c":"1111","two2__c":"2222","three2__c":"3333","SetupOwnerId":"00D1r000000sW7MEAU","Name":"Dima","SystemModstamp":"2018-03-27T10:04:50.000Z","CreatedById":"0051r000007nKPLAA2","CreatedDate":"2018-03-27T10:04:50.000Z","Id":"a041r00000YuGNPAA3","LastModifiedById":"0051r000007nKPLAA2"},"testing":{"LastModifiedDate":"2018-03-27T10:01:25.000Z","IsDeleted":false,"one2__c":"data_one","two2__c":"data_two","three2__c":"data_three","SetupOwnerId":"00D1r000000sW7MEAU","Name":"testing","SystemModstamp":"2018-03-27T10:01:25.000Z","CreatedById":"0051r000007nKPLAA2","CreatedDate":"2018-03-27T10:01:25.000Z","Id":"a041r00000YuGL9AAN","LastModifiedById":"0051r000007nKPLAA2"}}|0x44cbce27
11:43:59.1 (23803037)|STATEMENT_EXECUTE|[9]
11:43:59.1 (23806409)|HEAP_ALLOCATE|[9]|Bytes:4
11:43:59.1 (23825343)|USER_DEBUG|[9]|DEBUG|gggg
11:43:59.1 (23832902)|STATEMENT_EXECUTE|[10]
11:43:59.1 (23963983)|USER_DEBUG|[10]|DEBUG|{Dima=test2__c:{LastModifiedDate=2018-03-27 10:04:50, IsDeleted=false, one2__c=1111, two2__c=2222, three2__c=3333, SetupOwnerId=00D1r000000sW7MEAU, Name=Dima, SystemModstamp=2018-03-27 10:04:50, CreatedById=0051r000007nKPLAA2, CreatedDate=2018-03-27 10:04:50, Id=a041r00000YuGNPAA3, LastModifiedById=0051r000007nKPLAA2}, testing=test2__c:{LastModifiedDate=2018-03-27 10:01:25, IsDeleted=false, one2__c=data_one, two2__c=data_two, three2__c=data_three, SetupOwnerId=00D1r000000sW7MEAU, Name=testing, SystemModstamp=2018-03-27 10:01:25, CreatedById=0051r000007nKPLAA2, CreatedDate=2018-03-27 10:01:25, Id=a041r00000YuGL9AAN, LastModifiedById=0051r000007nKPLAA2}}
11:43:59.1 (23994677)|STATEMENT_EXECUTE|[11]
11:43:59.1 (23999502)|HEAP_ALLOCATE|[11]|Bytes:4
11:43:59.1 (24357532)|HEAP_ALLOCATE|[11]|Bytes:52
11:43:59.1 (24374682)|VARIABLE_SCOPE_BEGIN|[11]|obj|test2__c|true|false
11:43:59.1 (24405888)|VARIABLE_ASSIGNMENT|[11]|obj|{"LastModifiedDate":"2018-03-27T10:04:50.000Z","IsDeleted":false,"one2__c":"1111","two2__c":"2222","three2__c":"3333","SetupOwnerId":"00D1r000000sW7MEAU","Name":"Dima","SystemModstamp":"2018-03-27T10:04:50.000Z","CreatedById":"0051r000007nKPLAA2","CreatedDate":"2018-03-27T10:04:50.000Z","Id":"a041r00000YuGNPAA3","LastModifiedById":"0051r000007nKPLAA2"}|0x5115c63
11:43:59.1 (24417914)|STATEMENT_EXECUTE|[12]
11:43:59.1 (24497762)|USER_DEBUG|[12]|DEBUG|test2__c:{LastModifiedDate=2018-03-27 10:04:50, IsDeleted=false, one2__c=1111, two2__c=2222, three2__c=3333, SetupOwnerId=00D1r000000sW7MEAU, Name=Dima, SystemModstamp=2018-03-27 10:04:50, CreatedById=0051r000007nKPLAA2, CreatedDate=2018-03-27 10:04:50, Id=a041r00000YuGNPAA3, LastModifiedById=0051r000007nKPLAA2}
11:43:59.1 (24511642)|STATEMENT_EXECUTE|[13]
11:43:59.1 (24541237)|USER_DEBUG|[13]|DEBUG|Dima
11:43:59.1 (24552945)|METHOD_EXIT|[1]|01p1r000007pAtp|CustomTest.getCustData()
11:43:59.1 (24558824)|SYSTEM_MODE_EXIT|false
11:43:59.24 (24591998)|CUMULATIVE_LIMIT_USAGE
11:43:59.24 (24591998)|LIMIT_USAGE_FOR_NS|(default)|
  Number of SOQL queries: 0 out of 100
  Number of query rows: 0 out of 50000
  Number of SOSL queries: 0 out of 20
  Number of DML statements: 0 out of 150
  Number of DML rows: 0 out of 10000
  Maximum CPU time: 0 out of 10000
  Maximum heap size: 0 out of 6000000
  Number of callouts: 0 out of 100
  Number of Email Invocations: 0 out of 10
  Number of future calls: 0 out of 50
  Number of queueable jobs added to the queue: 0 out of 50
  Number of Mobile Apex push calls: 0 out of 10

11:43:59.24 (24591998)|CUMULATIVE_LIMIT_USAGE_END

11:43:59.1 (24624086)|CODE_UNIT_FINISHED|execute_anonymous_apex
11:43:59.1 (26051584)|EXECUTION_FINISHED
