42.0 APEX_CODE,FINEST;APEX_PROFILING,INFO;CALLOUT,INFO;DB,INFO;SYSTEM,DEBUG;VALIDATION,INFO;VISUALFORCE,INFO;WAVE,INFO;WORKFLOW,INFO
Execute Anonymous: CustomTest.getCustData();
11:56:02.1 (1337996)|USER_INFO|[EXTERNAL]|0051r000007nKPL|assh4884@cunning-goat-277018.com|Greenwich Mean Time|GMT+01:00
11:56:02.1 (1366334)|EXECUTION_STARTED
11:56:02.1 (1371843)|CODE_UNIT_STARTED|[EXTERNAL]|execute_anonymous_apex
11:56:02.1 (1571513)|HEAP_ALLOCATE|[72]|Bytes:3
11:56:02.1 (1608912)|HEAP_ALLOCATE|[77]|Bytes:152
11:56:02.1 (1628623)|HEAP_ALLOCATE|[342]|Bytes:408
11:56:02.1 (1649401)|HEAP_ALLOCATE|[355]|Bytes:408
11:56:02.1 (1668378)|HEAP_ALLOCATE|[467]|Bytes:48
11:56:02.1 (1701779)|HEAP_ALLOCATE|[139]|Bytes:6
11:56:02.1 (1725407)|HEAP_ALLOCATE|[EXTERNAL]|Bytes:1
11:56:02.1 (1808238)|STATEMENT_EXECUTE|[1]
11:56:02.1 (1811805)|STATEMENT_EXECUTE|[1]
11:56:02.1 (1865081)|HEAP_ALLOCATE|[50]|Bytes:5
11:56:02.1 (1891997)|HEAP_ALLOCATE|[56]|Bytes:5
11:56:02.1 (1903989)|HEAP_ALLOCATE|[64]|Bytes:7
11:56:02.1 (1932894)|SYSTEM_MODE_ENTER|false
11:56:02.1 (1952025)|HEAP_ALLOCATE|[1]|Bytes:5
11:56:02.1 (21505457)|HEAP_ALLOCATE|[1]|Bytes:1
11:56:02.1 (21531833)|HEAP_ALLOCATE|[1]|Bytes:20
11:56:02.1 (21561403)|METHOD_ENTRY|[1]|01p1r000007pAtp|CustomTest.CustomTest()
11:56:02.1 (21571882)|STATEMENT_EXECUTE|[1]
11:56:02.1 (21580754)|STATEMENT_EXECUTE|[1]
11:56:02.1 (21598114)|HEAP_ALLOCATE|[1]|Bytes:5
11:56:02.1 (21612922)|METHOD_EXIT|[1]|CustomTest
11:56:02.1 (21648926)|METHOD_ENTRY|[1]|01p1r000007pAtp|CustomTest.getCustData()
11:56:02.1 (21714977)|HEAP_ALLOCATE|[4]|Bytes:5
11:56:02.1 (21723459)|STATEMENT_EXECUTE|[3]
11:56:02.1 (21726653)|STATEMENT_EXECUTE|[4]
11:56:02.1 (22474545)|HEAP_ALLOCATE|[4]|Bytes:12
11:56:02.1 (22580349)|HEAP_ALLOCATE|[EXTERNAL]|Bytes:12
11:56:02.1 (22608458)|HEAP_ALLOCATE|[4]|Bytes:577
11:56:02.1 (22625307)|VARIABLE_SCOPE_BEGIN|[4]|t|List<test2__c>|true|false
11:56:02.1 (22696109)|VARIABLE_ASSIGNMENT|[4]|t|[{"LastModifiedDate":"2018-03-27T10:04:50.000Z","IsDeleted":false,"one2__c":"1111","two2__c":"2222","three2__c":"3333","SetupOwnerId":"00D1r000000sW7MEAU","Name":"Dima","SystemModstamp":"2018-03-27T10:04:50.000Z","CreatedById":"0051r000007nKPLAA2","CreatedDate":"2018-03-27T10:04:50.000Z","Id":"a041r00000YuGNPAA3","LastModifiedById":"0051r000007nKPLAA2"},{"LastModifiedDate":"2018-03-27T10:01:25.000Z","IsDeleted":false,"one2__c":"data_one","two2__c":"data_two","three2__c":"data_three","SetupOwnerId":"00D1r000000sW7MEAU","Name":"testing","SystemModstamp":"2018-03-27T10:01:25.000Z","CreatedById":"0051r000007nKPLAA2","CreatedDate":"2018-03-27T10:01:25.000Z","Id":"a041r00000YuGL9AAN","LastModifiedById":"0051r000007nKPLAA2"}]|0x20854eaa
11:56:02.1 (22714983)|STATEMENT_EXECUTE|[5]
11:56:02.1 (22719272)|HEAP_ALLOCATE|[5]|Bytes:5
11:56:02.1 (22754454)|USER_DEBUG|[5]|DEBUG|fffff
11:56:02.1 (22763117)|STATEMENT_EXECUTE|[6]
11:56:02.1 (22931415)|USER_DEBUG|[6]|DEBUG|(test2__c:{LastModifiedDate=2018-03-27 10:04:50, IsDeleted=false, one2__c=1111, two2__c=2222, three2__c=3333, SetupOwnerId=00D1r000000sW7MEAU, Name=Dima, SystemModstamp=2018-03-27 10:04:50, CreatedById=0051r000007nKPLAA2, CreatedDate=2018-03-27 10:04:50, Id=a041r00000YuGNPAA3, LastModifiedById=0051r000007nKPLAA2}, test2__c:{LastModifiedDate=2018-03-27 10:01:25, IsDeleted=false, one2__c=data_one, two2__c=data_two, three2__c=data_three, SetupOwnerId=00D1r000000sW7MEAU, Name=testing, SystemModstamp=2018-03-27 10:01:25, CreatedById=0051r000007nKPLAA2, CreatedDate=2018-03-27 10:01:25, Id=a041r00000YuGL9AAN, LastModifiedById=0051r000007nKPLAA2})
11:56:02.1 (22950481)|STATEMENT_EXECUTE|[8]
11:56:02.1 (23005479)|HEAP_ALLOCATE|[8]|Bytes:12
11:56:02.1 (23017682)|VARIABLE_SCOPE_BEGIN|[8]|t2|Map<String,test2__c>|true|false
11:56:02.1 (23064783)|VARIABLE_ASSIGNMENT|[8]|t2|{"Dima":{"LastModifiedDate":"2018-03-27T10:04:50.000Z","IsDeleted":false,"one2__c":"1111","two2__c":"2222","three2__c":"3333","SetupOwnerId":"00D1r000000sW7MEAU","Name":"Dima","SystemModstamp":"2018-03-27T10:04:50.000Z","CreatedById":"0051r000007nKPLAA2","CreatedDate":"2018-03-27T10:04:50.000Z","Id":"a041r00000YuGNPAA3","LastModifiedById":"0051r000007nKPLAA2"},"testing":{"LastModifiedDate":"2018-03-27T10:01:25.000Z","IsDeleted":false,"one2__c":"data_one","two2__c":"data_two","three2__c":"data_three","SetupOwnerId":"00D1r000000sW7MEAU","Name":"testing","SystemModstamp":"2018-03-27T10:01:25.000Z","CreatedById":"0051r000007nKPLAA2","CreatedDate":"2018-03-27T10:01:25.000Z","Id":"a041r00000YuGL9AAN","LastModifiedById":"0051r000007nKPLAA2"}}|0x6989f395
11:56:02.1 (23080277)|STATEMENT_EXECUTE|[9]
11:56:02.1 (23083922)|HEAP_ALLOCATE|[9]|Bytes:4
11:56:02.1 (23101974)|USER_DEBUG|[9]|DEBUG|gggg
11:56:02.1 (23111395)|STATEMENT_EXECUTE|[10]
11:56:02.1 (23204203)|USER_DEBUG|[10]|DEBUG|{Dima=test2__c:{LastModifiedDate=2018-03-27 10:04:50, IsDeleted=false, one2__c=1111, two2__c=2222, three2__c=3333, SetupOwnerId=00D1r000000sW7MEAU, Name=Dima, SystemModstamp=2018-03-27 10:04:50, CreatedById=0051r000007nKPLAA2, CreatedDate=2018-03-27 10:04:50, Id=a041r00000YuGNPAA3, LastModifiedById=0051r000007nKPLAA2}, testing=test2__c:{LastModifiedDate=2018-03-27 10:01:25, IsDeleted=false, one2__c=data_one, two2__c=data_two, three2__c=data_three, SetupOwnerId=00D1r000000sW7MEAU, Name=testing, SystemModstamp=2018-03-27 10:01:25, CreatedById=0051r000007nKPLAA2, CreatedDate=2018-03-27 10:01:25, Id=a041r00000YuGL9AAN, LastModifiedById=0051r000007nKPLAA2}}
11:56:02.1 (23219935)|STATEMENT_EXECUTE|[11]
11:56:02.1 (23223088)|HEAP_ALLOCATE|[11]|Bytes:4
11:56:02.1 (23619194)|HEAP_ALLOCATE|[11]|Bytes:52
11:56:02.1 (23639971)|VARIABLE_SCOPE_BEGIN|[11]|obj|test2__c|true|false
11:56:02.1 (23676091)|VARIABLE_ASSIGNMENT|[11]|obj|{"LastModifiedDate":"2018-03-27T10:04:50.000Z","IsDeleted":false,"one2__c":"1111","two2__c":"2222","three2__c":"3333","SetupOwnerId":"00D1r000000sW7MEAU","Name":"Dima","SystemModstamp":"2018-03-27T10:04:50.000Z","CreatedById":"0051r000007nKPLAA2","CreatedDate":"2018-03-27T10:04:50.000Z","Id":"a041r00000YuGNPAA3","LastModifiedById":"0051r000007nKPLAA2"}|0x11b816ea
11:56:02.1 (23688667)|STATEMENT_EXECUTE|[12]
11:56:02.1 (23776360)|USER_DEBUG|[12]|DEBUG|test2__c:{LastModifiedDate=2018-03-27 10:04:50, IsDeleted=false, one2__c=1111, two2__c=2222, three2__c=3333, SetupOwnerId=00D1r000000sW7MEAU, Name=Dima, SystemModstamp=2018-03-27 10:04:50, CreatedById=0051r000007nKPLAA2, CreatedDate=2018-03-27 10:04:50, Id=a041r00000YuGNPAA3, LastModifiedById=0051r000007nKPLAA2}
11:56:02.1 (23791395)|STATEMENT_EXECUTE|[13]
11:56:02.1 (23819220)|USER_DEBUG|[13]|DEBUG|Dima
11:56:02.1 (23826235)|STATEMENT_EXECUTE|[14]
11:56:02.1 (23842334)|USER_DEBUG|[14]|DEBUG|1111
11:56:02.1 (23848173)|STATEMENT_EXECUTE|[15]
11:56:02.1 (23934792)|USER_DEBUG|[15]|DEBUG|{Dima=test2__c:{LastModifiedDate=2018-03-27 10:04:50, IsDeleted=false, one2__c=1111, two2__c=2222, three2__c=3333, SetupOwnerId=00D1r000000sW7MEAU, Name=Dima, SystemModstamp=2018-03-27 10:04:50, CreatedById=0051r000007nKPLAA2, CreatedDate=2018-03-27 10:04:50, Id=a041r00000YuGNPAA3, LastModifiedById=0051r000007nKPLAA2}, testing=test2__c:{LastModifiedDate=2018-03-27 10:01:25, IsDeleted=false, one2__c=data_one, two2__c=data_two, three2__c=data_three, SetupOwnerId=00D1r000000sW7MEAU, Name=testing, SystemModstamp=2018-03-27 10:01:25, CreatedById=0051r000007nKPLAA2, CreatedDate=2018-03-27 10:01:25, Id=a041r00000YuGL9AAN, LastModifiedById=0051r000007nKPLAA2}}
11:56:02.1 (23957153)|METHOD_EXIT|[1]|01p1r000007pAtp|CustomTest.getCustData()
11:56:02.1 (23964125)|SYSTEM_MODE_EXIT|false
11:56:02.23 (23994689)|CUMULATIVE_LIMIT_USAGE
11:56:02.23 (23994689)|LIMIT_USAGE_FOR_NS|(default)|
  Number of SOQL queries: 0 out of 100
  Number of query rows: 0 out of 50000
  Number of SOSL queries: 0 out of 20
  Number of DML statements: 0 out of 150
  Number of DML rows: 0 out of 10000
  Maximum CPU time: 0 out of 10000
  Maximum heap size: 0 out of 6000000
  Number of callouts: 0 out of 100
  Number of Email Invocations: 0 out of 10
  Number of future calls: 0 out of 50
  Number of queueable jobs added to the queue: 0 out of 50
  Number of Mobile Apex push calls: 0 out of 10

11:56:02.23 (23994689)|CUMULATIVE_LIMIT_USAGE_END

11:56:02.1 (24023144)|CODE_UNIT_FINISHED|execute_anonymous_apex
11:56:02.1 (25612030)|EXECUTION_FINISHED
