42.0 APEX_CODE,FINEST;APEX_PROFILING,INFO;CALLOUT,INFO;DB,INFO;SYSTEM,DEBUG;VALIDATION,INFO;VISUALFORCE,INFO;WAVE,INFO;WORKFLOW,INFO
Execute Anonymous: DaysPartController.getDaysPart();
14:55:12.1 (1062929)|USER_INFO|[EXTERNAL]|0051r000007nKPL|assh4884@cunning-goat-277018.com|Greenwich Mean Time|GMT+01:00
14:55:12.1 (1080126)|EXECUTION_STARTED
14:55:12.1 (1083879)|CODE_UNIT_STARTED|[EXTERNAL]|execute_anonymous_apex
14:55:12.1 (1274093)|HEAP_ALLOCATE|[72]|Bytes:3
14:55:12.1 (1315417)|HEAP_ALLOCATE|[77]|Bytes:152
14:55:12.1 (1329890)|HEAP_ALLOCATE|[342]|Bytes:408
14:55:12.1 (1343106)|HEAP_ALLOCATE|[355]|Bytes:408
14:55:12.1 (1359254)|HEAP_ALLOCATE|[467]|Bytes:48
14:55:12.1 (1393229)|HEAP_ALLOCATE|[139]|Bytes:6
14:55:12.1 (1411297)|HEAP_ALLOCATE|[EXTERNAL]|Bytes:1
14:55:12.1 (1494389)|STATEMENT_EXECUTE|[1]
14:55:12.1 (1497123)|STATEMENT_EXECUTE|[1]
14:55:12.1 (1550736)|HEAP_ALLOCATE|[50]|Bytes:5
14:55:12.1 (1574765)|HEAP_ALLOCATE|[56]|Bytes:5
14:55:12.1 (1581986)|HEAP_ALLOCATE|[64]|Bytes:7
14:55:12.1 (1611494)|SYSTEM_MODE_ENTER|false
14:55:12.1 (1631051)|HEAP_ALLOCATE|[1]|Bytes:5
14:55:12.1 (22379837)|HEAP_ALLOCATE|[1]|Bytes:4
14:55:12.1 (22396540)|HEAP_ALLOCATE|[1]|Bytes:2
14:55:12.1 (22414370)|METHOD_ENTRY|[1]|01p1r000007pMQE|DaysPartController.DaysPartController()
14:55:12.1 (22421121)|STATEMENT_EXECUTE|[1]
14:55:12.1 (22426084)|STATEMENT_EXECUTE|[1]
14:55:12.1 (22438698)|HEAP_ALLOCATE|[1]|Bytes:5
14:55:12.1 (22448723)|METHOD_EXIT|[1]|DaysPartController
14:55:12.1 (22477254)|METHOD_ENTRY|[1]|01p1r000007pMQE|DaysPartController.getDaysPart()
14:55:12.1 (22564949)|HEAP_ALLOCATE|[5]|Bytes:5
14:55:12.1 (22571058)|STATEMENT_EXECUTE|[4]
14:55:12.1 (22572879)|STATEMENT_EXECUTE|[5]
14:55:12.1 (23680227)|HEAP_ALLOCATE|[5]|Bytes:16
14:55:12.1 (23700940)|VARIABLE_SCOPE_BEGIN|[5]|daysPart|Map<String,Days_part__c>|true|false
14:55:12.1 (23793702)|VARIABLE_ASSIGNMENT|[5]|daysPart|{"Morning":{"LastModifiedDate":"2018-03-27T12:50:19.000Z","IsDeleted":false,"SetupOwnerId":"00D1r000000sW7MEAU","Name":"Morning","SystemModstamp":"2018-03-27T12:50:19.000Z","End__c":12.0,"Separation__c":15.0,"CreatedById":"0051r000007nKPLAA2","Start__c":7.0,"CreatedDate":"2018-03-27T12:50:19.000Z","Id":"a051r00000nYll2AAC","LastModifiedById":"0051r000007nKPLAA2"},"Afternoon":{"LastModifiedDate":"2018-03-27T12:50:47.000Z","IsDeleted":false,"SetupOwnerId":"00D1r000000sW7MEAU","Name":"Afternoon","SystemModstamp":"2018-03-27T12:50:47.000Z","End__c":17.0,"Separation__c":30.0,"CreatedById":"0051r000007nKPLAA2","Start__c":12.0,"CreatedDate":"2018-03-27T12:50:47.000Z","Id":"a051r00000nYll7AAC","LastModifiedById":"0051r000007nKPLAA2"},"Night":{"LastModifiedDate":"2018-03-27T13:06:14.000Z","IsDeleted":false,"SetupOwnerId":"00D1r000000sW7MEAU","Name":"Night","SystemModstamp":"2018-03-27T13:06:14.000Z","End__c":23.0,"Separation__c":20.0,"CreatedById":"0051r000007nKPLAA2","Start__c":17.0,"CreatedDate":"2018-03-27T12:51:09.000Z","Id":"a051r00000nYllCAAS","LastModifiedById":"0051r000007nKPLAA2"}}|0x643c3164
14:55:12.1 (23817693)|STATEMENT_EXECUTE|[6]
14:55:12.1 (23833145)|METHOD_ENTRY|[6]|01p1r000007pMQE|DaysPartController.getTimeCellsBySeparator(Map<String,Days_part__c>)
14:55:12.1 (23856697)|VARIABLE_SCOPE_BEGIN|[10]|daysPart|Map<String,Days_part__c>|true|false
14:55:12.1 (23898523)|VARIABLE_ASSIGNMENT|[10]|daysPart|{"Morning":{"LastModifiedDate":"2018-03-27T12:50:19.000Z","IsDeleted":false,"SetupOwnerId":"00D1r000000sW7MEAU","Name":"Morning","SystemModstamp":"2018-03-27T12:50:19.000Z","End__c":12.0,"Separation__c":15.0,"CreatedById":"0051r000007nKPLAA2","Start__c":7.0,"CreatedDate":"2018-03-27T12:50:19.000Z","Id":"a051r00000nYll2AAC","LastModifiedById":"0051r000007nKPLAA2"},"Afternoon":{"LastModifiedDate":"2018-03-27T12:50:47.000Z","IsDeleted":false,"SetupOwnerId":"00D1r000000sW7MEAU","Name":"Afternoon","SystemModstamp":"2018-03-27T12:50:47.000Z","End__c":17.0,"Separation__c":30.0,"CreatedById":"0051r000007nKPLAA2","Start__c":12.0,"CreatedDate":"2018-03-27T12:50:47.000Z","Id":"a051r00000nYll7AAC","LastModifiedById":"0051r000007nKPLAA2"},"Night":{"LastModifiedDate":"2018-03-27T13:06:14.000Z","IsDeleted":false,"SetupOwnerId":"00D1r000000sW7MEAU","Name":"Night","SystemModstamp":"2018-03-27T13:06:14.000Z","End__c":23.0,"Separation__c":20.0,"CreatedById":"0051r000007nKPLAA2","Start__c":17.0,"CreatedDate":"2018-03-27T12:51:09.000Z","Id":"a051r00000nYllCAAS","LastModifiedById":"0051r000007nKPLAA2"}}|0x643c3164
14:55:12.1 (23931187)|HEAP_ALLOCATE|[11]|Bytes:5
14:55:12.1 (23936156)|STATEMENT_EXECUTE|[10]
14:55:12.1 (23937706)|STATEMENT_EXECUTE|[11]
14:55:12.1 (24295608)|USER_DEBUG|[11]|DEBUG|{Afternoon=Days_part__c:{LastModifiedDate=2018-03-27 12:50:47, IsDeleted=false, SetupOwnerId=00D1r000000sW7MEAU, Name=Afternoon, SystemModstamp=2018-03-27 12:50:47, End__c=17.0, Separation__c=30.0, CreatedById=0051r000007nKPLAA2, Start__c=12.0, CreatedDate=2018-03-27 12:50:47, Id=a051r00000nYll7AAC, LastModifiedById=0051r000007nKPLAA2}, Morning=Days_part__c:{LastModifiedDate=2018-03-27 12:50:19, IsDeleted=false, SetupOwnerId=00D1r000000sW7MEAU, Name=Morning, SystemModstamp=2018-03-27 12:50:19, End__c=12.0, Separation__c=15.0, CreatedById=0051r000007nKPLAA2, Start__c=7.0, CreatedDate=2018-03-27 12:50:19, Id=a051r00000nYll2AAC, LastModifiedById=0051r000007nKPLAA2}, Night=Days_part__c:{LastModifiedDate=2018-03-27 13:06:14, IsDeleted=false, SetupOwnerId=00D1r000000sW7MEAU, Name=Night, SystemModstamp=2018-03-27 13:06:14, End__c=23.0, Separation__c=20.0, CreatedById=0051r000007nKPLAA2, Start__c=17.0, CreatedDate=2018-03-27 12:51:09, Id=a051r00000nYllCAAS, LastModifiedById=0051r000007nKPLAA2}}
14:55:12.1 (24321600)|STATEMENT_EXECUTE|[15]
14:55:12.1 (24338293)|HEAP_ALLOCATE|[15]|Bytes:4
14:55:12.1 (24352120)|VARIABLE_SCOPE_BEGIN|[15]|t|Map<Integer,List<String>>|true|false
14:55:12.1 (24367141)|VARIABLE_ASSIGNMENT|[15]|t|{}|0x1a722df2
14:55:12.1 (24372767)|STATEMENT_EXECUTE|[16]
14:55:12.1 (24385523)|METHOD_EXIT|[6]|01p1r000007pMQE|DaysPartController.getTimeCellsBySeparator(Map<String,Days_part__c>)
14:55:12.1 (24391623)|STATEMENT_EXECUTE|[7]
14:55:12.1 (24395702)|METHOD_EXIT|[1]|01p1r000007pMQE|DaysPartController.getDaysPart()
14:55:12.1 (24401875)|SYSTEM_MODE_EXIT|false
14:55:12.24 (24432617)|CUMULATIVE_LIMIT_USAGE
14:55:12.24 (24432617)|LIMIT_USAGE_FOR_NS|(default)|
  Number of SOQL queries: 0 out of 100
  Number of query rows: 0 out of 50000
  Number of SOSL queries: 0 out of 20
  Number of DML statements: 0 out of 150
  Number of DML rows: 0 out of 10000
  Maximum CPU time: 0 out of 10000
  Maximum heap size: 0 out of 6000000
  Number of callouts: 0 out of 100
  Number of Email Invocations: 0 out of 10
  Number of future calls: 0 out of 50
  Number of queueable jobs added to the queue: 0 out of 50
  Number of Mobile Apex push calls: 0 out of 10

14:55:12.24 (24432617)|CUMULATIVE_LIMIT_USAGE_END

14:55:12.1 (24464866)|CODE_UNIT_FINISHED|execute_anonymous_apex
14:55:12.1 (25734250)|EXECUTION_FINISHED
