42.0 APEX_CODE,FINEST;APEX_PROFILING,INFO;CALLOUT,INFO;DB,INFO;SYSTEM,DEBUG;VALIDATION,INFO;VISUALFORCE,INFO;WAVE,INFO;WORKFLOW,INFO
16:07:05.0 (377115)|USER_INFO|[EXTERNAL]|0051r000007nKPL|assh4884@cunning-goat-277018.com|Greenwich Mean Time|GMT+01:00
16:07:05.0 (408695)|EXECUTION_STARTED
16:07:05.0 (423391)|CODE_UNIT_STARTED|[EXTERNAL]|Aura
16:07:05.0 (2015814)|CODE_UNIT_STARTED|[EXTERNAL]|01p1r000007pMQE|DaysPartController.getDaysPart
16:07:05.0 (2267044)|HEAP_ALLOCATE|[72]|Bytes:3
16:07:05.0 (2311672)|HEAP_ALLOCATE|[77]|Bytes:152
16:07:05.0 (2342669)|HEAP_ALLOCATE|[342]|Bytes:408
16:07:05.0 (2362494)|HEAP_ALLOCATE|[355]|Bytes:408
16:07:05.0 (2373735)|HEAP_ALLOCATE|[467]|Bytes:48
16:07:05.0 (2402581)|HEAP_ALLOCATE|[139]|Bytes:6
16:07:05.0 (2419368)|HEAP_ALLOCATE|[EXTERNAL]|Bytes:4
16:07:05.0 (2424960)|HEAP_ALLOCATE|[EXTERNAL]|Bytes:2
16:07:05.0 (2444441)|METHOD_ENTRY|[1]|01p1r000007pMQE|DaysPartController.DaysPartController()
16:07:05.0 (2457969)|STATEMENT_EXECUTE|[1]
16:07:05.0 (2465743)|STATEMENT_EXECUTE|[1]
16:07:05.0 (2506470)|HEAP_ALLOCATE|[50]|Bytes:5
16:07:05.0 (2532414)|HEAP_ALLOCATE|[56]|Bytes:5
16:07:05.0 (2539186)|HEAP_ALLOCATE|[64]|Bytes:7
16:07:05.0 (2562079)|SYSTEM_MODE_ENTER|false
16:07:05.0 (2575919)|HEAP_ALLOCATE|[EXTERNAL]|Bytes:5
16:07:05.0 (2584168)|SYSTEM_MODE_EXIT|false
16:07:05.0 (2593487)|METHOD_EXIT|[1]|DaysPartController
16:07:05.0 (2618631)|SYSTEM_MODE_ENTER|false
16:07:05.0 (2640179)|HEAP_ALLOCATE|[5]|Bytes:5
16:07:05.0 (2647331)|STATEMENT_EXECUTE|[4]
16:07:05.0 (2649355)|STATEMENT_EXECUTE|[5]
16:07:05.0 (3401791)|HEAP_ALLOCATE|[5]|Bytes:16
16:07:05.0 (3424346)|VARIABLE_SCOPE_BEGIN|[5]|daysPart|Map<String,Days_part__c>|true|false
16:07:05.0 (3522404)|VARIABLE_ASSIGNMENT|[5]|daysPart|{"Morning":{"LastModifiedDate":"2018-03-27T12:50:19.000Z","IsDeleted":false,"SetupOwnerId":"00D1r000000sW7MEAU","Name":"Morning","SystemModstamp":"2018-03-27T12:50:19.000Z","End__c":12.0,"Separation__c":15.0,"CreatedById":"0051r000007nKPLAA2","Start__c":7.0,"CreatedDate":"2018-03-27T12:50:19.000Z","Id":"a051r00000nYll2AAC","LastModifiedById":"0051r000007nKPLAA2"},"Afternoon":{"LastModifiedDate":"2018-03-27T12:50:47.000Z","IsDeleted":false,"SetupOwnerId":"00D1r000000sW7MEAU","Name":"Afternoon","SystemModstamp":"2018-03-27T12:50:47.000Z","End__c":17.0,"Separation__c":30.0,"CreatedById":"0051r000007nKPLAA2","Start__c":12.0,"CreatedDate":"2018-03-27T12:50:47.000Z","Id":"a051r00000nYll7AAC","LastModifiedById":"0051r000007nKPLAA2"},"Night":{"LastModifiedDate":"2018-03-27T13:06:14.000Z","IsDeleted":false,"SetupOwnerId":"00D1r000000sW7MEAU","Name":"Night","SystemModstamp":"2018-03-27T13:06:14.000Z","End__c":23.0,"Separation__c":20.0,"CreatedById":"0051r000007nKPLAA2","Start__c":17.0,"CreatedDate":"2018-03-27T12:51:09.000Z","Id":"a051r00000nYllCAAS","LastModifiedById":"0051r000007nKPLAA2"}}|0x77501ce3
16:07:05.0 (3547243)|STATEMENT_EXECUTE|[6]
16:07:05.0 (3564079)|METHOD_ENTRY|[6]|01p1r000007pMQE|DaysPartController.getTimeCellsBySeparator(Map<String,Days_part__c>)
16:07:05.0 (3595375)|VARIABLE_SCOPE_BEGIN|[13]|daysPart|Map<String,Days_part__c>|true|false
16:07:05.0 (3636012)|VARIABLE_ASSIGNMENT|[13]|daysPart|{"Morning":{"LastModifiedDate":"2018-03-27T12:50:19.000Z","IsDeleted":false,"SetupOwnerId":"00D1r000000sW7MEAU","Name":"Morning","SystemModstamp":"2018-03-27T12:50:19.000Z","End__c":12.0,"Separation__c":15.0,"CreatedById":"0051r000007nKPLAA2","Start__c":7.0,"CreatedDate":"2018-03-27T12:50:19.000Z","Id":"a051r00000nYll2AAC","LastModifiedById":"0051r000007nKPLAA2"},"Afternoon":{"LastModifiedDate":"2018-03-27T12:50:47.000Z","IsDeleted":false,"SetupOwnerId":"00D1r000000sW7MEAU","Name":"Afternoon","SystemModstamp":"2018-03-27T12:50:47.000Z","End__c":17.0,"Separation__c":30.0,"CreatedById":"0051r000007nKPLAA2","Start__c":12.0,"CreatedDate":"2018-03-27T12:50:47.000Z","Id":"a051r00000nYll7AAC","LastModifiedById":"0051r000007nKPLAA2"},"Night":{"LastModifiedDate":"2018-03-27T13:06:14.000Z","IsDeleted":false,"SetupOwnerId":"00D1r000000sW7MEAU","Name":"Night","SystemModstamp":"2018-03-27T13:06:14.000Z","End__c":23.0,"Separation__c":20.0,"CreatedById":"0051r000007nKPLAA2","Start__c":17.0,"CreatedDate":"2018-03-27T12:51:09.000Z","Id":"a051r00000nYllCAAS","LastModifiedById":"0051r000007nKPLAA2"}}|0x77501ce3
16:07:05.0 (3668716)|HEAP_ALLOCATE|[15]|Bytes:5
16:07:05.0 (3673669)|STATEMENT_EXECUTE|[13]
16:07:05.0 (3675171)|STATEMENT_EXECUTE|[15]
16:07:05.0 (3700803)|HEAP_ALLOCATE|[15]|Bytes:4
16:07:05.0 (3720111)|VARIABLE_SCOPE_BEGIN|[15]|partAndTime|Map<String,Map<String,List<String>>>|true|false
16:07:05.0 (3732790)|VARIABLE_ASSIGNMENT|[15]|partAndTime|{}|0x1fafc3b6
16:07:05.0 (3779102)|HEAP_ALLOCATE|[17]|Bytes:4
16:07:05.0 (3868516)|HEAP_ALLOCATE|[17]|Bytes:37
16:07:05.0 (3891972)|HEAP_ALLOCATE|[17]|Bytes:12
16:07:05.0 (3939064)|HEAP_ALLOCATE|[17]|Bytes:5
16:07:05.0 (3986724)|VARIABLE_SCOPE_BEGIN|[17]|name|String|false|false
16:07:05.0 (3998693)|VARIABLE_ASSIGNMENT|[17]|name|"Morning"
16:07:05.0 (4003440)|STATEMENT_EXECUTE|[17]
16:07:05.0 (4005730)|STATEMENT_EXECUTE|[19]
16:07:05.0 (4130112)|VARIABLE_SCOPE_BEGIN|[19]|Start|Integer|false|false
16:07:05.0 (4140009)|HEAP_ALLOCATE|[19]|Bytes:4
16:07:05.0 (4148383)|VARIABLE_ASSIGNMENT|[19]|Start|7
16:07:05.0 (4152677)|STATEMENT_EXECUTE|[20]
16:07:05.0 (4186371)|USER_DEBUG|[20]|DEBUG|7
16:07:05.0 (4202443)|HEAP_ALLOCATE|[17]|Bytes:5
16:07:05.0 (4212636)|VARIABLE_SCOPE_BEGIN|[17]|name|String|false|false
16:07:05.0 (4221583)|VARIABLE_ASSIGNMENT|[17]|name|"Afternoon"
16:07:05.0 (4225927)|STATEMENT_EXECUTE|[17]
16:07:05.0 (4227322)|STATEMENT_EXECUTE|[19]
16:07:05.0 (4262859)|VARIABLE_SCOPE_BEGIN|[19]|Start|Integer|false|false
16:07:05.0 (4269785)|HEAP_ALLOCATE|[19]|Bytes:4
16:07:05.0 (4276031)|VARIABLE_ASSIGNMENT|[19]|Start|12
16:07:05.0 (4279578)|STATEMENT_EXECUTE|[20]
16:07:05.0 (4285647)|USER_DEBUG|[20]|DEBUG|12
16:07:05.0 (4297330)|HEAP_ALLOCATE|[17]|Bytes:5
16:07:05.0 (4305213)|VARIABLE_SCOPE_BEGIN|[17]|name|String|false|false
16:07:05.0 (4313229)|VARIABLE_ASSIGNMENT|[17]|name|"Night"
16:07:05.0 (4316810)|STATEMENT_EXECUTE|[17]
16:07:05.0 (4318003)|STATEMENT_EXECUTE|[19]
16:07:05.0 (4367752)|VARIABLE_SCOPE_BEGIN|[19]|Start|Integer|false|false
16:07:05.0 (4379819)|HEAP_ALLOCATE|[19]|Bytes:4
16:07:05.0 (4388374)|VARIABLE_ASSIGNMENT|[19]|Start|17
16:07:05.0 (4394287)|STATEMENT_EXECUTE|[20]
16:07:05.0 (4403455)|USER_DEBUG|[20]|DEBUG|17
16:07:05.0 (4423014)|HEAP_ALLOCATE|[17]|Bytes:5
16:07:05.0 (4437927)|VARIABLE_ASSIGNMENT|[17]|name|null
16:07:05.0 (4458215)|METHOD_EXIT|[6]|01p1r000007pMQE|DaysPartController.getTimeCellsBySeparator(Map<String,Days_part__c>)
16:07:05.0 (4467467)|STATEMENT_EXECUTE|[10]
16:07:05.0 (4476455)|SYSTEM_MODE_EXIT|false
16:07:05.4 (4516892)|CUMULATIVE_LIMIT_USAGE
16:07:05.4 (4516892)|LIMIT_USAGE_FOR_NS|(default)|
  Number of SOQL queries: 0 out of 100
  Number of query rows: 0 out of 50000
  Number of SOSL queries: 0 out of 20
  Number of DML statements: 0 out of 150
  Number of DML rows: 0 out of 10000
  Maximum CPU time: 0 out of 10000
  Maximum heap size: 0 out of 6000000
  Number of callouts: 0 out of 100
  Number of Email Invocations: 0 out of 10
  Number of future calls: 0 out of 50
  Number of queueable jobs added to the queue: 0 out of 50
  Number of Mobile Apex push calls: 0 out of 10

16:07:05.4 (4516892)|CUMULATIVE_LIMIT_USAGE_END

16:07:05.0 (4556491)|CODE_UNIT_FINISHED|DaysPartController.getDaysPart
16:07:05.0 (4750277)|CODE_UNIT_FINISHED|Aura
16:07:05.0 (5761499)|EXECUTION_FINISHED
