42.0 APEX_CODE,FINEST;APEX_PROFILING,INFO;CALLOUT,INFO;DB,INFO;SYSTEM,DEBUG;VALIDATION,INFO;VISUALFORCE,INFO;WAVE,INFO;WORKFLOW,INFO
Execute Anonymous: CustomTest.getCustData();
13:27:47.1 (1202466)|USER_INFO|[EXTERNAL]|0051r000007nKPL|assh4884@cunning-goat-277018.com|Greenwich Mean Time|GMT+01:00
13:27:47.1 (1232487)|EXECUTION_STARTED
13:27:47.1 (1237090)|CODE_UNIT_STARTED|[EXTERNAL]|execute_anonymous_apex
13:27:47.1 (1483016)|HEAP_ALLOCATE|[72]|Bytes:3
13:27:47.1 (1552087)|HEAP_ALLOCATE|[77]|Bytes:152
13:27:47.1 (1573415)|HEAP_ALLOCATE|[342]|Bytes:408
13:27:47.1 (1595291)|HEAP_ALLOCATE|[355]|Bytes:408
13:27:47.1 (1615582)|HEAP_ALLOCATE|[467]|Bytes:48
13:27:47.1 (1654276)|HEAP_ALLOCATE|[139]|Bytes:6
13:27:47.1 (1683748)|HEAP_ALLOCATE|[EXTERNAL]|Bytes:1
13:27:47.1 (1806806)|STATEMENT_EXECUTE|[1]
13:27:47.1 (1810623)|STATEMENT_EXECUTE|[1]
13:27:47.1 (1876665)|HEAP_ALLOCATE|[50]|Bytes:5
13:27:47.1 (1908904)|HEAP_ALLOCATE|[56]|Bytes:5
13:27:47.1 (1923020)|HEAP_ALLOCATE|[64]|Bytes:7
13:27:47.1 (1958420)|SYSTEM_MODE_ENTER|false
13:27:47.1 (1978895)|HEAP_ALLOCATE|[1]|Bytes:5
13:27:47.1 (20853757)|HEAP_ALLOCATE|[1]|Bytes:1
13:27:47.1 (20881555)|HEAP_ALLOCATE|[1]|Bytes:20
13:27:47.1 (20910207)|METHOD_ENTRY|[1]|01p1r000007pAtp|CustomTest.CustomTest()
13:27:47.1 (20922569)|STATEMENT_EXECUTE|[1]
13:27:47.1 (20931747)|STATEMENT_EXECUTE|[1]
13:27:47.1 (20954090)|HEAP_ALLOCATE|[1]|Bytes:5
13:27:47.1 (20972929)|METHOD_EXIT|[1]|CustomTest
13:27:47.1 (21011050)|METHOD_ENTRY|[1]|01p1r000007pAtp|CustomTest.getCustData()
13:27:47.1 (21083163)|HEAP_ALLOCATE|[4]|Bytes:5
13:27:47.1 (21092936)|STATEMENT_EXECUTE|[3]
13:27:47.1 (21096173)|STATEMENT_EXECUTE|[4]
13:27:47.1 (22011457)|HEAP_ALLOCATE|[4]|Bytes:12
13:27:47.1 (22180376)|HEAP_ALLOCATE|[EXTERNAL]|Bytes:12
13:27:47.1 (22214225)|HEAP_ALLOCATE|[4]|Bytes:577
13:27:47.1 (22238429)|VARIABLE_SCOPE_BEGIN|[4]|t|List<test2__c>|true|false
13:27:47.1 (22351691)|VARIABLE_ASSIGNMENT|[4]|t|[{"LastModifiedDate":"2018-03-27T10:04:50.000Z","IsDeleted":false,"one2__c":"1111","two2__c":"2222","three2__c":"3333","SetupOwnerId":"00D1r000000sW7MEAU","Name":"Dima","SystemModstamp":"2018-03-27T10:04:50.000Z","CreatedById":"0051r000007nKPLAA2","CreatedDate":"2018-03-27T10:04:50.000Z","Id":"a041r00000YuGNPAA3","LastModifiedById":"0051r000007nKPLAA2"},{"LastModifiedDate":"2018-03-27T10:01:25.000Z","IsDeleted":false,"one2__c":"data_one","two2__c":"data_two","three2__c":"data_three","SetupOwnerId":"00D1r000000sW7MEAU","Name":"testing","SystemModstamp":"2018-03-27T10:01:25.000Z","CreatedById":"0051r000007nKPLAA2","CreatedDate":"2018-03-27T10:01:25.000Z","Id":"a041r00000YuGL9AAN","LastModifiedById":"0051r000007nKPLAA2"}]|0x3e8e35d7
13:27:47.1 (22383145)|STATEMENT_EXECUTE|[5]
13:27:47.1 (22389908)|HEAP_ALLOCATE|[5]|Bytes:5
13:27:47.1 (22433659)|USER_DEBUG|[5]|DEBUG|fffff
13:27:47.1 (22448025)|STATEMENT_EXECUTE|[6]
13:27:47.1 (22685152)|USER_DEBUG|[6]|DEBUG|(test2__c:{LastModifiedDate=2018-03-27 10:04:50, IsDeleted=false, one2__c=1111, two2__c=2222, three2__c=3333, SetupOwnerId=00D1r000000sW7MEAU, Name=Dima, SystemModstamp=2018-03-27 10:04:50, CreatedById=0051r000007nKPLAA2, CreatedDate=2018-03-27 10:04:50, Id=a041r00000YuGNPAA3, LastModifiedById=0051r000007nKPLAA2}, test2__c:{LastModifiedDate=2018-03-27 10:01:25, IsDeleted=false, one2__c=data_one, two2__c=data_two, three2__c=data_three, SetupOwnerId=00D1r000000sW7MEAU, Name=testing, SystemModstamp=2018-03-27 10:01:25, CreatedById=0051r000007nKPLAA2, CreatedDate=2018-03-27 10:01:25, Id=a041r00000YuGL9AAN, LastModifiedById=0051r000007nKPLAA2})
13:27:47.1 (22714833)|STATEMENT_EXECUTE|[8]
13:27:47.1 (22792209)|HEAP_ALLOCATE|[8]|Bytes:12
13:27:47.1 (22810117)|VARIABLE_SCOPE_BEGIN|[8]|t2|Map<String,test2__c>|true|false
13:27:47.1 (22878684)|VARIABLE_ASSIGNMENT|[8]|t2|{"Dima":{"LastModifiedDate":"2018-03-27T10:04:50.000Z","IsDeleted":false,"one2__c":"1111","two2__c":"2222","three2__c":"3333","SetupOwnerId":"00D1r000000sW7MEAU","Name":"Dima","SystemModstamp":"2018-03-27T10:04:50.000Z","CreatedById":"0051r000007nKPLAA2","CreatedDate":"2018-03-27T10:04:50.000Z","Id":"a041r00000YuGNPAA3","LastModifiedById":"0051r000007nKPLAA2"},"testing":{"LastModifiedDate":"2018-03-27T10:01:25.000Z","IsDeleted":false,"one2__c":"data_one","two2__c":"data_two","three2__c":"data_three","SetupOwnerId":"00D1r000000sW7MEAU","Name":"testing","SystemModstamp":"2018-03-27T10:01:25.000Z","CreatedById":"0051r000007nKPLAA2","CreatedDate":"2018-03-27T10:01:25.000Z","Id":"a041r00000YuGL9AAN","LastModifiedById":"0051r000007nKPLAA2"}}|0x66077203
13:27:47.1 (22904920)|STATEMENT_EXECUTE|[9]
13:27:47.1 (22910814)|HEAP_ALLOCATE|[9]|Bytes:4
13:27:47.1 (22965907)|USER_DEBUG|[9]|DEBUG|gggg
13:27:47.1 (22980320)|STATEMENT_EXECUTE|[10]
13:27:47.1 (23144772)|USER_DEBUG|[10]|DEBUG|{Dima=test2__c:{LastModifiedDate=2018-03-27 10:04:50, IsDeleted=false, one2__c=1111, two2__c=2222, three2__c=3333, SetupOwnerId=00D1r000000sW7MEAU, Name=Dima, SystemModstamp=2018-03-27 10:04:50, CreatedById=0051r000007nKPLAA2, CreatedDate=2018-03-27 10:04:50, Id=a041r00000YuGNPAA3, LastModifiedById=0051r000007nKPLAA2}, testing=test2__c:{LastModifiedDate=2018-03-27 10:01:25, IsDeleted=false, one2__c=data_one, two2__c=data_two, three2__c=data_three, SetupOwnerId=00D1r000000sW7MEAU, Name=testing, SystemModstamp=2018-03-27 10:01:25, CreatedById=0051r000007nKPLAA2, CreatedDate=2018-03-27 10:01:25, Id=a041r00000YuGL9AAN, LastModifiedById=0051r000007nKPLAA2}}
13:27:47.1 (23173697)|STATEMENT_EXECUTE|[11]
13:27:47.1 (23179948)|HEAP_ALLOCATE|[11]|Bytes:4
13:27:47.1 (23650310)|HEAP_ALLOCATE|[11]|Bytes:52
13:27:47.1 (23676343)|VARIABLE_SCOPE_BEGIN|[11]|obj|test2__c|true|false
13:27:47.1 (23728015)|VARIABLE_ASSIGNMENT|[11]|obj|{"LastModifiedDate":"2018-03-27T10:04:50.000Z","IsDeleted":false,"one2__c":"1111","two2__c":"2222","three2__c":"3333","SetupOwnerId":"00D1r000000sW7MEAU","Name":"Dima","SystemModstamp":"2018-03-27T10:04:50.000Z","CreatedById":"0051r000007nKPLAA2","CreatedDate":"2018-03-27T10:04:50.000Z","Id":"a041r00000YuGNPAA3","LastModifiedById":"0051r000007nKPLAA2"}|0x177fd311
13:27:47.1 (23750401)|STATEMENT_EXECUTE|[12]
13:27:47.1 (23877045)|USER_DEBUG|[12]|DEBUG|test2__c:{LastModifiedDate=2018-03-27 10:04:50, IsDeleted=false, one2__c=1111, two2__c=2222, three2__c=3333, SetupOwnerId=00D1r000000sW7MEAU, Name=Dima, SystemModstamp=2018-03-27 10:04:50, CreatedById=0051r000007nKPLAA2, CreatedDate=2018-03-27 10:04:50, Id=a041r00000YuGNPAA3, LastModifiedById=0051r000007nKPLAA2}
13:27:47.1 (23899462)|STATEMENT_EXECUTE|[13]
13:27:47.1 (23936523)|USER_DEBUG|[13]|DEBUG|Dima
13:27:47.1 (23956631)|STATEMENT_EXECUTE|[14]
13:27:47.1 (23985018)|USER_DEBUG|[14]|DEBUG|1111
13:27:47.1 (23996092)|STATEMENT_EXECUTE|[15]
13:27:47.1 (24001554)|HEAP_ALLOCATE|[15]|Bytes:7
13:27:47.1 (24111211)|USER_DEBUG|[15]|DEBUG|test2__c:{LastModifiedDate=2018-03-27 10:01:25, IsDeleted=false, one2__c=data_one, two2__c=data_two, three2__c=data_three, SetupOwnerId=00D1r000000sW7MEAU, Name=testing, SystemModstamp=2018-03-27 10:01:25, CreatedById=0051r000007nKPLAA2, CreatedDate=2018-03-27 10:01:25, Id=a041r00000YuGL9AAN, LastModifiedById=0051r000007nKPLAA2}
13:27:47.1 (24138844)|METHOD_EXIT|[1]|01p1r000007pAtp|CustomTest.getCustData()
13:27:47.1 (24149034)|SYSTEM_MODE_EXIT|false
13:27:47.24 (24190213)|CUMULATIVE_LIMIT_USAGE
13:27:47.24 (24190213)|LIMIT_USAGE_FOR_NS|(default)|
  Number of SOQL queries: 0 out of 100
  Number of query rows: 0 out of 50000
  Number of SOSL queries: 0 out of 20
  Number of DML statements: 0 out of 150
  Number of DML rows: 0 out of 10000
  Maximum CPU time: 0 out of 10000
  Maximum heap size: 0 out of 6000000
  Number of callouts: 0 out of 100
  Number of Email Invocations: 0 out of 10
  Number of future calls: 0 out of 50
  Number of queueable jobs added to the queue: 0 out of 50
  Number of Mobile Apex push calls: 0 out of 10

13:27:47.24 (24190213)|CUMULATIVE_LIMIT_USAGE_END

13:27:47.1 (24235898)|CODE_UNIT_FINISHED|execute_anonymous_apex
13:27:47.1 (25786527)|EXECUTION_FINISHED
