42.0 APEX_CODE,FINEST;APEX_PROFILING,INFO;CALLOUT,INFO;DB,INFO;SYSTEM,DEBUG;VALIDATION,INFO;VISUALFORCE,INFO;WAVE,INFO;WORKFLOW,INFO
Execute Anonymous: DaysPartController.getDaysPart();
14:45:11.1 (1194879)|USER_INFO|[EXTERNAL]|0051r000007nKPL|assh4884@cunning-goat-277018.com|Greenwich Mean Time|GMT+01:00
14:45:11.1 (1222960)|EXECUTION_STARTED
14:45:11.1 (1227448)|CODE_UNIT_STARTED|[EXTERNAL]|execute_anonymous_apex
14:45:11.1 (1428999)|HEAP_ALLOCATE|[72]|Bytes:3
14:45:11.1 (1472806)|HEAP_ALLOCATE|[77]|Bytes:152
14:45:11.1 (1494122)|HEAP_ALLOCATE|[342]|Bytes:408
14:45:11.1 (1507978)|HEAP_ALLOCATE|[355]|Bytes:408
14:45:11.1 (1518567)|HEAP_ALLOCATE|[467]|Bytes:48
14:45:11.1 (1546097)|HEAP_ALLOCATE|[139]|Bytes:6
14:45:11.1 (1564883)|HEAP_ALLOCATE|[EXTERNAL]|Bytes:1
14:45:11.1 (1660797)|STATEMENT_EXECUTE|[1]
14:45:11.1 (1665225)|STATEMENT_EXECUTE|[1]
14:45:11.1 (1724963)|HEAP_ALLOCATE|[50]|Bytes:5
14:45:11.1 (1755612)|HEAP_ALLOCATE|[56]|Bytes:5
14:45:11.1 (1764542)|HEAP_ALLOCATE|[64]|Bytes:7
14:45:11.1 (1804379)|SYSTEM_MODE_ENTER|false
14:45:11.1 (1825597)|HEAP_ALLOCATE|[1]|Bytes:5
14:45:11.1 (22707006)|HEAP_ALLOCATE|[1]|Bytes:4
14:45:11.1 (22729407)|HEAP_ALLOCATE|[1]|Bytes:2
14:45:11.1 (22752530)|METHOD_ENTRY|[1]|01p1r000007pMQE|DaysPartController.DaysPartController()
14:45:11.1 (22760024)|STATEMENT_EXECUTE|[1]
14:45:11.1 (22767484)|STATEMENT_EXECUTE|[1]
14:45:11.1 (22786156)|HEAP_ALLOCATE|[1]|Bytes:5
14:45:11.1 (22799954)|METHOD_EXIT|[1]|DaysPartController
14:45:11.1 (22829102)|METHOD_ENTRY|[1]|01p1r000007pMQE|DaysPartController.getDaysPart()
14:45:11.1 (22943020)|HEAP_ALLOCATE|[5]|Bytes:5
14:45:11.1 (22950394)|STATEMENT_EXECUTE|[4]
14:45:11.1 (22952367)|STATEMENT_EXECUTE|[5]
14:45:11.1 (24188987)|HEAP_ALLOCATE|[5]|Bytes:16
14:45:11.1 (24214310)|VARIABLE_SCOPE_BEGIN|[5]|daysPart|Map<String,Days_part__c>|true|false
14:45:11.1 (24309369)|VARIABLE_ASSIGNMENT|[5]|daysPart|{"Morning":{"LastModifiedDate":"2018-03-27T12:50:19.000Z","IsDeleted":false,"SetupOwnerId":"00D1r000000sW7MEAU","Name":"Morning","SystemModstamp":"2018-03-27T12:50:19.000Z","End__c":12.0,"Separation__c":15.0,"CreatedById":"0051r000007nKPLAA2","Start__c":7.0,"CreatedDate":"2018-03-27T12:50:19.000Z","Id":"a051r00000nYll2AAC","LastModifiedById":"0051r000007nKPLAA2"},"Afternoon":{"LastModifiedDate":"2018-03-27T12:50:47.000Z","IsDeleted":false,"SetupOwnerId":"00D1r000000sW7MEAU","Name":"Afternoon","SystemModstamp":"2018-03-27T12:50:47.000Z","End__c":17.0,"Separation__c":30.0,"CreatedById":"0051r000007nKPLAA2","Start__c":12.0,"CreatedDate":"2018-03-27T12:50:47.000Z","Id":"a051r00000nYll7AAC","LastModifiedById":"0051r000007nKPLAA2"},"Night":{"LastModifiedDate":"2018-03-27T13:06:14.000Z","IsDeleted":false,"SetupOwnerId":"00D1r000000sW7MEAU","Name":"Night","SystemModstamp":"2018-03-27T13:06:14.000Z","End__c":23.0,"Separation__c":20.0,"CreatedById":"0051r000007nKPLAA2","Start__c":17.0,"CreatedDate":"2018-03-27T12:51:09.000Z","Id":"a051r00000nYllCAAS","LastModifiedById":"0051r000007nKPLAA2"}}|0x4f540daa
14:45:11.1 (24335424)|STATEMENT_EXECUTE|[6]
14:45:11.1 (24347615)|METHOD_ENTRY|[6]|01p1r000007pMQE|DaysPartController.test()
14:45:11.1 (24397045)|HEAP_ALLOCATE|[11]|Bytes:5
14:45:11.1 (24404834)|STATEMENT_EXECUTE|[10]
14:45:11.1 (24406959)|STATEMENT_EXECUTE|[11]
14:45:11.1 (24411528)|HEAP_ALLOCATE|[11]|Bytes:4
14:45:11.1 (24457354)|USER_DEBUG|[11]|DEBUG|test
14:45:11.1 (24473697)|METHOD_EXIT|[6]|01p1r000007pMQE|DaysPartController.test()
14:45:11.1 (24485069)|STATEMENT_EXECUTE|[7]
14:45:11.1 (24490396)|METHOD_EXIT|[1]|01p1r000007pMQE|DaysPartController.getDaysPart()
14:45:11.1 (24500863)|SYSTEM_MODE_EXIT|false
14:45:11.24 (24541078)|CUMULATIVE_LIMIT_USAGE
14:45:11.24 (24541078)|LIMIT_USAGE_FOR_NS|(default)|
  Number of SOQL queries: 0 out of 100
  Number of query rows: 0 out of 50000
  Number of SOSL queries: 0 out of 20
  Number of DML statements: 0 out of 150
  Number of DML rows: 0 out of 10000
  Maximum CPU time: 0 out of 10000
  Maximum heap size: 0 out of 6000000
  Number of callouts: 0 out of 100
  Number of Email Invocations: 0 out of 10
  Number of future calls: 0 out of 50
  Number of queueable jobs added to the queue: 0 out of 50
  Number of Mobile Apex push calls: 0 out of 10

14:45:11.24 (24541078)|CUMULATIVE_LIMIT_USAGE_END

14:45:11.1 (24575952)|CODE_UNIT_FINISHED|execute_anonymous_apex
14:45:11.1 (25826040)|EXECUTION_FINISHED
