42.0 APEX_CODE,FINEST;APEX_PROFILING,INFO;CALLOUT,INFO;DB,INFO;SYSTEM,DEBUG;VALIDATION,INFO;VISUALFORCE,INFO;WAVE,INFO;WORKFLOW,INFO
Execute Anonymous: CustomTest.getCustData();
13:28:44.1 (1063371)|USER_INFO|[EXTERNAL]|0051r000007nKPL|assh4884@cunning-goat-277018.com|Greenwich Mean Time|GMT+01:00
13:28:44.1 (1093703)|EXECUTION_STARTED
13:28:44.1 (1097446)|CODE_UNIT_STARTED|[EXTERNAL]|execute_anonymous_apex
13:28:44.1 (1279930)|HEAP_ALLOCATE|[72]|Bytes:3
13:28:44.1 (1315830)|HEAP_ALLOCATE|[77]|Bytes:152
13:28:44.1 (1330561)|HEAP_ALLOCATE|[342]|Bytes:408
13:28:44.1 (1343245)|HEAP_ALLOCATE|[355]|Bytes:408
13:28:44.1 (1354205)|HEAP_ALLOCATE|[467]|Bytes:48
13:28:44.1 (1377942)|HEAP_ALLOCATE|[139]|Bytes:6
13:28:44.1 (1395129)|HEAP_ALLOCATE|[EXTERNAL]|Bytes:1
13:28:44.1 (1470411)|STATEMENT_EXECUTE|[1]
13:28:44.1 (1472872)|STATEMENT_EXECUTE|[1]
13:28:44.1 (1517902)|HEAP_ALLOCATE|[50]|Bytes:5
13:28:44.1 (1538351)|HEAP_ALLOCATE|[56]|Bytes:5
13:28:44.1 (1545933)|HEAP_ALLOCATE|[64]|Bytes:7
13:28:44.1 (1566972)|SYSTEM_MODE_ENTER|false
13:28:44.1 (1583439)|HEAP_ALLOCATE|[1]|Bytes:5
13:28:44.1 (20805564)|HEAP_ALLOCATE|[1]|Bytes:1
13:28:44.1 (20830052)|HEAP_ALLOCATE|[1]|Bytes:20
13:28:44.1 (20856839)|METHOD_ENTRY|[1]|01p1r000007pAtp|CustomTest.CustomTest()
13:28:44.1 (20866897)|STATEMENT_EXECUTE|[1]
13:28:44.1 (20874840)|STATEMENT_EXECUTE|[1]
13:28:44.1 (20897290)|HEAP_ALLOCATE|[1]|Bytes:5
13:28:44.1 (20915561)|METHOD_EXIT|[1]|CustomTest
13:28:44.1 (20956472)|METHOD_ENTRY|[1]|01p1r000007pAtp|CustomTest.getCustData()
13:28:44.1 (21021002)|HEAP_ALLOCATE|[4]|Bytes:5
13:28:44.1 (21029499)|STATEMENT_EXECUTE|[3]
13:28:44.1 (21033313)|STATEMENT_EXECUTE|[4]
13:28:44.1 (21877271)|HEAP_ALLOCATE|[4]|Bytes:12
13:28:44.1 (21996841)|HEAP_ALLOCATE|[EXTERNAL]|Bytes:12
13:28:44.1 (22034373)|HEAP_ALLOCATE|[4]|Bytes:577
13:28:44.1 (22056783)|VARIABLE_SCOPE_BEGIN|[4]|t|List<test2__c>|true|false
13:28:44.1 (22161174)|VARIABLE_ASSIGNMENT|[4]|t|[{"LastModifiedDate":"2018-03-27T10:04:50.000Z","IsDeleted":false,"one2__c":"1111","two2__c":"2222","three2__c":"3333","SetupOwnerId":"00D1r000000sW7MEAU","Name":"Dima","SystemModstamp":"2018-03-27T10:04:50.000Z","CreatedById":"0051r000007nKPLAA2","CreatedDate":"2018-03-27T10:04:50.000Z","Id":"a041r00000YuGNPAA3","LastModifiedById":"0051r000007nKPLAA2"},{"LastModifiedDate":"2018-03-27T10:01:25.000Z","IsDeleted":false,"one2__c":"data_one","two2__c":"data_two","three2__c":"data_three","SetupOwnerId":"00D1r000000sW7MEAU","Name":"testing","SystemModstamp":"2018-03-27T10:01:25.000Z","CreatedById":"0051r000007nKPLAA2","CreatedDate":"2018-03-27T10:01:25.000Z","Id":"a041r00000YuGL9AAN","LastModifiedById":"0051r000007nKPLAA2"}]|0x7fa5ed86
13:28:44.1 (22189556)|STATEMENT_EXECUTE|[5]
13:28:44.1 (22195356)|HEAP_ALLOCATE|[5]|Bytes:5
13:28:44.1 (22242415)|USER_DEBUG|[5]|DEBUG|fffff
13:28:44.1 (22255712)|STATEMENT_EXECUTE|[6]
13:28:44.1 (22470719)|USER_DEBUG|[6]|DEBUG|(test2__c:{LastModifiedDate=2018-03-27 10:04:50, IsDeleted=false, one2__c=1111, two2__c=2222, three2__c=3333, SetupOwnerId=00D1r000000sW7MEAU, Name=Dima, SystemModstamp=2018-03-27 10:04:50, CreatedById=0051r000007nKPLAA2, CreatedDate=2018-03-27 10:04:50, Id=a041r00000YuGNPAA3, LastModifiedById=0051r000007nKPLAA2}, test2__c:{LastModifiedDate=2018-03-27 10:01:25, IsDeleted=false, one2__c=data_one, two2__c=data_two, three2__c=data_three, SetupOwnerId=00D1r000000sW7MEAU, Name=testing, SystemModstamp=2018-03-27 10:01:25, CreatedById=0051r000007nKPLAA2, CreatedDate=2018-03-27 10:01:25, Id=a041r00000YuGL9AAN, LastModifiedById=0051r000007nKPLAA2})
13:28:44.1 (22498750)|STATEMENT_EXECUTE|[8]
13:28:44.1 (22565152)|HEAP_ALLOCATE|[8]|Bytes:12
13:28:44.1 (22580572)|VARIABLE_SCOPE_BEGIN|[8]|t2|Map<String,test2__c>|true|false
13:28:44.1 (22643174)|VARIABLE_ASSIGNMENT|[8]|t2|{"Dima":{"LastModifiedDate":"2018-03-27T10:04:50.000Z","IsDeleted":false,"one2__c":"1111","two2__c":"2222","three2__c":"3333","SetupOwnerId":"00D1r000000sW7MEAU","Name":"Dima","SystemModstamp":"2018-03-27T10:04:50.000Z","CreatedById":"0051r000007nKPLAA2","CreatedDate":"2018-03-27T10:04:50.000Z","Id":"a041r00000YuGNPAA3","LastModifiedById":"0051r000007nKPLAA2"},"testing":{"LastModifiedDate":"2018-03-27T10:01:25.000Z","IsDeleted":false,"one2__c":"data_one","two2__c":"data_two","three2__c":"data_three","SetupOwnerId":"00D1r000000sW7MEAU","Name":"testing","SystemModstamp":"2018-03-27T10:01:25.000Z","CreatedById":"0051r000007nKPLAA2","CreatedDate":"2018-03-27T10:01:25.000Z","Id":"a041r00000YuGL9AAN","LastModifiedById":"0051r000007nKPLAA2"}}|0x53dfa602
13:28:44.1 (22667617)|STATEMENT_EXECUTE|[9]
13:28:44.1 (22672227)|HEAP_ALLOCATE|[9]|Bytes:4
13:28:44.1 (22695757)|USER_DEBUG|[9]|DEBUG|gggg
13:28:44.1 (22706400)|STATEMENT_EXECUTE|[10]
13:28:44.1 (22845389)|USER_DEBUG|[10]|DEBUG|{Dima=test2__c:{LastModifiedDate=2018-03-27 10:04:50, IsDeleted=false, one2__c=1111, two2__c=2222, three2__c=3333, SetupOwnerId=00D1r000000sW7MEAU, Name=Dima, SystemModstamp=2018-03-27 10:04:50, CreatedById=0051r000007nKPLAA2, CreatedDate=2018-03-27 10:04:50, Id=a041r00000YuGNPAA3, LastModifiedById=0051r000007nKPLAA2}, testing=test2__c:{LastModifiedDate=2018-03-27 10:01:25, IsDeleted=false, one2__c=data_one, two2__c=data_two, three2__c=data_three, SetupOwnerId=00D1r000000sW7MEAU, Name=testing, SystemModstamp=2018-03-27 10:01:25, CreatedById=0051r000007nKPLAA2, CreatedDate=2018-03-27 10:01:25, Id=a041r00000YuGL9AAN, LastModifiedById=0051r000007nKPLAA2}}
13:28:44.1 (22872431)|STATEMENT_EXECUTE|[11]
13:28:44.1 (22877035)|HEAP_ALLOCATE|[11]|Bytes:4
13:28:44.1 (23422627)|HEAP_ALLOCATE|[11]|Bytes:52
13:28:44.1 (23444635)|VARIABLE_SCOPE_BEGIN|[11]|obj|test2__c|true|false
13:28:44.1 (23490652)|VARIABLE_ASSIGNMENT|[11]|obj|{"LastModifiedDate":"2018-03-27T10:04:50.000Z","IsDeleted":false,"one2__c":"1111","two2__c":"2222","three2__c":"3333","SetupOwnerId":"00D1r000000sW7MEAU","Name":"Dima","SystemModstamp":"2018-03-27T10:04:50.000Z","CreatedById":"0051r000007nKPLAA2","CreatedDate":"2018-03-27T10:04:50.000Z","Id":"a041r00000YuGNPAA3","LastModifiedById":"0051r000007nKPLAA2"}|0x315afb45
13:28:44.1 (23507795)|STATEMENT_EXECUTE|[12]
13:28:44.1 (23665130)|USER_DEBUG|[12]|DEBUG|test2__c:{LastModifiedDate=2018-03-27 10:04:50, IsDeleted=false, one2__c=1111, two2__c=2222, three2__c=3333, SetupOwnerId=00D1r000000sW7MEAU, Name=Dima, SystemModstamp=2018-03-27 10:04:50, CreatedById=0051r000007nKPLAA2, CreatedDate=2018-03-27 10:04:50, Id=a041r00000YuGNPAA3, LastModifiedById=0051r000007nKPLAA2}
13:28:44.1 (23725082)|STATEMENT_EXECUTE|[13]
13:28:44.1 (23770981)|USER_DEBUG|[13]|DEBUG|Dima
13:28:44.1 (23780886)|STATEMENT_EXECUTE|[14]
13:28:44.1 (23801071)|USER_DEBUG|[14]|DEBUG|1111
13:28:44.1 (23807342)|STATEMENT_EXECUTE|[15]
13:28:44.1 (23896444)|USER_DEBUG|[15]|DEBUG|test2__c:{LastModifiedDate=2018-03-27 10:04:50, IsDeleted=false, one2__c=1111, two2__c=2222, three2__c=3333, SetupOwnerId=00D1r000000sW7MEAU, Name=Dima, SystemModstamp=2018-03-27 10:04:50, CreatedById=0051r000007nKPLAA2, CreatedDate=2018-03-27 10:04:50, Id=a041r00000YuGNPAA3, LastModifiedById=0051r000007nKPLAA2}
13:28:44.1 (23914296)|METHOD_EXIT|[1]|01p1r000007pAtp|CustomTest.getCustData()
13:28:44.1 (23924401)|SYSTEM_MODE_EXIT|false
13:28:44.23 (23965835)|CUMULATIVE_LIMIT_USAGE
13:28:44.23 (23965835)|LIMIT_USAGE_FOR_NS|(default)|
  Number of SOQL queries: 0 out of 100
  Number of query rows: 0 out of 50000
  Number of SOSL queries: 0 out of 20
  Number of DML statements: 0 out of 150
  Number of DML rows: 0 out of 10000
  Maximum CPU time: 0 out of 10000
  Maximum heap size: 0 out of 6000000
  Number of callouts: 0 out of 100
  Number of Email Invocations: 0 out of 10
  Number of future calls: 0 out of 50
  Number of queueable jobs added to the queue: 0 out of 50
  Number of Mobile Apex push calls: 0 out of 10

13:28:44.23 (23965835)|CUMULATIVE_LIMIT_USAGE_END

13:28:44.1 (24005807)|CODE_UNIT_FINISHED|execute_anonymous_apex
13:28:44.1 (25339469)|EXECUTION_FINISHED
