42.0 APEX_CODE,FINEST;APEX_PROFILING,INFO;CALLOUT,INFO;DB,INFO;SYSTEM,DEBUG;VALIDATION,INFO;VISUALFORCE,INFO;WAVE,INFO;WORKFLOW,INFO
Execute Anonymous: DaysPartController.getDaysPart();
16:31:51.1 (1226574)|USER_INFO|[EXTERNAL]|0051r000007nKPL|assh4884@cunning-goat-277018.com|Greenwich Mean Time|GMT+01:00
16:31:51.1 (1253032)|EXECUTION_STARTED
16:31:51.1 (1258312)|CODE_UNIT_STARTED|[EXTERNAL]|execute_anonymous_apex
16:31:51.1 (1521535)|HEAP_ALLOCATE|[72]|Bytes:3
16:31:51.1 (1577263)|HEAP_ALLOCATE|[77]|Bytes:152
16:31:51.1 (1600855)|HEAP_ALLOCATE|[342]|Bytes:408
16:31:51.1 (1622035)|HEAP_ALLOCATE|[355]|Bytes:408
16:31:51.1 (1642090)|HEAP_ALLOCATE|[467]|Bytes:48
16:31:51.1 (1678308)|HEAP_ALLOCATE|[139]|Bytes:6
16:31:51.1 (1703183)|HEAP_ALLOCATE|[EXTERNAL]|Bytes:1
16:31:51.1 (1804199)|STATEMENT_EXECUTE|[1]
16:31:51.1 (1807733)|STATEMENT_EXECUTE|[1]
16:31:51.1 (1872193)|HEAP_ALLOCATE|[50]|Bytes:5
16:31:51.1 (1903896)|HEAP_ALLOCATE|[56]|Bytes:5
16:31:51.1 (1914703)|HEAP_ALLOCATE|[64]|Bytes:7
16:31:51.1 (1945923)|SYSTEM_MODE_ENTER|false
16:31:51.1 (1967942)|HEAP_ALLOCATE|[1]|Bytes:5
16:31:51.1 (23093415)|HEAP_ALLOCATE|[1]|Bytes:4
16:31:51.1 (23119150)|HEAP_ALLOCATE|[1]|Bytes:2
16:31:51.1 (23148371)|METHOD_ENTRY|[1]|01p1r000007pMQE|DaysPartController.DaysPartController()
16:31:51.1 (23159560)|STATEMENT_EXECUTE|[1]
16:31:51.1 (23167483)|STATEMENT_EXECUTE|[1]
16:31:51.1 (23191879)|HEAP_ALLOCATE|[1]|Bytes:5
16:31:51.1 (23213799)|METHOD_EXIT|[1]|DaysPartController
16:31:51.1 (23257357)|METHOD_ENTRY|[1]|01p1r000007pMQE|DaysPartController.getDaysPart()
16:31:51.1 (23397527)|HEAP_ALLOCATE|[5]|Bytes:5
16:31:51.1 (23405523)|STATEMENT_EXECUTE|[4]
16:31:51.1 (23408413)|STATEMENT_EXECUTE|[5]
16:31:51.1 (24365183)|HEAP_ALLOCATE|[5]|Bytes:16
16:31:51.1 (24411256)|VARIABLE_SCOPE_BEGIN|[5]|daysPart|Map<String,Days_part__c>|true|false
16:31:51.1 (24536085)|VARIABLE_ASSIGNMENT|[5]|daysPart|{"Morning":{"LastModifiedDate":"2018-03-27T12:50:19.000Z","IsDeleted":false,"SetupOwnerId":"00D1r000000sW7MEAU","Name":"Morning","SystemModstamp":"2018-03-27T12:50:19.000Z","End__c":12.0,"Separation__c":15.0,"CreatedById":"0051r000007nKPLAA2","Start__c":7.0,"CreatedDate":"2018-03-27T12:50:19.000Z","Id":"a051r00000nYll2AAC","LastModifiedById":"0051r000007nKPLAA2"},"Afternoon":{"LastModifiedDate":"2018-03-27T12:50:47.000Z","IsDeleted":false,"SetupOwnerId":"00D1r000000sW7MEAU","Name":"Afternoon","SystemModstamp":"2018-03-27T12:50:47.000Z","End__c":17.0,"Separation__c":30.0,"CreatedById":"0051r000007nKPLAA2","Start__c":12.0,"CreatedDate":"2018-03-27T12:50:47.000Z","Id":"a051r00000nYll7AAC","LastModifiedById":"0051r000007nKPLAA2"},"Night":{"LastModifiedDate":"2018-03-27T13:06:14.000Z","IsDeleted":false,"SetupOwnerId":"00D1r000000sW7MEAU","Name":"Night","SystemModstamp":"2018-03-27T13:06:14.000Z","End__c":23.0,"Separation__c":20.0,"CreatedById":"0051r000007nKPLAA2","Start__c":17.0,"CreatedDate":"2018-03-27T12:51:09.000Z","Id":"a051r00000nYllCAAS","LastModifiedById":"0051r000007nKPLAA2"}}|0x3edea488
16:31:51.1 (24571597)|STATEMENT_EXECUTE|[6]
16:31:51.1 (24589981)|METHOD_ENTRY|[6]|01p1r000007pMQE|DaysPartController.getTimeCellsBySeparator(Map<String,Days_part__c>)
16:31:51.1 (24631128)|VARIABLE_SCOPE_BEGIN|[13]|daysPart|Map<String,Days_part__c>|true|false
16:31:51.1 (24698434)|VARIABLE_ASSIGNMENT|[13]|daysPart|{"Morning":{"LastModifiedDate":"2018-03-27T12:50:19.000Z","IsDeleted":false,"SetupOwnerId":"00D1r000000sW7MEAU","Name":"Morning","SystemModstamp":"2018-03-27T12:50:19.000Z","End__c":12.0,"Separation__c":15.0,"CreatedById":"0051r000007nKPLAA2","Start__c":7.0,"CreatedDate":"2018-03-27T12:50:19.000Z","Id":"a051r00000nYll2AAC","LastModifiedById":"0051r000007nKPLAA2"},"Afternoon":{"LastModifiedDate":"2018-03-27T12:50:47.000Z","IsDeleted":false,"SetupOwnerId":"00D1r000000sW7MEAU","Name":"Afternoon","SystemModstamp":"2018-03-27T12:50:47.000Z","End__c":17.0,"Separation__c":30.0,"CreatedById":"0051r000007nKPLAA2","Start__c":12.0,"CreatedDate":"2018-03-27T12:50:47.000Z","Id":"a051r00000nYll7AAC","LastModifiedById":"0051r000007nKPLAA2"},"Night":{"LastModifiedDate":"2018-03-27T13:06:14.000Z","IsDeleted":false,"SetupOwnerId":"00D1r000000sW7MEAU","Name":"Night","SystemModstamp":"2018-03-27T13:06:14.000Z","End__c":23.0,"Separation__c":20.0,"CreatedById":"0051r000007nKPLAA2","Start__c":17.0,"CreatedDate":"2018-03-27T12:51:09.000Z","Id":"a051r00000nYllCAAS","LastModifiedById":"0051r000007nKPLAA2"}}|0x3edea488
16:31:51.1 (24744432)|HEAP_ALLOCATE|[15]|Bytes:5
16:31:51.1 (24750775)|STATEMENT_EXECUTE|[13]
16:31:51.1 (24753047)|STATEMENT_EXECUTE|[15]
16:31:51.1 (24820968)|HEAP_ALLOCATE|[15]|Bytes:4
16:31:51.1 (24870228)|VARIABLE_SCOPE_BEGIN|[15]|partAndTime|Map<String,Map<Integer,List<String>>>|true|false
16:31:51.1 (24889357)|VARIABLE_ASSIGNMENT|[15]|partAndTime|{}|0x37d42bc
16:31:51.1 (24938926)|HEAP_ALLOCATE|[17]|Bytes:4
16:31:51.1 (25041360)|HEAP_ALLOCATE|[17]|Bytes:37
16:31:51.1 (25070792)|HEAP_ALLOCATE|[17]|Bytes:12
16:31:51.1 (25125986)|HEAP_ALLOCATE|[17]|Bytes:5
16:31:51.1 (25148367)|VARIABLE_SCOPE_BEGIN|[17]|name|String|false|false
16:31:51.1 (25162601)|VARIABLE_ASSIGNMENT|[17]|name|"Morning"
16:31:51.1 (25169118)|STATEMENT_EXECUTE|[17]
16:31:51.1 (25171266)|STATEMENT_EXECUTE|[19]
16:31:51.1 (25308354)|VARIABLE_SCOPE_BEGIN|[19]|startPoint|Integer|false|false
16:31:51.1 (25320406)|HEAP_ALLOCATE|[19]|Bytes:4
16:31:51.1 (25331142)|VARIABLE_ASSIGNMENT|[19]|startPoint|7
16:31:51.1 (25337384)|STATEMENT_EXECUTE|[20]
16:31:51.1 (25401820)|VARIABLE_SCOPE_BEGIN|[20]|endPoint|Integer|false|false
16:31:51.1 (25412401)|HEAP_ALLOCATE|[20]|Bytes:4
16:31:51.1 (25420345)|VARIABLE_ASSIGNMENT|[20]|endPoint|12
16:31:51.1 (25425664)|STATEMENT_EXECUTE|[21]
16:31:51.1 (25481269)|VARIABLE_SCOPE_BEGIN|[21]|separation|Integer|false|false
16:31:51.1 (25492464)|HEAP_ALLOCATE|[21]|Bytes:4
16:31:51.1 (25499624)|VARIABLE_ASSIGNMENT|[21]|separation|15
16:31:51.1 (25505427)|STATEMENT_EXECUTE|[24]
16:31:51.1 (25521579)|HEAP_ALLOCATE|[24]|Bytes:4
16:31:51.1 (25533454)|VARIABLE_SCOPE_BEGIN|[24]|hoursAndMinutes|Map<Integer,List<String>>|true|false
16:31:51.1 (25550248)|VARIABLE_ASSIGNMENT|[24]|hoursAndMinutes|{}|0x527a674
16:31:51.1 (25558718)|STATEMENT_EXECUTE|[25]
16:31:51.1 (25561537)|VARIABLE_SCOPE_BEGIN|[25]|i|Integer|false|false
16:31:51.1 (25570374)|HEAP_ALLOCATE|[25]|Bytes:4
16:31:51.1 (25576210)|VARIABLE_ASSIGNMENT|[25]|i|7
16:31:51.1 (25584434)|STATEMENT_EXECUTE|[25]
16:31:51.1 (25586245)|STATEMENT_EXECUTE|[26]
16:31:51.1 (25594007)|HEAP_ALLOCATE|[26]|Bytes:4
16:31:51.1 (25613601)|VARIABLE_SCOPE_BEGIN|[26]|minutes|List<String>|true|false
16:31:51.1 (25644390)|HEAP_ALLOCATE|[EXTERNAL]|Bytes:4
16:31:51.1 (25659441)|VARIABLE_ASSIGNMENT|[26]|minutes|[]|0x6c267cce
16:31:51.1 (25667722)|STATEMENT_EXECUTE|[27]
16:31:51.1 (25672553)|VARIABLE_SCOPE_BEGIN|[27]|k|Integer|false|false
16:31:51.1 (25682232)|HEAP_ALLOCATE|[27]|Bytes:4
16:31:51.1 (25689560)|VARIABLE_ASSIGNMENT|[27]|k|0
16:31:51.1 (25696803)|STATEMENT_EXECUTE|[27]
16:31:51.1 (25699836)|STATEMENT_EXECUTE|[28]
16:31:51.1 (25701675)|STATEMENT_EXECUTE|[29]
16:31:51.1 (25705983)|HEAP_ALLOCATE|[29]|Bytes:2
16:31:51.1 (25741635)|HEAP_ALLOCATE|[EXTERNAL]|Bytes:4
16:31:51.1 (25752102)|STATEMENT_EXECUTE|[33]
16:31:51.1 (25755992)|HEAP_ALLOCATE|[33]|Bytes:4
16:31:51.1 (25763527)|VARIABLE_ASSIGNMENT|[33]|k|15
16:31:51.1 (25770429)|HEAP_ALLOCATE|[27]|Bytes:4
16:31:51.1 (25776144)|VARIABLE_ASSIGNMENT|[27]|k|16
16:31:51.1 (25781813)|STATEMENT_EXECUTE|[27]
16:31:51.1 (25784220)|STATEMENT_EXECUTE|[30]
16:31:51.1 (25785924)|STATEMENT_EXECUTE|[31]
16:31:51.1 (25823307)|HEAP_ALLOCATE|[31]|Bytes:2
16:31:51.1 (25841309)|HEAP_ALLOCATE|[EXTERNAL]|Bytes:4
16:31:51.1 (25848354)|STATEMENT_EXECUTE|[33]
16:31:51.1 (25851593)|HEAP_ALLOCATE|[33]|Bytes:4
16:31:51.1 (25858324)|VARIABLE_ASSIGNMENT|[33]|k|31
16:31:51.1 (25863188)|HEAP_ALLOCATE|[27]|Bytes:4
16:31:51.1 (25868677)|VARIABLE_ASSIGNMENT|[27]|k|32
16:31:51.1 (25875102)|STATEMENT_EXECUTE|[27]
16:31:51.1 (25877751)|STATEMENT_EXECUTE|[30]
16:31:51.1 (25879740)|STATEMENT_EXECUTE|[31]
16:31:51.1 (25890404)|HEAP_ALLOCATE|[31]|Bytes:2
16:31:51.1 (25904496)|HEAP_ALLOCATE|[EXTERNAL]|Bytes:4
16:31:51.1 (25911255)|STATEMENT_EXECUTE|[33]
16:31:51.1 (25914179)|HEAP_ALLOCATE|[33]|Bytes:4
16:31:51.1 (25920791)|VARIABLE_ASSIGNMENT|[33]|k|47
16:31:51.1 (25926135)|HEAP_ALLOCATE|[27]|Bytes:4
16:31:51.1 (25931919)|VARIABLE_ASSIGNMENT|[27]|k|48
16:31:51.1 (25937632)|STATEMENT_EXECUTE|[27]
16:31:51.1 (25939818)|STATEMENT_EXECUTE|[30]
16:31:51.1 (25941455)|STATEMENT_EXECUTE|[31]
16:31:51.1 (25951933)|HEAP_ALLOCATE|[31]|Bytes:2
16:31:51.1 (25965788)|HEAP_ALLOCATE|[EXTERNAL]|Bytes:4
16:31:51.1 (25971072)|STATEMENT_EXECUTE|[33]
16:31:51.1 (25973188)|HEAP_ALLOCATE|[33]|Bytes:4
16:31:51.1 (25977965)|VARIABLE_ASSIGNMENT|[33]|k|63
16:31:51.1 (25982212)|HEAP_ALLOCATE|[27]|Bytes:4
16:31:51.1 (25985755)|VARIABLE_ASSIGNMENT|[27]|k|64
16:31:51.1 (25990642)|STATEMENT_EXECUTE|[35]
16:31:51.1 (26014283)|HEAP_ALLOCATE|[35]|Bytes:4
16:31:51.1 (26023580)|HEAP_ALLOCATE|[EXTERNAL]|Bytes:-4
16:31:51.1 (26030261)|HEAP_ALLOCATE|[25]|Bytes:4
16:31:51.1 (26035591)|VARIABLE_ASSIGNMENT|[25]|i|8
16:31:51.1 (26040723)|STATEMENT_EXECUTE|[25]
16:31:51.1 (26042100)|STATEMENT_EXECUTE|[26]
16:31:51.1 (26048700)|HEAP_ALLOCATE|[26]|Bytes:4
16:31:51.1 (26057958)|VARIABLE_SCOPE_BEGIN|[26]|minutes|List<String>|true|false
16:31:51.1 (26075322)|HEAP_ALLOCATE|[EXTERNAL]|Bytes:4
16:31:51.1 (26082179)|VARIABLE_ASSIGNMENT|[26]|minutes|[]|0x4226dfd3
16:31:51.1 (26087319)|STATEMENT_EXECUTE|[27]
16:31:51.1 (26090016)|VARIABLE_SCOPE_BEGIN|[27]|k|Integer|false|false
16:31:51.1 (26096187)|HEAP_ALLOCATE|[27]|Bytes:4
16:31:51.1 (26100161)|VARIABLE_ASSIGNMENT|[27]|k|0
16:31:51.1 (26104264)|STATEMENT_EXECUTE|[27]
16:31:51.1 (26105913)|STATEMENT_EXECUTE|[28]
16:31:51.1 (26107107)|STATEMENT_EXECUTE|[29]
16:31:51.1 (26112877)|HEAP_ALLOCATE|[EXTERNAL]|Bytes:4
16:31:51.1 (26118019)|STATEMENT_EXECUTE|[33]
16:31:51.1 (26119979)|HEAP_ALLOCATE|[33]|Bytes:4
16:31:51.1 (26124227)|VARIABLE_ASSIGNMENT|[33]|k|15
16:31:51.1 (26127254)|HEAP_ALLOCATE|[27]|Bytes:4
16:31:51.1 (26130758)|VARIABLE_ASSIGNMENT|[27]|k|16
16:31:51.1 (26134503)|STATEMENT_EXECUTE|[27]
16:31:51.1 (26136019)|STATEMENT_EXECUTE|[30]
16:31:51.1 (26137223)|STATEMENT_EXECUTE|[31]
16:31:51.1 (26145616)|HEAP_ALLOCATE|[31]|Bytes:2
16:31:51.1 (26154921)|HEAP_ALLOCATE|[EXTERNAL]|Bytes:4
16:31:51.1 (26159422)|STATEMENT_EXECUTE|[33]
16:31:51.1 (26161407)|HEAP_ALLOCATE|[33]|Bytes:4
16:31:51.1 (26165932)|VARIABLE_ASSIGNMENT|[33]|k|31
16:31:51.1 (26169178)|HEAP_ALLOCATE|[27]|Bytes:4
16:31:51.1 (26173194)|VARIABLE_ASSIGNMENT|[27]|k|32
16:31:51.1 (26177211)|STATEMENT_EXECUTE|[27]
16:31:51.1 (26178732)|STATEMENT_EXECUTE|[30]
16:31:51.1 (26179973)|STATEMENT_EXECUTE|[31]
16:31:51.1 (26186064)|HEAP_ALLOCATE|[31]|Bytes:2
16:31:51.1 (26194976)|HEAP_ALLOCATE|[EXTERNAL]|Bytes:4
16:31:51.1 (26199185)|STATEMENT_EXECUTE|[33]
16:31:51.1 (26201119)|HEAP_ALLOCATE|[33]|Bytes:4
16:31:51.1 (26205460)|VARIABLE_ASSIGNMENT|[33]|k|47
16:31:51.1 (26208973)|HEAP_ALLOCATE|[27]|Bytes:4
16:31:51.1 (26212964)|VARIABLE_ASSIGNMENT|[27]|k|48
16:31:51.1 (26217055)|STATEMENT_EXECUTE|[27]
16:31:51.1 (26218569)|STATEMENT_EXECUTE|[30]
16:31:51.1 (26219772)|STATEMENT_EXECUTE|[31]
16:31:51.1 (26225801)|HEAP_ALLOCATE|[31]|Bytes:2
16:31:51.1 (26234546)|HEAP_ALLOCATE|[EXTERNAL]|Bytes:4
16:31:51.1 (26238717)|STATEMENT_EXECUTE|[33]
16:31:51.1 (26240553)|HEAP_ALLOCATE|[33]|Bytes:4
16:31:51.1 (26244732)|VARIABLE_ASSIGNMENT|[33]|k|63
16:31:51.1 (26248185)|HEAP_ALLOCATE|[27]|Bytes:4
16:31:51.1 (26251663)|VARIABLE_ASSIGNMENT|[27]|k|64
16:31:51.1 (26255319)|STATEMENT_EXECUTE|[35]
16:31:51.1 (26259477)|HEAP_ALLOCATE|[35]|Bytes:4
16:31:51.1 (26263473)|HEAP_ALLOCATE|[EXTERNAL]|Bytes:-4
16:31:51.1 (26268401)|HEAP_ALLOCATE|[25]|Bytes:4
16:31:51.1 (26272564)|VARIABLE_ASSIGNMENT|[25]|i|9
16:31:51.1 (26276690)|STATEMENT_EXECUTE|[25]
16:31:51.1 (26277947)|STATEMENT_EXECUTE|[26]
16:31:51.1 (26283083)|HEAP_ALLOCATE|[26]|Bytes:4
16:31:51.1 (26290703)|VARIABLE_SCOPE_BEGIN|[26]|minutes|List<String>|true|false
16:31:51.1 (26303613)|HEAP_ALLOCATE|[EXTERNAL]|Bytes:4
16:31:51.1 (26309098)|VARIABLE_ASSIGNMENT|[26]|minutes|[]|0x7a8ac5e5
16:31:51.1 (26314236)|STATEMENT_EXECUTE|[27]
16:31:51.1 (26316390)|VARIABLE_SCOPE_BEGIN|[27]|k|Integer|false|false
16:31:51.1 (26322059)|HEAP_ALLOCATE|[27]|Bytes:4
16:31:51.1 (26325847)|VARIABLE_ASSIGNMENT|[27]|k|0
16:31:51.1 (26329603)|STATEMENT_EXECUTE|[27]
16:31:51.1 (26331143)|STATEMENT_EXECUTE|[28]
16:31:51.1 (26332326)|STATEMENT_EXECUTE|[29]
16:31:51.1 (26337142)|HEAP_ALLOCATE|[EXTERNAL]|Bytes:4
16:31:51.1 (26342033)|STATEMENT_EXECUTE|[33]
16:31:51.1 (26344068)|HEAP_ALLOCATE|[33]|Bytes:4
16:31:51.1 (26348321)|VARIABLE_ASSIGNMENT|[33]|k|15
16:31:51.1 (26351633)|HEAP_ALLOCATE|[27]|Bytes:4
16:31:51.1 (26355692)|VARIABLE_ASSIGNMENT|[27]|k|16
16:31:51.1 (26359486)|STATEMENT_EXECUTE|[27]
16:31:51.1 (26360955)|STATEMENT_EXECUTE|[30]
16:31:51.1 (26362212)|STATEMENT_EXECUTE|[31]
16:31:51.1 (26369894)|HEAP_ALLOCATE|[31]|Bytes:2
16:31:51.1 (26378866)|HEAP_ALLOCATE|[EXTERNAL]|Bytes:4
16:31:51.1 (26383450)|STATEMENT_EXECUTE|[33]
16:31:51.1 (26385691)|HEAP_ALLOCATE|[33]|Bytes:4
16:31:51.1 (26389648)|VARIABLE_ASSIGNMENT|[33]|k|31
16:31:51.1 (26393008)|HEAP_ALLOCATE|[27]|Bytes:4
16:31:51.1 (26396929)|VARIABLE_ASSIGNMENT|[27]|k|32
16:31:51.1 (26400685)|STATEMENT_EXECUTE|[27]
16:31:51.1 (26402228)|STATEMENT_EXECUTE|[30]
16:31:51.1 (26403414)|STATEMENT_EXECUTE|[31]
16:31:51.1 (26409495)|HEAP_ALLOCATE|[31]|Bytes:2
16:31:51.1 (26418002)|HEAP_ALLOCATE|[EXTERNAL]|Bytes:4
16:31:51.1 (26422109)|STATEMENT_EXECUTE|[33]
16:31:51.1 (26423980)|HEAP_ALLOCATE|[33]|Bytes:4
16:31:51.1 (26428156)|VARIABLE_ASSIGNMENT|[33]|k|47
16:31:51.1 (26431300)|HEAP_ALLOCATE|[27]|Bytes:4
16:31:51.1 (26435131)|VARIABLE_ASSIGNMENT|[27]|k|48
16:31:51.1 (26438860)|STATEMENT_EXECUTE|[27]
16:31:51.1 (26440398)|STATEMENT_EXECUTE|[30]
16:31:51.1 (26441588)|STATEMENT_EXECUTE|[31]
16:31:51.1 (26448432)|HEAP_ALLOCATE|[31]|Bytes:2
16:31:51.1 (26456779)|HEAP_ALLOCATE|[EXTERNAL]|Bytes:4
16:31:51.1 (26461224)|STATEMENT_EXECUTE|[33]
16:31:51.1 (26463399)|HEAP_ALLOCATE|[33]|Bytes:4
16:31:51.1 (26467672)|VARIABLE_ASSIGNMENT|[33]|k|63
16:31:51.1 (26470949)|HEAP_ALLOCATE|[27]|Bytes:4
16:31:51.1 (26474565)|VARIABLE_ASSIGNMENT|[27]|k|64
16:31:51.1 (26478181)|STATEMENT_EXECUTE|[35]
16:31:51.1 (26482147)|HEAP_ALLOCATE|[35]|Bytes:4
16:31:51.1 (26485979)|HEAP_ALLOCATE|[EXTERNAL]|Bytes:-4
16:31:51.1 (26490410)|HEAP_ALLOCATE|[25]|Bytes:4
16:31:51.1 (26494883)|VARIABLE_ASSIGNMENT|[25]|i|10
16:31:51.1 (26498895)|STATEMENT_EXECUTE|[25]
16:31:51.1 (26500119)|STATEMENT_EXECUTE|[26]
16:31:51.1 (26504855)|HEAP_ALLOCATE|[26]|Bytes:4
16:31:51.1 (26512193)|VARIABLE_SCOPE_BEGIN|[26]|minutes|List<String>|true|false
16:31:51.1 (26523970)|HEAP_ALLOCATE|[EXTERNAL]|Bytes:4
16:31:51.1 (26529781)|VARIABLE_ASSIGNMENT|[26]|minutes|[]|0x25951676
16:31:51.1 (26534614)|STATEMENT_EXECUTE|[27]
16:31:51.1 (26536836)|VARIABLE_SCOPE_BEGIN|[27]|k|Integer|false|false
16:31:51.1 (26542618)|HEAP_ALLOCATE|[27]|Bytes:4
16:31:51.1 (26546410)|VARIABLE_ASSIGNMENT|[27]|k|0
16:31:51.1 (26551135)|STATEMENT_EXECUTE|[27]
16:31:51.1 (26552743)|STATEMENT_EXECUTE|[28]
16:31:51.1 (26553943)|STATEMENT_EXECUTE|[29]
16:31:51.1 (26558676)|HEAP_ALLOCATE|[EXTERNAL]|Bytes:4
16:31:51.1 (26563230)|STATEMENT_EXECUTE|[33]
16:31:51.1 (26565094)|HEAP_ALLOCATE|[33]|Bytes:4
16:31:51.1 (26569167)|VARIABLE_ASSIGNMENT|[33]|k|15
16:31:51.1 (26572648)|HEAP_ALLOCATE|[27]|Bytes:4
16:31:51.1 (26576234)|VARIABLE_ASSIGNMENT|[27]|k|16
16:31:51.1 (26579961)|STATEMENT_EXECUTE|[27]
16:31:51.1 (26581409)|STATEMENT_EXECUTE|[30]
16:31:51.1 (26582615)|STATEMENT_EXECUTE|[31]
16:31:51.1 (26590260)|HEAP_ALLOCATE|[31]|Bytes:2
16:31:51.1 (26599198)|HEAP_ALLOCATE|[EXTERNAL]|Bytes:4
16:31:51.1 (26603887)|STATEMENT_EXECUTE|[33]
16:31:51.1 (26605797)|HEAP_ALLOCATE|[33]|Bytes:4
16:31:51.1 (26610046)|VARIABLE_ASSIGNMENT|[33]|k|31
16:31:51.1 (26614130)|HEAP_ALLOCATE|[27]|Bytes:4
16:31:51.1 (26617960)|VARIABLE_ASSIGNMENT|[27]|k|32
16:31:51.1 (26621958)|STATEMENT_EXECUTE|[27]
16:31:51.1 (26623442)|STATEMENT_EXECUTE|[30]
16:31:51.1 (26624835)|STATEMENT_EXECUTE|[31]
16:31:51.1 (26630961)|HEAP_ALLOCATE|[31]|Bytes:2
16:31:51.1 (26639541)|HEAP_ALLOCATE|[EXTERNAL]|Bytes:4
16:31:51.1 (26644171)|STATEMENT_EXECUTE|[33]
16:31:51.1 (26646063)|HEAP_ALLOCATE|[33]|Bytes:4
16:31:51.1 (26650359)|VARIABLE_ASSIGNMENT|[33]|k|47
16:31:51.1 (26653826)|HEAP_ALLOCATE|[27]|Bytes:4
16:31:51.1 (26657858)|VARIABLE_ASSIGNMENT|[27]|k|48
16:31:51.1 (26661833)|STATEMENT_EXECUTE|[27]
16:31:51.1 (26663306)|STATEMENT_EXECUTE|[30]
16:31:51.1 (26664484)|STATEMENT_EXECUTE|[31]
16:31:51.1 (26670753)|HEAP_ALLOCATE|[31]|Bytes:2
16:31:51.1 (26679102)|HEAP_ALLOCATE|[EXTERNAL]|Bytes:4
16:31:51.1 (26683976)|STATEMENT_EXECUTE|[33]
16:31:51.1 (26685849)|HEAP_ALLOCATE|[33]|Bytes:4
16:31:51.1 (26690179)|VARIABLE_ASSIGNMENT|[33]|k|63
16:31:51.1 (26693339)|HEAP_ALLOCATE|[27]|Bytes:4
16:31:51.1 (26696919)|VARIABLE_ASSIGNMENT|[27]|k|64
16:31:51.1 (26700410)|STATEMENT_EXECUTE|[35]
16:31:51.1 (26704239)|HEAP_ALLOCATE|[35]|Bytes:4
16:31:51.1 (26708045)|HEAP_ALLOCATE|[EXTERNAL]|Bytes:-4
16:31:51.1 (26713113)|HEAP_ALLOCATE|[25]|Bytes:4
16:31:51.1 (26717388)|VARIABLE_ASSIGNMENT|[25]|i|11
16:31:51.1 (26721455)|STATEMENT_EXECUTE|[25]
16:31:51.1 (26722736)|STATEMENT_EXECUTE|[26]
16:31:51.1 (26727672)|HEAP_ALLOCATE|[26]|Bytes:4
16:31:51.1 (26735577)|VARIABLE_SCOPE_BEGIN|[26]|minutes|List<String>|true|false
16:31:51.1 (26747978)|HEAP_ALLOCATE|[EXTERNAL]|Bytes:4
16:31:51.1 (26753150)|VARIABLE_ASSIGNMENT|[26]|minutes|[]|0x483fa1f1
16:31:51.1 (26758071)|STATEMENT_EXECUTE|[27]
16:31:51.1 (26760268)|VARIABLE_SCOPE_BEGIN|[27]|k|Integer|false|false
16:31:51.1 (26765905)|HEAP_ALLOCATE|[27]|Bytes:4
16:31:51.1 (26769992)|VARIABLE_ASSIGNMENT|[27]|k|0
16:31:51.1 (26774029)|STATEMENT_EXECUTE|[27]
16:31:51.1 (26775600)|STATEMENT_EXECUTE|[28]
16:31:51.1 (26776824)|STATEMENT_EXECUTE|[29]
16:31:51.1 (26781617)|HEAP_ALLOCATE|[EXTERNAL]|Bytes:4
16:31:51.1 (26786457)|STATEMENT_EXECUTE|[33]
16:31:51.1 (26788303)|HEAP_ALLOCATE|[33]|Bytes:4
16:31:51.1 (26792644)|VARIABLE_ASSIGNMENT|[33]|k|15
16:31:51.1 (26796070)|HEAP_ALLOCATE|[27]|Bytes:4
16:31:51.1 (26800157)|VARIABLE_ASSIGNMENT|[27]|k|16
16:31:51.1 (26803838)|STATEMENT_EXECUTE|[27]
16:31:51.1 (26805313)|STATEMENT_EXECUTE|[30]
16:31:51.1 (26806573)|STATEMENT_EXECUTE|[31]
16:31:51.1 (26814546)|HEAP_ALLOCATE|[31]|Bytes:2
16:31:51.1 (26823414)|HEAP_ALLOCATE|[EXTERNAL]|Bytes:4
16:31:51.1 (26827960)|STATEMENT_EXECUTE|[33]
16:31:51.1 (26829992)|HEAP_ALLOCATE|[33]|Bytes:4
16:31:51.1 (26834311)|VARIABLE_ASSIGNMENT|[33]|k|31
16:31:51.1 (26837845)|HEAP_ALLOCATE|[27]|Bytes:4
16:31:51.1 (26841757)|VARIABLE_ASSIGNMENT|[27]|k|32
16:31:51.1 (26845602)|STATEMENT_EXECUTE|[27]
16:31:51.1 (26847147)|STATEMENT_EXECUTE|[30]
16:31:51.1 (26848358)|STATEMENT_EXECUTE|[31]
16:31:51.1 (26854452)|HEAP_ALLOCATE|[31]|Bytes:2
16:31:51.1 (26863099)|HEAP_ALLOCATE|[EXTERNAL]|Bytes:4
16:31:51.1 (26867268)|STATEMENT_EXECUTE|[33]
16:31:51.1 (26869684)|HEAP_ALLOCATE|[33]|Bytes:4
16:31:51.1 (26874056)|VARIABLE_ASSIGNMENT|[33]|k|47
16:31:51.1 (26878487)|HEAP_ALLOCATE|[27]|Bytes:4
16:31:51.1 (26881962)|VARIABLE_ASSIGNMENT|[27]|k|48
16:31:51.1 (26885813)|STATEMENT_EXECUTE|[27]
16:31:51.1 (26887418)|STATEMENT_EXECUTE|[30]
16:31:51.1 (26888622)|STATEMENT_EXECUTE|[31]
16:31:51.1 (26894972)|HEAP_ALLOCATE|[31]|Bytes:2
16:31:51.1 (26903622)|HEAP_ALLOCATE|[EXTERNAL]|Bytes:4
16:31:51.1 (26907971)|STATEMENT_EXECUTE|[33]
16:31:51.1 (26909888)|HEAP_ALLOCATE|[33]|Bytes:4
16:31:51.1 (26914022)|VARIABLE_ASSIGNMENT|[33]|k|63
16:31:51.1 (26918092)|HEAP_ALLOCATE|[27]|Bytes:4
16:31:51.1 (26921672)|VARIABLE_ASSIGNMENT|[27]|k|64
16:31:51.1 (26925358)|STATEMENT_EXECUTE|[35]
16:31:51.1 (26929293)|HEAP_ALLOCATE|[35]|Bytes:4
16:31:51.1 (26932832)|HEAP_ALLOCATE|[EXTERNAL]|Bytes:-4
16:31:51.1 (26937783)|HEAP_ALLOCATE|[25]|Bytes:4
16:31:51.1 (26943803)|VARIABLE_ASSIGNMENT|[25]|i|12
16:31:51.1 (26950594)|STATEMENT_EXECUTE|[37]
16:31:51.1 (26975295)|HEAP_ALLOCATE|[EXTERNAL]|Bytes:-4
16:31:51.1 (26989858)|HEAP_ALLOCATE|[17]|Bytes:5
16:31:51.1 (27001315)|VARIABLE_SCOPE_BEGIN|[17]|name|String|false|false
16:31:51.1 (27014760)|VARIABLE_ASSIGNMENT|[17]|name|"Afternoon"
16:31:51.1 (27018889)|STATEMENT_EXECUTE|[17]
16:31:51.1 (27020442)|STATEMENT_EXECUTE|[19]
16:31:51.1 (27057820)|VARIABLE_SCOPE_BEGIN|[19]|startPoint|Integer|false|false
16:31:51.1 (27064858)|HEAP_ALLOCATE|[19]|Bytes:4
16:31:51.1 (27070144)|VARIABLE_ASSIGNMENT|[19]|startPoint|12
16:31:51.1 (27074443)|STATEMENT_EXECUTE|[20]
16:31:51.1 (27094087)|VARIABLE_SCOPE_BEGIN|[20]|endPoint|Integer|false|false
16:31:51.1 (27100588)|HEAP_ALLOCATE|[20]|Bytes:4
16:31:51.1 (27105441)|VARIABLE_ASSIGNMENT|[20]|endPoint|17
16:31:51.1 (27108920)|STATEMENT_EXECUTE|[21]
16:31:51.1 (27127525)|VARIABLE_SCOPE_BEGIN|[21]|separation|Integer|false|false
16:31:51.1 (27133262)|HEAP_ALLOCATE|[21]|Bytes:4
16:31:51.1 (27137656)|VARIABLE_ASSIGNMENT|[21]|separation|30
16:31:51.1 (27140662)|STATEMENT_EXECUTE|[24]
16:31:51.1 (27151788)|HEAP_ALLOCATE|[24]|Bytes:4
16:31:51.1 (27157121)|VARIABLE_SCOPE_BEGIN|[24]|hoursAndMinutes|Map<Integer,List<String>>|true|false
16:31:51.1 (27169034)|VARIABLE_ASSIGNMENT|[24]|hoursAndMinutes|{}|0x109a78f8
16:31:51.1 (27174991)|STATEMENT_EXECUTE|[25]
16:31:51.1 (27176993)|VARIABLE_SCOPE_BEGIN|[25]|i|Integer|false|false
16:31:51.1 (27182833)|HEAP_ALLOCATE|[25]|Bytes:4
16:31:51.1 (27186728)|VARIABLE_ASSIGNMENT|[25]|i|12
16:31:51.1 (27190789)|STATEMENT_EXECUTE|[25]
16:31:51.1 (27192095)|STATEMENT_EXECUTE|[26]
16:31:51.1 (27196964)|HEAP_ALLOCATE|[26]|Bytes:4
16:31:51.1 (27205714)|VARIABLE_SCOPE_BEGIN|[26]|minutes|List<String>|true|false
16:31:51.1 (27221697)|HEAP_ALLOCATE|[EXTERNAL]|Bytes:4
16:31:51.1 (27227861)|VARIABLE_ASSIGNMENT|[26]|minutes|[]|0x1d31ea3b
16:31:51.1 (27232959)|STATEMENT_EXECUTE|[27]
16:31:51.1 (27235299)|VARIABLE_SCOPE_BEGIN|[27]|k|Integer|false|false
16:31:51.1 (27241433)|HEAP_ALLOCATE|[27]|Bytes:4
16:31:51.1 (27246173)|VARIABLE_ASSIGNMENT|[27]|k|0
16:31:51.1 (27249997)|STATEMENT_EXECUTE|[27]
16:31:51.1 (27251691)|STATEMENT_EXECUTE|[28]
16:31:51.1 (27252896)|STATEMENT_EXECUTE|[29]
16:31:51.1 (27258550)|HEAP_ALLOCATE|[EXTERNAL]|Bytes:4
16:31:51.1 (27264329)|STATEMENT_EXECUTE|[33]
16:31:51.1 (27266842)|HEAP_ALLOCATE|[33]|Bytes:4
16:31:51.1 (27270913)|VARIABLE_ASSIGNMENT|[33]|k|30
16:31:51.1 (27274429)|HEAP_ALLOCATE|[27]|Bytes:4
16:31:51.1 (27278264)|VARIABLE_ASSIGNMENT|[27]|k|31
16:31:51.1 (27281924)|STATEMENT_EXECUTE|[27]
16:31:51.1 (27283430)|STATEMENT_EXECUTE|[30]
16:31:51.1 (27284570)|STATEMENT_EXECUTE|[31]
16:31:51.1 (27293501)|HEAP_ALLOCATE|[31]|Bytes:2
16:31:51.1 (27302946)|HEAP_ALLOCATE|[EXTERNAL]|Bytes:4
16:31:51.1 (27307719)|STATEMENT_EXECUTE|[33]
16:31:51.1 (27309714)|HEAP_ALLOCATE|[33]|Bytes:4
16:31:51.1 (27314094)|VARIABLE_ASSIGNMENT|[33]|k|61
16:31:51.1 (27317717)|HEAP_ALLOCATE|[27]|Bytes:4
16:31:51.1 (27321312)|VARIABLE_ASSIGNMENT|[27]|k|62
16:31:51.1 (27324879)|STATEMENT_EXECUTE|[35]
16:31:51.1 (27329023)|HEAP_ALLOCATE|[35]|Bytes:4
16:31:51.1 (27333860)|HEAP_ALLOCATE|[EXTERNAL]|Bytes:-4
16:31:51.1 (27338772)|HEAP_ALLOCATE|[25]|Bytes:4
16:31:51.1 (27342823)|VARIABLE_ASSIGNMENT|[25]|i|13
16:31:51.1 (27346677)|STATEMENT_EXECUTE|[25]
16:31:51.1 (27347920)|STATEMENT_EXECUTE|[26]
16:31:51.1 (27353111)|HEAP_ALLOCATE|[26]|Bytes:4
16:31:51.1 (27360598)|VARIABLE_SCOPE_BEGIN|[26]|minutes|List<String>|true|false
16:31:51.1 (27373296)|HEAP_ALLOCATE|[EXTERNAL]|Bytes:4
16:31:51.1 (27378454)|VARIABLE_ASSIGNMENT|[26]|minutes|[]|0x28b4f045
16:31:51.1 (27383017)|STATEMENT_EXECUTE|[27]
16:31:51.1 (27385399)|VARIABLE_SCOPE_BEGIN|[27]|k|Integer|false|false
16:31:51.1 (27390885)|HEAP_ALLOCATE|[27]|Bytes:4
16:31:51.1 (27394730)|VARIABLE_ASSIGNMENT|[27]|k|0
16:31:51.1 (27398971)|STATEMENT_EXECUTE|[27]
16:31:51.1 (27400843)|STATEMENT_EXECUTE|[28]
16:31:51.1 (27402022)|STATEMENT_EXECUTE|[29]
16:31:51.1 (27406777)|HEAP_ALLOCATE|[EXTERNAL]|Bytes:4
16:31:51.1 (27429539)|STATEMENT_EXECUTE|[33]
16:31:51.1 (27431788)|HEAP_ALLOCATE|[33]|Bytes:4
16:31:51.1 (27436651)|VARIABLE_ASSIGNMENT|[33]|k|30
16:31:51.1 (27440076)|HEAP_ALLOCATE|[27]|Bytes:4
16:31:51.1 (27444027)|VARIABLE_ASSIGNMENT|[27]|k|31
16:31:51.1 (27448045)|STATEMENT_EXECUTE|[27]
16:31:51.1 (27449676)|STATEMENT_EXECUTE|[30]
16:31:51.1 (27450870)|STATEMENT_EXECUTE|[31]
16:31:51.1 (27460213)|HEAP_ALLOCATE|[31]|Bytes:2
16:31:51.1 (27469474)|HEAP_ALLOCATE|[EXTERNAL]|Bytes:4
16:31:51.1 (27474289)|STATEMENT_EXECUTE|[33]
16:31:51.1 (27476309)|HEAP_ALLOCATE|[33]|Bytes:4
16:31:51.1 (27480459)|VARIABLE_ASSIGNMENT|[33]|k|61
16:31:51.1 (27483865)|HEAP_ALLOCATE|[27]|Bytes:4
16:31:51.1 (27488238)|VARIABLE_ASSIGNMENT|[27]|k|62
16:31:51.1 (27492354)|STATEMENT_EXECUTE|[35]
16:31:51.1 (27504704)|HEAP_ALLOCATE|[35]|Bytes:4
16:31:51.1 (27509102)|HEAP_ALLOCATE|[EXTERNAL]|Bytes:-4
16:31:51.1 (27514790)|HEAP_ALLOCATE|[25]|Bytes:4
16:31:51.1 (27519728)|VARIABLE_ASSIGNMENT|[25]|i|14
16:31:51.1 (27524053)|STATEMENT_EXECUTE|[25]
16:31:51.1 (27525437)|STATEMENT_EXECUTE|[26]
16:31:51.1 (27530963)|HEAP_ALLOCATE|[26]|Bytes:4
16:31:51.1 (27539124)|VARIABLE_SCOPE_BEGIN|[26]|minutes|List<String>|true|false
16:31:51.1 (27553384)|HEAP_ALLOCATE|[EXTERNAL]|Bytes:4
16:31:51.1 (27559104)|VARIABLE_ASSIGNMENT|[26]|minutes|[]|0xd39ea16
16:31:51.1 (27563995)|STATEMENT_EXECUTE|[27]
16:31:51.1 (27566187)|VARIABLE_SCOPE_BEGIN|[27]|k|Integer|false|false
16:31:51.1 (27572261)|HEAP_ALLOCATE|[27]|Bytes:4
16:31:51.1 (27576199)|VARIABLE_ASSIGNMENT|[27]|k|0
16:31:51.1 (27579787)|STATEMENT_EXECUTE|[27]
16:31:51.1 (27581428)|STATEMENT_EXECUTE|[28]
16:31:51.1 (27582623)|STATEMENT_EXECUTE|[29]
16:31:51.1 (27588063)|HEAP_ALLOCATE|[EXTERNAL]|Bytes:4
16:31:51.1 (27593351)|STATEMENT_EXECUTE|[33]
16:31:51.1 (27595266)|HEAP_ALLOCATE|[33]|Bytes:4
16:31:51.1 (27599446)|VARIABLE_ASSIGNMENT|[33]|k|30
16:31:51.1 (27602414)|HEAP_ALLOCATE|[27]|Bytes:4
16:31:51.1 (27605873)|VARIABLE_ASSIGNMENT|[27]|k|31
16:31:51.1 (27609516)|STATEMENT_EXECUTE|[27]
16:31:51.1 (27611188)|STATEMENT_EXECUTE|[30]
16:31:51.1 (27612396)|STATEMENT_EXECUTE|[31]
16:31:51.1 (27620933)|HEAP_ALLOCATE|[31]|Bytes:2
16:31:51.1 (27630038)|HEAP_ALLOCATE|[EXTERNAL]|Bytes:4
16:31:51.1 (27634346)|STATEMENT_EXECUTE|[33]
16:31:51.1 (27636306)|HEAP_ALLOCATE|[33]|Bytes:4
16:31:51.1 (27640268)|VARIABLE_ASSIGNMENT|[33]|k|61
16:31:51.1 (27643565)|HEAP_ALLOCATE|[27]|Bytes:4
16:31:51.1 (27647652)|VARIABLE_ASSIGNMENT|[27]|k|62
16:31:51.1 (27651940)|STATEMENT_EXECUTE|[35]
16:31:51.1 (27655769)|HEAP_ALLOCATE|[35]|Bytes:4
16:31:51.1 (27659392)|HEAP_ALLOCATE|[EXTERNAL]|Bytes:-4
16:31:51.1 (27664058)|HEAP_ALLOCATE|[25]|Bytes:4
16:31:51.1 (27668364)|VARIABLE_ASSIGNMENT|[25]|i|15
16:31:51.1 (27671984)|STATEMENT_EXECUTE|[25]
16:31:51.1 (27673232)|STATEMENT_EXECUTE|[26]
16:31:51.1 (27677860)|HEAP_ALLOCATE|[26]|Bytes:4
16:31:51.1 (27685387)|VARIABLE_SCOPE_BEGIN|[26]|minutes|List<String>|true|false
16:31:51.1 (27697954)|HEAP_ALLOCATE|[EXTERNAL]|Bytes:4
16:31:51.1 (27703067)|VARIABLE_ASSIGNMENT|[26]|minutes|[]|0x4e270ef1
16:31:51.1 (27708166)|STATEMENT_EXECUTE|[27]
16:31:51.1 (27710281)|VARIABLE_SCOPE_BEGIN|[27]|k|Integer|false|false
16:31:51.1 (27716335)|HEAP_ALLOCATE|[27]|Bytes:4
16:31:51.1 (27720245)|VARIABLE_ASSIGNMENT|[27]|k|0
16:31:51.1 (27724192)|STATEMENT_EXECUTE|[27]
16:31:51.1 (27725769)|STATEMENT_EXECUTE|[28]
16:31:51.1 (27726955)|STATEMENT_EXECUTE|[29]
16:31:51.1 (27731924)|HEAP_ALLOCATE|[EXTERNAL]|Bytes:4
16:31:51.1 (27737303)|STATEMENT_EXECUTE|[33]
16:31:51.1 (27739153)|HEAP_ALLOCATE|[33]|Bytes:4
16:31:51.1 (27743114)|VARIABLE_ASSIGNMENT|[33]|k|30
16:31:51.1 (27746568)|HEAP_ALLOCATE|[27]|Bytes:4
16:31:51.1 (27750222)|VARIABLE_ASSIGNMENT|[27]|k|31
16:31:51.1 (27754311)|STATEMENT_EXECUTE|[27]
16:31:51.1 (27755771)|STATEMENT_EXECUTE|[30]
16:31:51.1 (27756946)|STATEMENT_EXECUTE|[31]
16:31:51.1 (27765119)|HEAP_ALLOCATE|[31]|Bytes:2
16:31:51.1 (27774014)|HEAP_ALLOCATE|[EXTERNAL]|Bytes:4
16:31:51.1 (27778837)|STATEMENT_EXECUTE|[33]
16:31:51.1 (27780753)|HEAP_ALLOCATE|[33]|Bytes:4
16:31:51.1 (27785336)|VARIABLE_ASSIGNMENT|[33]|k|61
16:31:51.1 (27789407)|HEAP_ALLOCATE|[27]|Bytes:4
16:31:51.1 (27792907)|VARIABLE_ASSIGNMENT|[27]|k|62
16:31:51.1 (27796646)|STATEMENT_EXECUTE|[35]
16:31:51.1 (27800476)|HEAP_ALLOCATE|[35]|Bytes:4
16:31:51.1 (27804228)|HEAP_ALLOCATE|[EXTERNAL]|Bytes:-4
16:31:51.1 (27809720)|HEAP_ALLOCATE|[25]|Bytes:4
16:31:51.1 (27813776)|VARIABLE_ASSIGNMENT|[25]|i|16
16:31:51.1 (27817255)|STATEMENT_EXECUTE|[25]
16:31:51.1 (27818664)|STATEMENT_EXECUTE|[26]
16:31:51.1 (27823571)|HEAP_ALLOCATE|[26]|Bytes:4
16:31:51.1 (27830936)|VARIABLE_SCOPE_BEGIN|[26]|minutes|List<String>|true|false
16:31:51.1 (27842968)|HEAP_ALLOCATE|[EXTERNAL]|Bytes:4
16:31:51.1 (27848123)|VARIABLE_ASSIGNMENT|[26]|minutes|[]|0x5cd5553c
16:31:51.1 (27852917)|STATEMENT_EXECUTE|[27]
16:31:51.1 (27855309)|VARIABLE_SCOPE_BEGIN|[27]|k|Integer|false|false
16:31:51.1 (27860795)|HEAP_ALLOCATE|[27]|Bytes:4
16:31:51.1 (27864775)|VARIABLE_ASSIGNMENT|[27]|k|0
16:31:51.1 (27868454)|STATEMENT_EXECUTE|[27]
16:31:51.1 (27870001)|STATEMENT_EXECUTE|[28]
16:31:51.1 (27871203)|STATEMENT_EXECUTE|[29]
16:31:51.1 (27875687)|HEAP_ALLOCATE|[EXTERNAL]|Bytes:4
16:31:51.1 (27880754)|STATEMENT_EXECUTE|[33]
16:31:51.1 (27882730)|HEAP_ALLOCATE|[33]|Bytes:4
16:31:51.1 (27886609)|VARIABLE_ASSIGNMENT|[33]|k|30
16:31:51.1 (27890128)|HEAP_ALLOCATE|[27]|Bytes:4
16:31:51.1 (27894584)|VARIABLE_ASSIGNMENT|[27]|k|31
16:31:51.1 (27898378)|STATEMENT_EXECUTE|[27]
16:31:51.1 (27900090)|STATEMENT_EXECUTE|[30]
16:31:51.1 (27901371)|STATEMENT_EXECUTE|[31]
16:31:51.1 (27909145)|HEAP_ALLOCATE|[31]|Bytes:2
16:31:51.1 (27918209)|HEAP_ALLOCATE|[EXTERNAL]|Bytes:4
16:31:51.1 (27922567)|STATEMENT_EXECUTE|[33]
16:31:51.1 (27924884)|HEAP_ALLOCATE|[33]|Bytes:4
16:31:51.1 (27929188)|VARIABLE_ASSIGNMENT|[33]|k|61
16:31:51.1 (27933195)|HEAP_ALLOCATE|[27]|Bytes:4
16:31:51.1 (27937797)|VARIABLE_ASSIGNMENT|[27]|k|62
16:31:51.1 (27943900)|STATEMENT_EXECUTE|[35]
16:31:51.1 (27947814)|HEAP_ALLOCATE|[35]|Bytes:4
16:31:51.1 (27951666)|HEAP_ALLOCATE|[EXTERNAL]|Bytes:-4
16:31:51.1 (27956282)|HEAP_ALLOCATE|[25]|Bytes:4
16:31:51.1 (27960697)|VARIABLE_ASSIGNMENT|[25]|i|17
16:31:51.1 (27965353)|STATEMENT_EXECUTE|[37]
16:31:51.1 (27970543)|HEAP_ALLOCATE|[EXTERNAL]|Bytes:-4
16:31:51.1 (27985505)|HEAP_ALLOCATE|[17]|Bytes:5
16:31:51.1 (27996056)|VARIABLE_SCOPE_BEGIN|[17]|name|String|false|false
16:31:51.1 (28004785)|VARIABLE_ASSIGNMENT|[17]|name|"Night"
16:31:51.1 (28013267)|STATEMENT_EXECUTE|[17]
16:31:51.1 (28014890)|STATEMENT_EXECUTE|[19]
16:31:51.1 (28048115)|VARIABLE_SCOPE_BEGIN|[19]|startPoint|Integer|false|false
16:31:51.1 (28055286)|HEAP_ALLOCATE|[19]|Bytes:4
16:31:51.1 (28060045)|VARIABLE_ASSIGNMENT|[19]|startPoint|17
16:31:51.1 (28063439)|STATEMENT_EXECUTE|[20]
16:31:51.1 (28082498)|VARIABLE_SCOPE_BEGIN|[20]|endPoint|Integer|false|false
16:31:51.1 (28089459)|HEAP_ALLOCATE|[20]|Bytes:4
16:31:51.1 (28094230)|VARIABLE_ASSIGNMENT|[20]|endPoint|23
16:31:51.1 (28097892)|STATEMENT_EXECUTE|[21]
16:31:51.1 (28116029)|VARIABLE_SCOPE_BEGIN|[21]|separation|Integer|false|false
16:31:51.1 (28122196)|HEAP_ALLOCATE|[21]|Bytes:4
16:31:51.1 (28126216)|VARIABLE_ASSIGNMENT|[21]|separation|20
16:31:51.1 (28129686)|STATEMENT_EXECUTE|[24]
16:31:51.1 (28139763)|HEAP_ALLOCATE|[24]|Bytes:4
16:31:51.1 (28145959)|VARIABLE_SCOPE_BEGIN|[24]|hoursAndMinutes|Map<Integer,List<String>>|true|false
16:31:51.1 (28156919)|VARIABLE_ASSIGNMENT|[24]|hoursAndMinutes|{}|0x53eca03b
16:31:51.1 (28161987)|STATEMENT_EXECUTE|[25]
16:31:51.1 (28163813)|VARIABLE_SCOPE_BEGIN|[25]|i|Integer|false|false
16:31:51.1 (28169337)|HEAP_ALLOCATE|[25]|Bytes:4
16:31:51.1 (28173211)|VARIABLE_ASSIGNMENT|[25]|i|17
16:31:51.1 (28177636)|STATEMENT_EXECUTE|[25]
16:31:51.1 (28178848)|STATEMENT_EXECUTE|[26]
16:31:51.1 (28183562)|HEAP_ALLOCATE|[26]|Bytes:4
16:31:51.1 (28191784)|VARIABLE_SCOPE_BEGIN|[26]|minutes|List<String>|true|false
16:31:51.1 (28206239)|HEAP_ALLOCATE|[EXTERNAL]|Bytes:4
16:31:51.1 (28212275)|VARIABLE_ASSIGNMENT|[26]|minutes|[]|0x1147890a
16:31:51.1 (28217183)|STATEMENT_EXECUTE|[27]
16:31:51.1 (28219501)|VARIABLE_SCOPE_BEGIN|[27]|k|Integer|false|false
16:31:51.1 (28225832)|HEAP_ALLOCATE|[27]|Bytes:4
16:31:51.1 (28229859)|VARIABLE_ASSIGNMENT|[27]|k|0
16:31:51.1 (28233423)|STATEMENT_EXECUTE|[27]
16:31:51.1 (28235204)|STATEMENT_EXECUTE|[28]
16:31:51.1 (28236420)|STATEMENT_EXECUTE|[29]
16:31:51.1 (28241970)|HEAP_ALLOCATE|[EXTERNAL]|Bytes:4
16:31:51.1 (28247053)|STATEMENT_EXECUTE|[33]
16:31:51.1 (28249061)|HEAP_ALLOCATE|[33]|Bytes:4
16:31:51.1 (28253790)|VARIABLE_ASSIGNMENT|[33]|k|20
16:31:51.1 (28257085)|HEAP_ALLOCATE|[27]|Bytes:4
16:31:51.1 (28260768)|VARIABLE_ASSIGNMENT|[27]|k|21
16:31:51.1 (28264053)|STATEMENT_EXECUTE|[27]
16:31:51.1 (28265586)|STATEMENT_EXECUTE|[30]
16:31:51.1 (28266738)|STATEMENT_EXECUTE|[31]
16:31:51.1 (28275273)|HEAP_ALLOCATE|[31]|Bytes:2
16:31:51.1 (28284432)|HEAP_ALLOCATE|[EXTERNAL]|Bytes:4
16:31:51.1 (28288832)|STATEMENT_EXECUTE|[33]
16:31:51.1 (28290839)|HEAP_ALLOCATE|[33]|Bytes:4
16:31:51.1 (28295053)|VARIABLE_ASSIGNMENT|[33]|k|41
16:31:51.1 (28298918)|HEAP_ALLOCATE|[27]|Bytes:4
16:31:51.1 (28302350)|VARIABLE_ASSIGNMENT|[27]|k|42
16:31:51.1 (28306277)|STATEMENT_EXECUTE|[27]
16:31:51.1 (28307787)|STATEMENT_EXECUTE|[30]
16:31:51.1 (28308971)|STATEMENT_EXECUTE|[31]
16:31:51.1 (28315117)|HEAP_ALLOCATE|[31]|Bytes:2
16:31:51.1 (28323693)|HEAP_ALLOCATE|[EXTERNAL]|Bytes:4
16:31:51.1 (28328166)|STATEMENT_EXECUTE|[33]
16:31:51.1 (28330462)|HEAP_ALLOCATE|[33]|Bytes:4
16:31:51.1 (28334976)|VARIABLE_ASSIGNMENT|[33]|k|62
16:31:51.1 (28338543)|HEAP_ALLOCATE|[27]|Bytes:4
16:31:51.1 (28342690)|VARIABLE_ASSIGNMENT|[27]|k|63
16:31:51.1 (28346811)|STATEMENT_EXECUTE|[35]
16:31:51.1 (28350870)|HEAP_ALLOCATE|[35]|Bytes:4
16:31:51.1 (28355530)|HEAP_ALLOCATE|[EXTERNAL]|Bytes:-4
16:31:51.1 (28360190)|HEAP_ALLOCATE|[25]|Bytes:4
16:31:51.1 (28363900)|VARIABLE_ASSIGNMENT|[25]|i|18
16:31:51.1 (28367878)|STATEMENT_EXECUTE|[25]
16:31:51.1 (28369246)|STATEMENT_EXECUTE|[26]
16:31:51.1 (28374026)|HEAP_ALLOCATE|[26]|Bytes:4
16:31:51.1 (28381990)|VARIABLE_SCOPE_BEGIN|[26]|minutes|List<String>|true|false
16:31:51.1 (28394676)|HEAP_ALLOCATE|[EXTERNAL]|Bytes:4
16:31:51.1 (28400264)|VARIABLE_ASSIGNMENT|[26]|minutes|[]|0x67615d55
16:31:51.1 (28405472)|STATEMENT_EXECUTE|[27]
16:31:51.1 (28408020)|VARIABLE_SCOPE_BEGIN|[27]|k|Integer|false|false
16:31:51.1 (28414002)|HEAP_ALLOCATE|[27]|Bytes:4
16:31:51.1 (28418182)|VARIABLE_ASSIGNMENT|[27]|k|0
16:31:51.1 (28421662)|STATEMENT_EXECUTE|[27]
16:31:51.1 (28423237)|STATEMENT_EXECUTE|[28]
16:31:51.1 (28424377)|STATEMENT_EXECUTE|[29]
16:31:51.1 (28429304)|HEAP_ALLOCATE|[EXTERNAL]|Bytes:4
16:31:51.1 (28435080)|STATEMENT_EXECUTE|[33]
16:31:51.1 (28436974)|HEAP_ALLOCATE|[33]|Bytes:4
16:31:51.1 (28441656)|VARIABLE_ASSIGNMENT|[33]|k|20
16:31:51.1 (28445233)|HEAP_ALLOCATE|[27]|Bytes:4
16:31:51.1 (28449040)|VARIABLE_ASSIGNMENT|[27]|k|21
16:31:51.1 (28452406)|STATEMENT_EXECUTE|[27]
16:31:51.1 (28453887)|STATEMENT_EXECUTE|[30]
16:31:51.1 (28455048)|STATEMENT_EXECUTE|[31]
16:31:51.1 (28462816)|HEAP_ALLOCATE|[31]|Bytes:2
16:31:51.1 (28472028)|HEAP_ALLOCATE|[EXTERNAL]|Bytes:4
16:31:51.1 (28476609)|STATEMENT_EXECUTE|[33]
16:31:51.1 (28478545)|HEAP_ALLOCATE|[33]|Bytes:4
16:31:51.1 (28482597)|VARIABLE_ASSIGNMENT|[33]|k|41
16:31:51.1 (28486514)|HEAP_ALLOCATE|[27]|Bytes:4
16:31:51.1 (28489966)|VARIABLE_ASSIGNMENT|[27]|k|42
16:31:51.1 (28493628)|STATEMENT_EXECUTE|[27]
16:31:51.1 (28495120)|STATEMENT_EXECUTE|[30]
16:31:51.1 (28496272)|STATEMENT_EXECUTE|[31]
16:31:51.1 (28502308)|HEAP_ALLOCATE|[31]|Bytes:2
16:31:51.1 (28510884)|HEAP_ALLOCATE|[EXTERNAL]|Bytes:4
16:31:51.1 (28515567)|STATEMENT_EXECUTE|[33]
16:31:51.1 (28517540)|HEAP_ALLOCATE|[33]|Bytes:4
16:31:51.1 (28521496)|VARIABLE_ASSIGNMENT|[33]|k|62
16:31:51.1 (28524328)|HEAP_ALLOCATE|[27]|Bytes:4
16:31:51.1 (28527822)|VARIABLE_ASSIGNMENT|[27]|k|63
16:31:51.1 (28531795)|STATEMENT_EXECUTE|[35]
16:31:51.1 (28535586)|HEAP_ALLOCATE|[35]|Bytes:4
16:31:51.1 (28539241)|HEAP_ALLOCATE|[EXTERNAL]|Bytes:-4
16:31:51.1 (28544246)|HEAP_ALLOCATE|[25]|Bytes:4
16:31:51.1 (28548033)|VARIABLE_ASSIGNMENT|[25]|i|19
16:31:51.1 (28551836)|STATEMENT_EXECUTE|[25]
16:31:51.1 (28553070)|STATEMENT_EXECUTE|[26]
16:31:51.1 (28557751)|HEAP_ALLOCATE|[26]|Bytes:4
16:31:51.1 (28565277)|VARIABLE_SCOPE_BEGIN|[26]|minutes|List<String>|true|false
16:31:51.1 (28577351)|HEAP_ALLOCATE|[EXTERNAL]|Bytes:4
16:31:51.1 (28583301)|VARIABLE_ASSIGNMENT|[26]|minutes|[]|0x116b9830
16:31:51.1 (28588318)|STATEMENT_EXECUTE|[27]
16:31:51.1 (28590486)|VARIABLE_SCOPE_BEGIN|[27]|k|Integer|false|false
16:31:51.1 (28596627)|HEAP_ALLOCATE|[27]|Bytes:4
16:31:51.1 (28600967)|VARIABLE_ASSIGNMENT|[27]|k|0
16:31:51.1 (28605325)|STATEMENT_EXECUTE|[27]
16:31:51.1 (28606957)|STATEMENT_EXECUTE|[28]
16:31:51.1 (28608104)|STATEMENT_EXECUTE|[29]
16:31:51.1 (28612594)|HEAP_ALLOCATE|[EXTERNAL]|Bytes:4
16:31:51.1 (28617733)|STATEMENT_EXECUTE|[33]
16:31:51.1 (28619589)|HEAP_ALLOCATE|[33]|Bytes:4
16:31:51.1 (28623800)|VARIABLE_ASSIGNMENT|[33]|k|20
16:31:51.1 (28627385)|HEAP_ALLOCATE|[27]|Bytes:4
16:31:51.1 (28631128)|VARIABLE_ASSIGNMENT|[27]|k|21
16:31:51.1 (28634825)|STATEMENT_EXECUTE|[27]
16:31:51.1 (28636333)|STATEMENT_EXECUTE|[30]
16:31:51.1 (28637487)|STATEMENT_EXECUTE|[31]
16:31:51.1 (28645144)|HEAP_ALLOCATE|[31]|Bytes:2
16:31:51.1 (28653811)|HEAP_ALLOCATE|[EXTERNAL]|Bytes:4
16:31:51.1 (28658467)|STATEMENT_EXECUTE|[33]
16:31:51.1 (28660377)|HEAP_ALLOCATE|[33]|Bytes:4
16:31:51.1 (28664534)|VARIABLE_ASSIGNMENT|[33]|k|41
16:31:51.1 (28667842)|HEAP_ALLOCATE|[27]|Bytes:4
16:31:51.1 (28671297)|VARIABLE_ASSIGNMENT|[27]|k|42
16:31:51.1 (28674847)|STATEMENT_EXECUTE|[27]
16:31:51.1 (28676364)|STATEMENT_EXECUTE|[30]
16:31:51.1 (28677627)|STATEMENT_EXECUTE|[31]
16:31:51.1 (28683814)|HEAP_ALLOCATE|[31]|Bytes:2
16:31:51.1 (28692038)|HEAP_ALLOCATE|[EXTERNAL]|Bytes:4
16:31:51.1 (28696692)|STATEMENT_EXECUTE|[33]
16:31:51.1 (28698573)|HEAP_ALLOCATE|[33]|Bytes:4
16:31:51.1 (28702622)|VARIABLE_ASSIGNMENT|[33]|k|62
16:31:51.1 (28705864)|HEAP_ALLOCATE|[27]|Bytes:4
16:31:51.1 (28709301)|VARIABLE_ASSIGNMENT|[27]|k|63
16:31:51.1 (28713231)|STATEMENT_EXECUTE|[35]
16:31:51.1 (28717107)|HEAP_ALLOCATE|[35]|Bytes:4
16:31:51.1 (28720729)|HEAP_ALLOCATE|[EXTERNAL]|Bytes:-4
16:31:51.1 (28725670)|HEAP_ALLOCATE|[25]|Bytes:4
16:31:51.1 (28729826)|VARIABLE_ASSIGNMENT|[25]|i|20
16:31:51.1 (28733411)|STATEMENT_EXECUTE|[25]
16:31:51.1 (28734627)|STATEMENT_EXECUTE|[26]
16:31:51.1 (28739246)|HEAP_ALLOCATE|[26]|Bytes:4
16:31:51.1 (28746713)|VARIABLE_SCOPE_BEGIN|[26]|minutes|List<String>|true|false
16:31:51.1 (28758858)|HEAP_ALLOCATE|[EXTERNAL]|Bytes:4
16:31:51.1 (28764209)|VARIABLE_ASSIGNMENT|[26]|minutes|[]|0x27300f5e
16:31:51.1 (28769241)|STATEMENT_EXECUTE|[27]
16:31:51.1 (28771796)|VARIABLE_SCOPE_BEGIN|[27]|k|Integer|false|false
16:31:51.1 (28777464)|HEAP_ALLOCATE|[27]|Bytes:4
16:31:51.1 (28781485)|VARIABLE_ASSIGNMENT|[27]|k|0
16:31:51.1 (28785483)|STATEMENT_EXECUTE|[27]
16:31:51.1 (28787084)|STATEMENT_EXECUTE|[28]
16:31:51.1 (28788262)|STATEMENT_EXECUTE|[29]
16:31:51.1 (28792734)|HEAP_ALLOCATE|[EXTERNAL]|Bytes:4
16:31:51.1 (28797936)|STATEMENT_EXECUTE|[33]
16:31:51.1 (28799929)|HEAP_ALLOCATE|[33]|Bytes:4
16:31:51.1 (28803841)|VARIABLE_ASSIGNMENT|[33]|k|20
16:31:51.1 (28807790)|HEAP_ALLOCATE|[27]|Bytes:4
16:31:51.1 (28811765)|VARIABLE_ASSIGNMENT|[27]|k|21
16:31:51.1 (28815761)|STATEMENT_EXECUTE|[27]
16:31:51.1 (28817240)|STATEMENT_EXECUTE|[30]
16:31:51.1 (28818424)|STATEMENT_EXECUTE|[31]
16:31:51.1 (28826036)|HEAP_ALLOCATE|[31]|Bytes:2
16:31:51.1 (28834783)|HEAP_ALLOCATE|[EXTERNAL]|Bytes:4
16:31:51.1 (28839533)|STATEMENT_EXECUTE|[33]
16:31:51.1 (28841452)|HEAP_ALLOCATE|[33]|Bytes:4
16:31:51.1 (28845764)|VARIABLE_ASSIGNMENT|[33]|k|41
16:31:51.1 (28849596)|HEAP_ALLOCATE|[27]|Bytes:4
16:31:51.1 (28853965)|VARIABLE_ASSIGNMENT|[27]|k|42
16:31:51.1 (28857759)|STATEMENT_EXECUTE|[27]
16:31:51.1 (28859217)|STATEMENT_EXECUTE|[30]
16:31:51.1 (28860367)|STATEMENT_EXECUTE|[31]
16:31:51.1 (28866577)|HEAP_ALLOCATE|[31]|Bytes:2
16:31:51.1 (28874879)|HEAP_ALLOCATE|[EXTERNAL]|Bytes:4
16:31:51.1 (28879724)|STATEMENT_EXECUTE|[33]
16:31:51.1 (28881566)|HEAP_ALLOCATE|[33]|Bytes:4
16:31:51.1 (28886654)|VARIABLE_ASSIGNMENT|[33]|k|62
16:31:51.1 (28889852)|HEAP_ALLOCATE|[27]|Bytes:4
16:31:51.1 (28893774)|VARIABLE_ASSIGNMENT|[27]|k|63
16:31:51.1 (28897173)|STATEMENT_EXECUTE|[35]
16:31:51.1 (28901133)|HEAP_ALLOCATE|[35]|Bytes:4
16:31:51.1 (28904658)|HEAP_ALLOCATE|[EXTERNAL]|Bytes:-4
16:31:51.1 (28909679)|HEAP_ALLOCATE|[25]|Bytes:4
16:31:51.1 (28913715)|VARIABLE_ASSIGNMENT|[25]|i|21
16:31:51.1 (28918118)|STATEMENT_EXECUTE|[25]
16:31:51.1 (28919354)|STATEMENT_EXECUTE|[26]
16:31:51.1 (28924278)|HEAP_ALLOCATE|[26]|Bytes:4
16:31:51.1 (28931783)|VARIABLE_SCOPE_BEGIN|[26]|minutes|List<String>|true|false
16:31:51.1 (28946944)|HEAP_ALLOCATE|[EXTERNAL]|Bytes:4
16:31:51.1 (28952577)|VARIABLE_ASSIGNMENT|[26]|minutes|[]|0xa12cd6b
16:31:51.1 (28958379)|STATEMENT_EXECUTE|[27]
16:31:51.1 (28960616)|VARIABLE_SCOPE_BEGIN|[27]|k|Integer|false|false
16:31:51.1 (28966647)|HEAP_ALLOCATE|[27]|Bytes:4
16:31:51.1 (28970774)|VARIABLE_ASSIGNMENT|[27]|k|0
16:31:51.1 (28974716)|STATEMENT_EXECUTE|[27]
16:31:51.1 (28976353)|STATEMENT_EXECUTE|[28]
16:31:51.1 (28977717)|STATEMENT_EXECUTE|[29]
16:31:51.1 (28982485)|HEAP_ALLOCATE|[EXTERNAL]|Bytes:4
16:31:51.1 (28987412)|STATEMENT_EXECUTE|[33]
16:31:51.1 (28989273)|HEAP_ALLOCATE|[33]|Bytes:4
16:31:51.1 (28993090)|VARIABLE_ASSIGNMENT|[33]|k|20
16:31:51.1 (28996491)|HEAP_ALLOCATE|[27]|Bytes:4
16:31:51.1 (29000406)|VARIABLE_ASSIGNMENT|[27]|k|21
16:31:51.1 (29004523)|STATEMENT_EXECUTE|[27]
16:31:51.1 (29006006)|STATEMENT_EXECUTE|[30]
16:31:51.1 (29007155)|STATEMENT_EXECUTE|[31]
16:31:51.1 (29019395)|HEAP_ALLOCATE|[31]|Bytes:2
16:31:51.1 (29029551)|HEAP_ALLOCATE|[EXTERNAL]|Bytes:4
16:31:51.1 (29034804)|STATEMENT_EXECUTE|[33]
16:31:51.1 (29036787)|HEAP_ALLOCATE|[33]|Bytes:4
16:31:51.1 (29040883)|VARIABLE_ASSIGNMENT|[33]|k|41
16:31:51.1 (29044264)|HEAP_ALLOCATE|[27]|Bytes:4
16:31:51.1 (29048296)|VARIABLE_ASSIGNMENT|[27]|k|42
16:31:51.1 (29052314)|STATEMENT_EXECUTE|[27]
16:31:51.1 (29053830)|STATEMENT_EXECUTE|[30]
16:31:51.1 (29055018)|STATEMENT_EXECUTE|[31]
16:31:51.1 (29061376)|HEAP_ALLOCATE|[31]|Bytes:2
16:31:51.1 (29070183)|HEAP_ALLOCATE|[EXTERNAL]|Bytes:4
16:31:51.1 (29074758)|STATEMENT_EXECUTE|[33]
16:31:51.1 (29076612)|HEAP_ALLOCATE|[33]|Bytes:4
16:31:51.1 (29081335)|VARIABLE_ASSIGNMENT|[33]|k|62
16:31:51.1 (29085102)|HEAP_ALLOCATE|[27]|Bytes:4
16:31:51.1 (29088786)|VARIABLE_ASSIGNMENT|[27]|k|63
16:31:51.1 (29092262)|STATEMENT_EXECUTE|[35]
16:31:51.1 (29096246)|HEAP_ALLOCATE|[35]|Bytes:4
16:31:51.1 (29099827)|HEAP_ALLOCATE|[EXTERNAL]|Bytes:-4
16:31:51.1 (29104374)|HEAP_ALLOCATE|[25]|Bytes:4
16:31:51.1 (29108375)|VARIABLE_ASSIGNMENT|[25]|i|22
16:31:51.1 (29112429)|STATEMENT_EXECUTE|[25]
16:31:51.1 (29113776)|STATEMENT_EXECUTE|[26]
16:31:51.1 (29118454)|HEAP_ALLOCATE|[26]|Bytes:4
16:31:51.1 (29125988)|VARIABLE_SCOPE_BEGIN|[26]|minutes|List<String>|true|false
16:31:51.1 (29138958)|HEAP_ALLOCATE|[EXTERNAL]|Bytes:4
16:31:51.1 (29144449)|VARIABLE_ASSIGNMENT|[26]|minutes|[]|0x67f4a289
16:31:51.1 (29149140)|STATEMENT_EXECUTE|[27]
16:31:51.1 (29151298)|VARIABLE_SCOPE_BEGIN|[27]|k|Integer|false|false
16:31:51.1 (29156761)|HEAP_ALLOCATE|[27]|Bytes:4
16:31:51.1 (29160540)|VARIABLE_ASSIGNMENT|[27]|k|0
16:31:51.1 (29164411)|STATEMENT_EXECUTE|[27]
16:31:51.1 (29166202)|STATEMENT_EXECUTE|[28]
16:31:51.1 (29167396)|STATEMENT_EXECUTE|[29]
16:31:51.1 (29171886)|HEAP_ALLOCATE|[EXTERNAL]|Bytes:4
16:31:51.1 (29176838)|STATEMENT_EXECUTE|[33]
16:31:51.1 (29178747)|HEAP_ALLOCATE|[33]|Bytes:4
16:31:51.1 (29182564)|VARIABLE_ASSIGNMENT|[33]|k|20
16:31:51.1 (29185942)|HEAP_ALLOCATE|[27]|Bytes:4
16:31:51.1 (29189789)|VARIABLE_ASSIGNMENT|[27]|k|21
16:31:51.1 (29193554)|STATEMENT_EXECUTE|[27]
16:31:51.1 (29195291)|STATEMENT_EXECUTE|[30]
16:31:51.1 (29196606)|STATEMENT_EXECUTE|[31]
16:31:51.1 (29204379)|HEAP_ALLOCATE|[31]|Bytes:2
16:31:51.1 (29213466)|HEAP_ALLOCATE|[EXTERNAL]|Bytes:4
16:31:51.1 (29217867)|STATEMENT_EXECUTE|[33]
16:31:51.1 (29219713)|HEAP_ALLOCATE|[33]|Bytes:4
16:31:51.1 (29223649)|VARIABLE_ASSIGNMENT|[33]|k|41
16:31:51.1 (29226922)|HEAP_ALLOCATE|[27]|Bytes:4
16:31:51.1 (29231073)|VARIABLE_ASSIGNMENT|[27]|k|42
16:31:51.1 (29235007)|STATEMENT_EXECUTE|[27]
16:31:51.1 (29236494)|STATEMENT_EXECUTE|[30]
16:31:51.1 (29237683)|STATEMENT_EXECUTE|[31]
16:31:51.1 (29243785)|HEAP_ALLOCATE|[31]|Bytes:2
16:31:51.1 (29252580)|HEAP_ALLOCATE|[EXTERNAL]|Bytes:4
16:31:51.1 (29256930)|STATEMENT_EXECUTE|[33]
16:31:51.1 (29258989)|HEAP_ALLOCATE|[33]|Bytes:4
16:31:51.1 (29263250)|VARIABLE_ASSIGNMENT|[33]|k|62
16:31:51.1 (29266584)|HEAP_ALLOCATE|[27]|Bytes:4
16:31:51.1 (29270325)|VARIABLE_ASSIGNMENT|[27]|k|63
16:31:51.1 (29273938)|STATEMENT_EXECUTE|[35]
16:31:51.1 (29277801)|HEAP_ALLOCATE|[35]|Bytes:4
16:31:51.1 (29281700)|HEAP_ALLOCATE|[EXTERNAL]|Bytes:-4
16:31:51.1 (29285970)|HEAP_ALLOCATE|[25]|Bytes:4
16:31:51.1 (29289773)|VARIABLE_ASSIGNMENT|[25]|i|23
16:31:51.1 (29294093)|STATEMENT_EXECUTE|[37]
16:31:51.1 (29299043)|HEAP_ALLOCATE|[EXTERNAL]|Bytes:-4
16:31:51.1 (29309552)|HEAP_ALLOCATE|[17]|Bytes:5
16:31:51.1 (29318638)|VARIABLE_ASSIGNMENT|[17]|name|null
16:31:51.1 (29322948)|STATEMENT_EXECUTE|[54]
16:31:51.1 (29379216)|USER_DEBUG|[54]|DEBUG|{Afternoon={12=(00, 31), 13=(00, 31), 14=(00, 31), 15=(00, 31), 16=(00, 31)}, Morning={7=(00, 16, 32, 48), 8=(00, 16, 32, 48), 9=(00, 16, 32, 48), 10=(00, 16, 32, 48), 11=(00, 16, 32, 48)}, Night={17=(00, 21, 42), 18=(00, 21, 42), 19=(00, 21, 42), 20=(00, 21, 42), 21=(00, 21, 42), 22=(00, 21, 42)}}
16:31:51.1 (29396146)|METHOD_EXIT|[6]|01p1r000007pMQE|DaysPartController.getTimeCellsBySeparator(Map<String,Days_part__c>)
16:31:51.1 (29401257)|STATEMENT_EXECUTE|[10]
16:31:51.1 (29405447)|METHOD_EXIT|[1]|01p1r000007pMQE|DaysPartController.getDaysPart()
16:31:51.1 (29411403)|SYSTEM_MODE_EXIT|false
16:31:51.29 (29442149)|CUMULATIVE_LIMIT_USAGE
16:31:51.29 (29442149)|LIMIT_USAGE_FOR_NS|(default)|
  Number of SOQL queries: 0 out of 100
  Number of query rows: 0 out of 50000
  Number of SOSL queries: 0 out of 20
  Number of DML statements: 0 out of 150
  Number of DML rows: 0 out of 10000
  Maximum CPU time: 0 out of 10000
  Maximum heap size: 0 out of 6000000
  Number of callouts: 0 out of 100
  Number of Email Invocations: 0 out of 10
  Number of future calls: 0 out of 50
  Number of queueable jobs added to the queue: 0 out of 50
  Number of Mobile Apex push calls: 0 out of 10

16:31:51.29 (29442149)|CUMULATIVE_LIMIT_USAGE_END

16:31:51.1 (29473917)|CODE_UNIT_FINISHED|execute_anonymous_apex
16:31:51.1 (30799184)|EXECUTION_FINISHED
