42.0 APEX_CODE,FINEST;APEX_PROFILING,INFO;CALLOUT,INFO;DB,INFO;SYSTEM,DEBUG;VALIDATION,INFO;VISUALFORCE,INFO;WAVE,INFO;WORKFLOW,INFO
Execute Anonymous: CustomTest.getCustData();
11:44:40.1 (1077162)|USER_INFO|[EXTERNAL]|0051r000007nKPL|assh4884@cunning-goat-277018.com|Greenwich Mean Time|GMT+01:00
11:44:40.1 (1097760)|EXECUTION_STARTED
11:44:40.1 (1101840)|CODE_UNIT_STARTED|[EXTERNAL]|execute_anonymous_apex
11:44:40.1 (1292553)|HEAP_ALLOCATE|[72]|Bytes:3
11:44:40.1 (1329022)|HEAP_ALLOCATE|[77]|Bytes:152
11:44:40.1 (1344974)|HEAP_ALLOCATE|[342]|Bytes:408
11:44:40.1 (1359198)|HEAP_ALLOCATE|[355]|Bytes:408
11:44:40.1 (1369224)|HEAP_ALLOCATE|[467]|Bytes:48
11:44:40.1 (1394344)|HEAP_ALLOCATE|[139]|Bytes:6
11:44:40.1 (1411492)|HEAP_ALLOCATE|[EXTERNAL]|Bytes:1
11:44:40.1 (1483011)|STATEMENT_EXECUTE|[1]
11:44:40.1 (1485650)|STATEMENT_EXECUTE|[1]
11:44:40.1 (1535874)|HEAP_ALLOCATE|[50]|Bytes:5
11:44:40.1 (1560127)|HEAP_ALLOCATE|[56]|Bytes:5
11:44:40.1 (1567681)|HEAP_ALLOCATE|[64]|Bytes:7
11:44:40.1 (1590455)|SYSTEM_MODE_ENTER|false
11:44:40.1 (1628483)|HEAP_ALLOCATE|[1]|Bytes:5
11:44:40.1 (19775809)|HEAP_ALLOCATE|[1]|Bytes:1
11:44:40.1 (19792842)|HEAP_ALLOCATE|[1]|Bytes:17
11:44:40.1 (19811337)|METHOD_ENTRY|[1]|01p1r000007pAtp|CustomTest.CustomTest()
11:44:40.1 (19818776)|STATEMENT_EXECUTE|[1]
11:44:40.1 (19824873)|STATEMENT_EXECUTE|[1]
11:44:40.1 (19840331)|HEAP_ALLOCATE|[1]|Bytes:5
11:44:40.1 (19856826)|METHOD_EXIT|[1]|CustomTest
11:44:40.1 (19894609)|METHOD_ENTRY|[1]|01p1r000007pAtp|CustomTest.getCustData()
11:44:40.1 (19959746)|HEAP_ALLOCATE|[4]|Bytes:5
11:44:40.1 (19966714)|STATEMENT_EXECUTE|[3]
11:44:40.1 (19968606)|STATEMENT_EXECUTE|[4]
11:44:40.1 (20664857)|HEAP_ALLOCATE|[4]|Bytes:12
11:44:40.1 (20766685)|HEAP_ALLOCATE|[EXTERNAL]|Bytes:12
11:44:40.1 (20794513)|HEAP_ALLOCATE|[4]|Bytes:577
11:44:40.1 (20812102)|VARIABLE_SCOPE_BEGIN|[4]|t|List<test2__c>|true|false
11:44:40.1 (20893113)|VARIABLE_ASSIGNMENT|[4]|t|[{"LastModifiedDate":"2018-03-27T10:04:50.000Z","IsDeleted":false,"one2__c":"1111","two2__c":"2222","three2__c":"3333","SetupOwnerId":"00D1r000000sW7MEAU","Name":"Dima","SystemModstamp":"2018-03-27T10:04:50.000Z","CreatedById":"0051r000007nKPLAA2","CreatedDate":"2018-03-27T10:04:50.000Z","Id":"a041r00000YuGNPAA3","LastModifiedById":"0051r000007nKPLAA2"},{"LastModifiedDate":"2018-03-27T10:01:25.000Z","IsDeleted":false,"one2__c":"data_one","two2__c":"data_two","three2__c":"data_three","SetupOwnerId":"00D1r000000sW7MEAU","Name":"testing","SystemModstamp":"2018-03-27T10:01:25.000Z","CreatedById":"0051r000007nKPLAA2","CreatedDate":"2018-03-27T10:01:25.000Z","Id":"a041r00000YuGL9AAN","LastModifiedById":"0051r000007nKPLAA2"}]|0x1fb87830
11:44:40.1 (20911642)|STATEMENT_EXECUTE|[5]
11:44:40.1 (20915757)|HEAP_ALLOCATE|[5]|Bytes:5
11:44:40.1 (20952717)|USER_DEBUG|[5]|DEBUG|fffff
11:44:40.1 (20962194)|STATEMENT_EXECUTE|[6]
11:44:40.1 (21127189)|USER_DEBUG|[6]|DEBUG|(test2__c:{LastModifiedDate=2018-03-27 10:04:50, IsDeleted=false, one2__c=1111, two2__c=2222, three2__c=3333, SetupOwnerId=00D1r000000sW7MEAU, Name=Dima, SystemModstamp=2018-03-27 10:04:50, CreatedById=0051r000007nKPLAA2, CreatedDate=2018-03-27 10:04:50, Id=a041r00000YuGNPAA3, LastModifiedById=0051r000007nKPLAA2}, test2__c:{LastModifiedDate=2018-03-27 10:01:25, IsDeleted=false, one2__c=data_one, two2__c=data_two, three2__c=data_three, SetupOwnerId=00D1r000000sW7MEAU, Name=testing, SystemModstamp=2018-03-27 10:01:25, CreatedById=0051r000007nKPLAA2, CreatedDate=2018-03-27 10:01:25, Id=a041r00000YuGL9AAN, LastModifiedById=0051r000007nKPLAA2})
11:44:40.1 (21146134)|STATEMENT_EXECUTE|[8]
11:44:40.1 (21197721)|HEAP_ALLOCATE|[8]|Bytes:12
11:44:40.1 (21209182)|VARIABLE_SCOPE_BEGIN|[8]|t2|Map<String,test2__c>|true|false
11:44:40.1 (21252591)|VARIABLE_ASSIGNMENT|[8]|t2|{"Dima":{"LastModifiedDate":"2018-03-27T10:04:50.000Z","IsDeleted":false,"one2__c":"1111","two2__c":"2222","three2__c":"3333","SetupOwnerId":"00D1r000000sW7MEAU","Name":"Dima","SystemModstamp":"2018-03-27T10:04:50.000Z","CreatedById":"0051r000007nKPLAA2","CreatedDate":"2018-03-27T10:04:50.000Z","Id":"a041r00000YuGNPAA3","LastModifiedById":"0051r000007nKPLAA2"},"testing":{"LastModifiedDate":"2018-03-27T10:01:25.000Z","IsDeleted":false,"one2__c":"data_one","two2__c":"data_two","three2__c":"data_three","SetupOwnerId":"00D1r000000sW7MEAU","Name":"testing","SystemModstamp":"2018-03-27T10:01:25.000Z","CreatedById":"0051r000007nKPLAA2","CreatedDate":"2018-03-27T10:01:25.000Z","Id":"a041r00000YuGL9AAN","LastModifiedById":"0051r000007nKPLAA2"}}|0x38468d5f
11:44:40.1 (21268274)|STATEMENT_EXECUTE|[9]
11:44:40.1 (21271775)|HEAP_ALLOCATE|[9]|Bytes:4
11:44:40.1 (21289534)|USER_DEBUG|[9]|DEBUG|gggg
11:44:40.1 (21296878)|STATEMENT_EXECUTE|[10]
11:44:40.1 (21390172)|USER_DEBUG|[10]|DEBUG|{Dima=test2__c:{LastModifiedDate=2018-03-27 10:04:50, IsDeleted=false, one2__c=1111, two2__c=2222, three2__c=3333, SetupOwnerId=00D1r000000sW7MEAU, Name=Dima, SystemModstamp=2018-03-27 10:04:50, CreatedById=0051r000007nKPLAA2, CreatedDate=2018-03-27 10:04:50, Id=a041r00000YuGNPAA3, LastModifiedById=0051r000007nKPLAA2}, testing=test2__c:{LastModifiedDate=2018-03-27 10:01:25, IsDeleted=false, one2__c=data_one, two2__c=data_two, three2__c=data_three, SetupOwnerId=00D1r000000sW7MEAU, Name=testing, SystemModstamp=2018-03-27 10:01:25, CreatedById=0051r000007nKPLAA2, CreatedDate=2018-03-27 10:01:25, Id=a041r00000YuGL9AAN, LastModifiedById=0051r000007nKPLAA2}}
11:44:40.1 (21407880)|STATEMENT_EXECUTE|[11]
11:44:40.1 (21411182)|HEAP_ALLOCATE|[11]|Bytes:4
11:44:40.1 (21803863)|HEAP_ALLOCATE|[11]|Bytes:52
11:44:40.1 (21819795)|VARIABLE_SCOPE_BEGIN|[11]|obj|test2__c|true|false
11:44:40.1 (21850277)|VARIABLE_ASSIGNMENT|[11]|obj|{"LastModifiedDate":"2018-03-27T10:04:50.000Z","IsDeleted":false,"one2__c":"1111","two2__c":"2222","three2__c":"3333","SetupOwnerId":"00D1r000000sW7MEAU","Name":"Dima","SystemModstamp":"2018-03-27T10:04:50.000Z","CreatedById":"0051r000007nKPLAA2","CreatedDate":"2018-03-27T10:04:50.000Z","Id":"a041r00000YuGNPAA3","LastModifiedById":"0051r000007nKPLAA2"}|0x3d4df052
11:44:40.1 (21862657)|STATEMENT_EXECUTE|[12]
11:44:40.1 (21938219)|USER_DEBUG|[12]|DEBUG|test2__c:{LastModifiedDate=2018-03-27 10:04:50, IsDeleted=false, one2__c=1111, two2__c=2222, three2__c=3333, SetupOwnerId=00D1r000000sW7MEAU, Name=Dima, SystemModstamp=2018-03-27 10:04:50, CreatedById=0051r000007nKPLAA2, CreatedDate=2018-03-27 10:04:50, Id=a041r00000YuGNPAA3, LastModifiedById=0051r000007nKPLAA2}
11:44:40.1 (21952001)|STATEMENT_EXECUTE|[13]
11:44:40.1 (21986121)|USER_DEBUG|[13]|DEBUG|Dima
11:44:40.1 (21993282)|STATEMENT_EXECUTE|[14]
11:44:40.1 (22008766)|USER_DEBUG|[14]|DEBUG|1111
11:44:40.1 (22022093)|METHOD_EXIT|[1]|01p1r000007pAtp|CustomTest.getCustData()
11:44:40.1 (22030214)|SYSTEM_MODE_EXIT|false
11:44:40.22 (22065292)|CUMULATIVE_LIMIT_USAGE
11:44:40.22 (22065292)|LIMIT_USAGE_FOR_NS|(default)|
  Number of SOQL queries: 0 out of 100
  Number of query rows: 0 out of 50000
  Number of SOSL queries: 0 out of 20
  Number of DML statements: 0 out of 150
  Number of DML rows: 0 out of 10000
  Maximum CPU time: 0 out of 10000
  Maximum heap size: 0 out of 6000000
  Number of callouts: 0 out of 100
  Number of Email Invocations: 0 out of 10
  Number of future calls: 0 out of 50
  Number of queueable jobs added to the queue: 0 out of 50
  Number of Mobile Apex push calls: 0 out of 10

11:44:40.22 (22065292)|CUMULATIVE_LIMIT_USAGE_END

11:44:40.1 (22121877)|CODE_UNIT_FINISHED|execute_anonymous_apex
11:44:40.1 (23410132)|EXECUTION_FINISHED
