42.0 APEX_CODE,FINEST;APEX_PROFILING,INFO;CALLOUT,INFO;DB,INFO;SYSTEM,DEBUG;VALIDATION,INFO;VISUALFORCE,INFO;WAVE,INFO;WORKFLOW,INFO
13:51:09.0 (327282)|EXECUTION_STARTED
13:51:09.0 (350261)|CODE_UNIT_STARTED|[EXTERNAL]|VisualForce View State
13:51:09.0 (4775896)|CODE_UNIT_FINISHED|VisualForce View State
13:51:09.0 (5596269)|EXECUTION_FINISHED
13:51:09.8 (8935739)|HEAP_ALLOCATE|[EXTERNAL]|Bytes:-4
13:51:09.9 (9026974)|HEAP_ALLOCATE|[EXTERNAL]|Bytes:-4
13:51:09.9 (9101131)|HEAP_ALLOCATE|[EXTERNAL]|Bytes:-4
13:51:09.9 (9173784)|HEAP_ALLOCATE|[EXTERNAL]|Bytes:-4
13:51:09.9 (9296185)|SYSTEM_MODE_ENTER|false
13:51:09.46 (46479354)|CUMULATIVE_LIMIT_USAGE
13:51:09.46 (46479354)|LIMIT_USAGE_FOR_NS|(default)|
  Number of SOQL queries: 0 out of 100
  Number of query rows: 0 out of 50000
  Number of SOSL queries: 0 out of 20
  Number of DML statements: 0 out of 150
  Number of DML rows: 0 out of 10000
  Maximum CPU time: 0 out of 10000
  Maximum heap size: 0 out of 6000000
  Number of callouts: 0 out of 100
  Number of Email Invocations: 0 out of 10
  Number of future calls: 0 out of 50
  Number of queueable jobs added to the queue: 0 out of 50
  Number of Mobile Apex push calls: 0 out of 10

13:51:09.46 (46479354)|CUMULATIVE_LIMIT_USAGE_END

