42.0 APEX_CODE,FINEST;APEX_PROFILING,INFO;CALLOUT,INFO;DB,INFO;SYSTEM,DEBUG;VALIDATION,INFO;VISUALFORCE,INFO;WAVE,INFO;WORKFLOW,INFO
Execute Anonymous: CustomTest.getCustData();
11:01:50.1 (1497853)|USER_INFO|[EXTERNAL]|0051r000007nKPL|assh4884@cunning-goat-277018.com|Greenwich Mean Time|GMT+01:00
11:01:50.1 (1521250)|EXECUTION_STARTED
11:01:50.1 (1525045)|CODE_UNIT_STARTED|[EXTERNAL]|execute_anonymous_apex
11:01:50.1 (1741329)|HEAP_ALLOCATE|[72]|Bytes:3
11:01:50.1 (1807615)|HEAP_ALLOCATE|[77]|Bytes:152
11:01:50.1 (1824920)|HEAP_ALLOCATE|[342]|Bytes:408
11:01:50.1 (1837931)|HEAP_ALLOCATE|[355]|Bytes:408
11:01:50.1 (1849799)|HEAP_ALLOCATE|[467]|Bytes:48
11:01:50.1 (1877807)|HEAP_ALLOCATE|[139]|Bytes:6
11:01:50.1 (1896338)|HEAP_ALLOCATE|[EXTERNAL]|Bytes:1
11:01:50.1 (2005676)|STATEMENT_EXECUTE|[1]
11:01:50.1 (2009244)|STATEMENT_EXECUTE|[1]
11:01:50.1 (2060367)|HEAP_ALLOCATE|[50]|Bytes:5
11:01:50.1 (2084727)|HEAP_ALLOCATE|[56]|Bytes:5
11:01:50.1 (2092282)|HEAP_ALLOCATE|[64]|Bytes:7
11:01:50.1 (2114120)|SYSTEM_MODE_ENTER|false
11:01:50.1 (2133192)|HEAP_ALLOCATE|[1]|Bytes:5
11:01:50.1 (3394845)|HEAP_ALLOCATE|[1]|Bytes:1
11:01:50.1 (3405206)|HEAP_ALLOCATE|[1]|Bytes:8
11:01:50.1 (3419602)|METHOD_ENTRY|[1]|01p1r000007pAtp|CustomTest.CustomTest()
11:01:50.1 (3427851)|STATEMENT_EXECUTE|[1]
11:01:50.1 (3432532)|STATEMENT_EXECUTE|[1]
11:01:50.1 (3444107)|HEAP_ALLOCATE|[1]|Bytes:5
11:01:50.1 (3456546)|METHOD_EXIT|[1]|CustomTest
11:01:50.1 (3480004)|METHOD_ENTRY|[1]|01p1r000007pAtp|CustomTest.getCustData()
11:01:50.1 (3524043)|HEAP_ALLOCATE|[4]|Bytes:5
11:01:50.1 (3528999)|STATEMENT_EXECUTE|[3]
11:01:50.1 (3530926)|STATEMENT_EXECUTE|[4]
11:01:50.1 (16430441)|HEAP_ALLOCATE|[4]|Bytes:8
11:01:50.1 (16680461)|HEAP_ALLOCATE|[EXTERNAL]|Bytes:8
11:01:50.1 (16711327)|HEAP_ALLOCATE|[4]|Bytes:299
11:01:50.1 (16733102)|VARIABLE_SCOPE_BEGIN|[4]|t|List<test2__c>|true|false
11:01:50.1 (16829165)|VARIABLE_ASSIGNMENT|[4]|t|[{"LastModifiedDate":"2018-03-27T10:01:25.000Z","IsDeleted":false,"one2__c":"data_one","two2__c":"data_two","three2__c":"data_three","SetupOwnerId":"00D1r000000sW7MEAU","Name":"testing","SystemModstamp":"2018-03-27T10:01:25.000Z","CreatedById":"0051r000007nKPLAA2","CreatedDate":"2018-03-27T10:01:25.000Z","Id":"a041r00000YuGL9AAN","LastModifiedById":"0051r000007nKPLAA2"}]|0x59ef24b9
11:01:50.1 (16845852)|STATEMENT_EXECUTE|[5]
11:01:50.1 (16852372)|HEAP_ALLOCATE|[5]|Bytes:5
11:01:50.1 (16930040)|USER_DEBUG|[5]|DEBUG|fffff
11:01:50.1 (16961157)|STATEMENT_EXECUTE|[6]
11:01:50.1 (17122480)|USER_DEBUG|[6]|DEBUG|(test2__c:{LastModifiedDate=2018-03-27 10:01:25, IsDeleted=false, one2__c=data_one, two2__c=data_two, three2__c=data_three, SetupOwnerId=00D1r000000sW7MEAU, Name=testing, SystemModstamp=2018-03-27 10:01:25, CreatedById=0051r000007nKPLAA2, CreatedDate=2018-03-27 10:01:25, Id=a041r00000YuGL9AAN, LastModifiedById=0051r000007nKPLAA2})
11:01:50.1 (17139070)|STATEMENT_EXECUTE|[8]
11:01:50.1 (17199543)|HEAP_ALLOCATE|[8]|Bytes:8
11:01:50.1 (17210959)|VARIABLE_SCOPE_BEGIN|[8]|t2|Map<String,test2__c>|true|false
11:01:50.1 (17246567)|VARIABLE_ASSIGNMENT|[8]|t2|{"testing":{"LastModifiedDate":"2018-03-27T10:01:25.000Z","IsDeleted":false,"one2__c":"data_one","two2__c":"data_two","three2__c":"data_three","SetupOwnerId":"00D1r000000sW7MEAU","Name":"testing","SystemModstamp":"2018-03-27T10:01:25.000Z","CreatedById":"0051r000007nKPLAA2","CreatedDate":"2018-03-27T10:01:25.000Z","Id":"a041r00000YuGL9AAN","LastModifiedById":"0051r000007nKPLAA2"}}|0x7f1c11c7
11:01:50.1 (17259103)|STATEMENT_EXECUTE|[9]
11:01:50.1 (17262262)|HEAP_ALLOCATE|[9]|Bytes:4
11:01:50.1 (17279370)|USER_DEBUG|[9]|DEBUG|gggg
11:01:50.1 (17286646)|STATEMENT_EXECUTE|[10]
11:01:50.1 (17352967)|USER_DEBUG|[10]|DEBUG|{testing=test2__c:{LastModifiedDate=2018-03-27 10:01:25, IsDeleted=false, one2__c=data_one, two2__c=data_two, three2__c=data_three, SetupOwnerId=00D1r000000sW7MEAU, Name=testing, SystemModstamp=2018-03-27 10:01:25, CreatedById=0051r000007nKPLAA2, CreatedDate=2018-03-27 10:01:25, Id=a041r00000YuGL9AAN, LastModifiedById=0051r000007nKPLAA2}}
11:01:50.1 (17377991)|METHOD_EXIT|[1]|01p1r000007pAtp|CustomTest.getCustData()
11:01:50.1 (17385238)|SYSTEM_MODE_EXIT|false
11:01:50.17 (17421877)|CUMULATIVE_LIMIT_USAGE
11:01:50.17 (17421877)|LIMIT_USAGE_FOR_NS|(default)|
  Number of SOQL queries: 0 out of 100
  Number of query rows: 0 out of 50000
  Number of SOSL queries: 0 out of 20
  Number of DML statements: 0 out of 150
  Number of DML rows: 0 out of 10000
  Maximum CPU time: 0 out of 10000
  Maximum heap size: 0 out of 6000000
  Number of callouts: 0 out of 100
  Number of Email Invocations: 0 out of 10
  Number of future calls: 0 out of 50
  Number of queueable jobs added to the queue: 0 out of 50
  Number of Mobile Apex push calls: 0 out of 10

11:01:50.17 (17421877)|CUMULATIVE_LIMIT_USAGE_END

11:01:50.1 (17458684)|CODE_UNIT_FINISHED|execute_anonymous_apex
11:01:50.1 (18951882)|EXECUTION_FINISHED
