42.0 APEX_CODE,FINEST;APEX_PROFILING,INFO;CALLOUT,INFO;DB,INFO;SYSTEM,DEBUG;VALIDATION,INFO;VISUALFORCE,INFO;WAVE,INFO;WORKFLOW,INFO
17:00:24.0 (291978)|USER_INFO|[EXTERNAL]|0051r000007nKPL|assh4884@cunning-goat-277018.com|Greenwich Mean Time|GMT+01:00
17:00:24.0 (325316)|EXECUTION_STARTED
17:00:24.0 (329325)|CODE_UNIT_STARTED|[EXTERNAL]|Aura
17:00:24.0 (1731607)|CODE_UNIT_STARTED|[EXTERNAL]|01p1r000007pMQE|DaysPartController.getDaysPart
17:00:24.0 (1956506)|HEAP_ALLOCATE|[72]|Bytes:3
17:00:24.0 (2001470)|HEAP_ALLOCATE|[77]|Bytes:152
17:00:24.0 (2012688)|HEAP_ALLOCATE|[342]|Bytes:408
17:00:24.0 (2024214)|HEAP_ALLOCATE|[355]|Bytes:408
17:00:24.0 (2034673)|HEAP_ALLOCATE|[467]|Bytes:48
17:00:24.0 (2056119)|HEAP_ALLOCATE|[139]|Bytes:6
17:00:24.0 (2069313)|HEAP_ALLOCATE|[EXTERNAL]|Bytes:4
17:00:24.0 (2095432)|HEAP_ALLOCATE|[EXTERNAL]|Bytes:2
17:00:24.0 (2106107)|METHOD_ENTRY|[1]|01p1r000007pMQE|DaysPartController.DaysPartController()
17:00:24.0 (2113318)|STATEMENT_EXECUTE|[1]
17:00:24.0 (2118203)|STATEMENT_EXECUTE|[1]
17:00:24.0 (2148033)|HEAP_ALLOCATE|[50]|Bytes:5
17:00:24.0 (2163777)|HEAP_ALLOCATE|[56]|Bytes:5
17:00:24.0 (2171696)|HEAP_ALLOCATE|[64]|Bytes:7
17:00:24.0 (2197058)|SYSTEM_MODE_ENTER|false
17:00:24.0 (2364893)|HEAP_ALLOCATE|[EXTERNAL]|Bytes:5
17:00:24.0 (2375252)|SYSTEM_MODE_EXIT|false
17:00:24.0 (2385376)|METHOD_EXIT|[1]|DaysPartController
17:00:24.0 (2398254)|SYSTEM_MODE_ENTER|false
17:00:24.0 (2413284)|HEAP_ALLOCATE|[5]|Bytes:5
17:00:24.0 (2418198)|STATEMENT_EXECUTE|[4]
17:00:24.0 (2419795)|STATEMENT_EXECUTE|[5]
17:00:24.0 (3593306)|HEAP_ALLOCATE|[5]|Bytes:16
17:00:24.0 (3624312)|VARIABLE_SCOPE_BEGIN|[5]|daysPart|Map<String,Days_part__c>|true|false
17:00:24.0 (3794019)|VARIABLE_ASSIGNMENT|[5]|daysPart|{"Morning":{"LastModifiedDate":"2018-03-27T12:50:19.000Z","IsDeleted":false,"SetupOwnerId":"00D1r000000sW7MEAU","Name":"Morning","SystemModstamp":"2018-03-27T12:50:19.000Z","End__c":12.0,"Separation__c":15.0,"CreatedById":"0051r000007nKPLAA2","Start__c":7.0,"CreatedDate":"2018-03-27T12:50:19.000Z","Id":"a051r00000nYll2AAC","LastModifiedById":"0051r000007nKPLAA2"},"Afternoon":{"LastModifiedDate":"2018-03-27T12:50:47.000Z","IsDeleted":false,"SetupOwnerId":"00D1r000000sW7MEAU","Name":"Afternoon","SystemModstamp":"2018-03-27T12:50:47.000Z","End__c":17.0,"Separation__c":30.0,"CreatedById":"0051r000007nKPLAA2","Start__c":12.0,"CreatedDate":"2018-03-27T12:50:47.000Z","Id":"a051r00000nYll7AAC","LastModifiedById":"0051r000007nKPLAA2"},"Night":{"LastModifiedDate":"2018-03-27T13:06:14.000Z","IsDeleted":false,"SetupOwnerId":"00D1r000000sW7MEAU","Name":"Night","SystemModstamp":"2018-03-27T13:06:14.000Z","End__c":23.0,"Separation__c":20.0,"CreatedById":"0051r000007nKPLAA2","Start__c":17.0,"CreatedDate":"2018-03-27T12:51:09.000Z","Id":"a051r00000nYllCAAS","LastModifiedById":"0051r000007nKPLAA2"}}|0x2be264a8
17:00:24.0 (3818718)|STATEMENT_EXECUTE|[6]
17:00:24.0 (3836527)|METHOD_ENTRY|[6]|01p1r000007pMQE|DaysPartController.getTimeCellsBySeparator(Map<String,Days_part__c>)
17:00:24.0 (3867132)|VARIABLE_SCOPE_BEGIN|[13]|daysPart|Map<String,Days_part__c>|true|false
17:00:24.0 (3907523)|VARIABLE_ASSIGNMENT|[13]|daysPart|{"Morning":{"LastModifiedDate":"2018-03-27T12:50:19.000Z","IsDeleted":false,"SetupOwnerId":"00D1r000000sW7MEAU","Name":"Morning","SystemModstamp":"2018-03-27T12:50:19.000Z","End__c":12.0,"Separation__c":15.0,"CreatedById":"0051r000007nKPLAA2","Start__c":7.0,"CreatedDate":"2018-03-27T12:50:19.000Z","Id":"a051r00000nYll2AAC","LastModifiedById":"0051r000007nKPLAA2"},"Afternoon":{"LastModifiedDate":"2018-03-27T12:50:47.000Z","IsDeleted":false,"SetupOwnerId":"00D1r000000sW7MEAU","Name":"Afternoon","SystemModstamp":"2018-03-27T12:50:47.000Z","End__c":17.0,"Separation__c":30.0,"CreatedById":"0051r000007nKPLAA2","Start__c":12.0,"CreatedDate":"2018-03-27T12:50:47.000Z","Id":"a051r00000nYll7AAC","LastModifiedById":"0051r000007nKPLAA2"},"Night":{"LastModifiedDate":"2018-03-27T13:06:14.000Z","IsDeleted":false,"SetupOwnerId":"00D1r000000sW7MEAU","Name":"Night","SystemModstamp":"2018-03-27T13:06:14.000Z","End__c":23.0,"Separation__c":20.0,"CreatedById":"0051r000007nKPLAA2","Start__c":17.0,"CreatedDate":"2018-03-27T12:51:09.000Z","Id":"a051r00000nYllCAAS","LastModifiedById":"0051r000007nKPLAA2"}}|0x2be264a8
17:00:24.0 (3941455)|HEAP_ALLOCATE|[15]|Bytes:5
17:00:24.0 (3947189)|STATEMENT_EXECUTE|[13]
17:00:24.0 (3948849)|STATEMENT_EXECUTE|[15]
17:00:24.0 (3972509)|HEAP_ALLOCATE|[15]|Bytes:4
17:00:24.0 (4008628)|VARIABLE_SCOPE_BEGIN|[15]|partAndTime|Map<String,Map<Integer,List<String>>>|true|false
17:00:24.0 (4023069)|VARIABLE_ASSIGNMENT|[15]|partAndTime|{}|0x3c640887
17:00:24.0 (4061073)|HEAP_ALLOCATE|[17]|Bytes:4
17:00:24.0 (4136279)|HEAP_ALLOCATE|[17]|Bytes:37
17:00:24.0 (4158873)|HEAP_ALLOCATE|[17]|Bytes:12
17:00:24.0 (4202583)|HEAP_ALLOCATE|[17]|Bytes:5
17:00:24.0 (4234578)|VARIABLE_SCOPE_BEGIN|[17]|name|String|false|false
17:00:24.0 (4246332)|VARIABLE_ASSIGNMENT|[17]|name|"Morning"
17:00:24.0 (4252243)|STATEMENT_EXECUTE|[17]
17:00:24.0 (4253764)|STATEMENT_EXECUTE|[19]
17:00:24.0 (4368341)|VARIABLE_SCOPE_BEGIN|[19]|startPoint|Integer|false|false
17:00:24.0 (4377673)|HEAP_ALLOCATE|[19]|Bytes:4
17:00:24.0 (4385064)|VARIABLE_ASSIGNMENT|[19]|startPoint|7
17:00:24.0 (4389528)|STATEMENT_EXECUTE|[20]
17:00:24.0 (4439540)|VARIABLE_SCOPE_BEGIN|[20]|endPoint|Integer|false|false
17:00:24.0 (4448449)|HEAP_ALLOCATE|[20]|Bytes:4
17:00:24.0 (4454228)|VARIABLE_ASSIGNMENT|[20]|endPoint|12
17:00:24.0 (4458752)|STATEMENT_EXECUTE|[21]
17:00:24.0 (4500622)|VARIABLE_SCOPE_BEGIN|[21]|separation|Integer|false|false
17:00:24.0 (4507599)|HEAP_ALLOCATE|[21]|Bytes:4
17:00:24.0 (4513468)|VARIABLE_ASSIGNMENT|[21]|separation|15
17:00:24.0 (4517231)|STATEMENT_EXECUTE|[23]
17:00:24.0 (4530494)|HEAP_ALLOCATE|[23]|Bytes:4
17:00:24.0 (4540734)|VARIABLE_SCOPE_BEGIN|[23]|hoursAndMinutes|Map<Integer,List<String>>|true|false
17:00:24.0 (4553981)|VARIABLE_ASSIGNMENT|[23]|hoursAndMinutes|{}|0x5ecefd5c
17:00:24.0 (4560492)|STATEMENT_EXECUTE|[24]
17:00:24.0 (4562498)|VARIABLE_SCOPE_BEGIN|[24]|i|Integer|false|false
17:00:24.0 (4568964)|HEAP_ALLOCATE|[24]|Bytes:4
17:00:24.0 (4573326)|VARIABLE_ASSIGNMENT|[24]|i|7
17:00:24.0 (4580958)|STATEMENT_EXECUTE|[24]
17:00:24.0 (4582317)|STATEMENT_EXECUTE|[25]
17:00:24.0 (4589006)|HEAP_ALLOCATE|[25]|Bytes:4
17:00:24.0 (4605455)|HEAP_ALLOCATE|[25]|Bytes:2
17:00:24.0 (4614303)|VARIABLE_SCOPE_BEGIN|[25]|minutes|List<String>|true|false
17:00:24.0 (4637567)|HEAP_ALLOCATE|[EXTERNAL]|Bytes:8
17:00:24.0 (4650307)|VARIABLE_ASSIGNMENT|[25]|minutes|["00"]|0x4272e632
17:00:24.0 (4655590)|STATEMENT_EXECUTE|[26]
17:00:24.0 (4658251)|VARIABLE_SCOPE_BEGIN|[26]|count|Integer|false|false
17:00:24.0 (4664895)|HEAP_ALLOCATE|[26]|Bytes:4
17:00:24.0 (4669123)|VARIABLE_ASSIGNMENT|[26]|count|15
17:00:24.0 (4674569)|STATEMENT_EXECUTE|[27]
17:00:24.0 (4676070)|STATEMENT_EXECUTE|[28]
17:00:24.0 (4707891)|HEAP_ALLOCATE|[28]|Bytes:2
17:00:24.0 (4731069)|HEAP_ALLOCATE|[EXTERNAL]|Bytes:4
17:00:24.0 (4736454)|STATEMENT_EXECUTE|[29]
17:00:24.0 (4740615)|HEAP_ALLOCATE|[29]|Bytes:4
17:00:24.0 (4746153)|VARIABLE_ASSIGNMENT|[29]|count|30
17:00:24.0 (4751172)|STATEMENT_EXECUTE|[27]
17:00:24.0 (4752505)|STATEMENT_EXECUTE|[28]
17:00:24.0 (4760005)|HEAP_ALLOCATE|[28]|Bytes:2
17:00:24.0 (4769561)|HEAP_ALLOCATE|[EXTERNAL]|Bytes:4
17:00:24.0 (4774149)|STATEMENT_EXECUTE|[29]
17:00:24.0 (4776098)|HEAP_ALLOCATE|[29]|Bytes:4
17:00:24.0 (4780206)|VARIABLE_ASSIGNMENT|[29]|count|45
17:00:24.0 (4784298)|STATEMENT_EXECUTE|[27]
17:00:24.0 (4785521)|STATEMENT_EXECUTE|[28]
17:00:24.0 (4791771)|HEAP_ALLOCATE|[28]|Bytes:2
17:00:24.0 (4800832)|HEAP_ALLOCATE|[EXTERNAL]|Bytes:4
17:00:24.0 (4805295)|STATEMENT_EXECUTE|[29]
17:00:24.0 (4807073)|HEAP_ALLOCATE|[29]|Bytes:4
17:00:24.0 (4811455)|VARIABLE_ASSIGNMENT|[29]|count|60
17:00:24.0 (4817428)|STATEMENT_EXECUTE|[31]
17:00:24.0 (4838771)|HEAP_ALLOCATE|[31]|Bytes:4
17:00:24.0 (4846328)|HEAP_ALLOCATE|[EXTERNAL]|Bytes:-4
17:00:24.0 (4854072)|HEAP_ALLOCATE|[24]|Bytes:4
17:00:24.0 (4859700)|VARIABLE_ASSIGNMENT|[24]|i|8
17:00:24.0 (4864800)|STATEMENT_EXECUTE|[24]
17:00:24.0 (4866133)|STATEMENT_EXECUTE|[25]
17:00:24.0 (4872584)|HEAP_ALLOCATE|[25]|Bytes:4
17:00:24.0 (4883796)|VARIABLE_SCOPE_BEGIN|[25]|minutes|List<String>|true|false
17:00:24.0 (4900765)|HEAP_ALLOCATE|[EXTERNAL]|Bytes:8
17:00:24.0 (4908169)|VARIABLE_ASSIGNMENT|[25]|minutes|["00"]|0x5fdee3e
17:00:24.0 (4913426)|STATEMENT_EXECUTE|[26]
17:00:24.0 (4915932)|VARIABLE_SCOPE_BEGIN|[26]|count|Integer|false|false
17:00:24.0 (4921823)|HEAP_ALLOCATE|[26]|Bytes:4
17:00:24.0 (4926373)|VARIABLE_ASSIGNMENT|[26]|count|15
17:00:24.0 (4931130)|STATEMENT_EXECUTE|[27]
17:00:24.0 (4932389)|STATEMENT_EXECUTE|[28]
17:00:24.0 (4941617)|HEAP_ALLOCATE|[28]|Bytes:2
17:00:24.0 (4951534)|HEAP_ALLOCATE|[EXTERNAL]|Bytes:4
17:00:24.0 (4956962)|STATEMENT_EXECUTE|[29]
17:00:24.0 (4958897)|HEAP_ALLOCATE|[29]|Bytes:4
17:00:24.0 (4963235)|VARIABLE_ASSIGNMENT|[29]|count|30
17:00:24.0 (4967557)|STATEMENT_EXECUTE|[27]
17:00:24.0 (4968912)|STATEMENT_EXECUTE|[28]
17:00:24.0 (4975136)|HEAP_ALLOCATE|[28]|Bytes:2
17:00:24.0 (4983930)|HEAP_ALLOCATE|[EXTERNAL]|Bytes:4
17:00:24.0 (4988556)|STATEMENT_EXECUTE|[29]
17:00:24.0 (4990375)|HEAP_ALLOCATE|[29]|Bytes:4
17:00:24.0 (4994573)|VARIABLE_ASSIGNMENT|[29]|count|45
17:00:24.0 (4998143)|STATEMENT_EXECUTE|[27]
17:00:24.0 (4999365)|STATEMENT_EXECUTE|[28]
17:00:24.0 (5005406)|HEAP_ALLOCATE|[28]|Bytes:2
17:00:24.0 (5015476)|HEAP_ALLOCATE|[EXTERNAL]|Bytes:4
17:00:24.0 (5019829)|STATEMENT_EXECUTE|[29]
17:00:24.0 (5021642)|HEAP_ALLOCATE|[29]|Bytes:4
17:00:24.0 (5025614)|VARIABLE_ASSIGNMENT|[29]|count|60
17:00:24.0 (5029231)|STATEMENT_EXECUTE|[31]
17:00:24.0 (5033679)|HEAP_ALLOCATE|[31]|Bytes:4
17:00:24.0 (5037855)|HEAP_ALLOCATE|[EXTERNAL]|Bytes:-4
17:00:24.0 (5043230)|HEAP_ALLOCATE|[24]|Bytes:4
17:00:24.0 (5047486)|VARIABLE_ASSIGNMENT|[24]|i|9
17:00:24.0 (5051366)|STATEMENT_EXECUTE|[24]
17:00:24.0 (5052665)|STATEMENT_EXECUTE|[25]
17:00:24.0 (5058214)|HEAP_ALLOCATE|[25]|Bytes:4
17:00:24.0 (5067760)|VARIABLE_SCOPE_BEGIN|[25]|minutes|List<String>|true|false
17:00:24.0 (5082856)|HEAP_ALLOCATE|[EXTERNAL]|Bytes:8
17:00:24.0 (5089027)|VARIABLE_ASSIGNMENT|[25]|minutes|["00"]|0x2cf0c7c0
17:00:24.0 (5093914)|STATEMENT_EXECUTE|[26]
17:00:24.0 (5096211)|VARIABLE_SCOPE_BEGIN|[26]|count|Integer|false|false
17:00:24.0 (5102281)|HEAP_ALLOCATE|[26]|Bytes:4
17:00:24.0 (5106070)|VARIABLE_ASSIGNMENT|[26]|count|15
17:00:24.0 (5110455)|STATEMENT_EXECUTE|[27]
17:00:24.0 (5111734)|STATEMENT_EXECUTE|[28]
17:00:24.0 (5120358)|HEAP_ALLOCATE|[28]|Bytes:2
17:00:24.0 (5129819)|HEAP_ALLOCATE|[EXTERNAL]|Bytes:4
17:00:24.0 (5134434)|STATEMENT_EXECUTE|[29]
17:00:24.0 (5136379)|HEAP_ALLOCATE|[29]|Bytes:4
17:00:24.0 (5140841)|VARIABLE_ASSIGNMENT|[29]|count|30
17:00:24.0 (5144813)|STATEMENT_EXECUTE|[27]
17:00:24.0 (5146042)|STATEMENT_EXECUTE|[28]
17:00:24.0 (5152200)|HEAP_ALLOCATE|[28]|Bytes:2
17:00:24.0 (5160646)|HEAP_ALLOCATE|[EXTERNAL]|Bytes:4
17:00:24.0 (5165082)|STATEMENT_EXECUTE|[29]
17:00:24.0 (5167634)|HEAP_ALLOCATE|[29]|Bytes:4
17:00:24.0 (5171730)|VARIABLE_ASSIGNMENT|[29]|count|45
17:00:24.0 (5175919)|STATEMENT_EXECUTE|[27]
17:00:24.0 (5177144)|STATEMENT_EXECUTE|[28]
17:00:24.0 (5183315)|HEAP_ALLOCATE|[28]|Bytes:2
17:00:24.0 (5191451)|HEAP_ALLOCATE|[EXTERNAL]|Bytes:4
17:00:24.0 (5195555)|STATEMENT_EXECUTE|[29]
17:00:24.0 (5197346)|HEAP_ALLOCATE|[29]|Bytes:4
17:00:24.0 (5201542)|VARIABLE_ASSIGNMENT|[29]|count|60
17:00:24.0 (5206196)|STATEMENT_EXECUTE|[31]
17:00:24.0 (5210490)|HEAP_ALLOCATE|[31]|Bytes:4
17:00:24.0 (5214340)|HEAP_ALLOCATE|[EXTERNAL]|Bytes:-4
17:00:24.0 (5219223)|HEAP_ALLOCATE|[24]|Bytes:4
17:00:24.0 (5223247)|VARIABLE_ASSIGNMENT|[24]|i|10
17:00:24.0 (5227350)|STATEMENT_EXECUTE|[24]
17:00:24.0 (5228622)|STATEMENT_EXECUTE|[25]
17:00:24.0 (5233482)|HEAP_ALLOCATE|[25]|Bytes:4
17:00:24.0 (5242507)|VARIABLE_SCOPE_BEGIN|[25]|minutes|List<String>|true|false
17:00:24.0 (5255688)|HEAP_ALLOCATE|[EXTERNAL]|Bytes:8
17:00:24.0 (5261491)|VARIABLE_ASSIGNMENT|[25]|minutes|["00"]|0x79e6e71a
17:00:24.0 (5266641)|STATEMENT_EXECUTE|[26]
17:00:24.0 (5268879)|VARIABLE_SCOPE_BEGIN|[26]|count|Integer|false|false
17:00:24.0 (5274785)|HEAP_ALLOCATE|[26]|Bytes:4
17:00:24.0 (5278911)|VARIABLE_ASSIGNMENT|[26]|count|15
17:00:24.0 (5283131)|STATEMENT_EXECUTE|[27]
17:00:24.0 (5284402)|STATEMENT_EXECUTE|[28]
17:00:24.0 (5292889)|HEAP_ALLOCATE|[28]|Bytes:2
17:00:24.0 (5302434)|HEAP_ALLOCATE|[EXTERNAL]|Bytes:4
17:00:24.0 (5306807)|STATEMENT_EXECUTE|[29]
17:00:24.0 (5308675)|HEAP_ALLOCATE|[29]|Bytes:4
17:00:24.0 (5312729)|VARIABLE_ASSIGNMENT|[29]|count|30
17:00:24.0 (5316208)|STATEMENT_EXECUTE|[27]
17:00:24.0 (5317450)|STATEMENT_EXECUTE|[28]
17:00:24.0 (5323719)|HEAP_ALLOCATE|[28]|Bytes:2
17:00:24.0 (5332791)|HEAP_ALLOCATE|[EXTERNAL]|Bytes:4
17:00:24.0 (5336909)|STATEMENT_EXECUTE|[29]
17:00:24.0 (5338679)|HEAP_ALLOCATE|[29]|Bytes:4
17:00:24.0 (5342688)|VARIABLE_ASSIGNMENT|[29]|count|45
17:00:24.0 (5346689)|STATEMENT_EXECUTE|[27]
17:00:24.0 (5347906)|STATEMENT_EXECUTE|[28]
17:00:24.0 (5353995)|HEAP_ALLOCATE|[28]|Bytes:2
17:00:24.0 (5362804)|HEAP_ALLOCATE|[EXTERNAL]|Bytes:4
17:00:24.0 (5367033)|STATEMENT_EXECUTE|[29]
17:00:24.0 (5368848)|HEAP_ALLOCATE|[29]|Bytes:4
17:00:24.0 (5372720)|VARIABLE_ASSIGNMENT|[29]|count|60
17:00:24.0 (5376738)|STATEMENT_EXECUTE|[31]
17:00:24.0 (5380983)|HEAP_ALLOCATE|[31]|Bytes:4
17:00:24.0 (5384831)|HEAP_ALLOCATE|[EXTERNAL]|Bytes:-4
17:00:24.0 (5389967)|HEAP_ALLOCATE|[24]|Bytes:4
17:00:24.0 (5394038)|VARIABLE_ASSIGNMENT|[24]|i|11
17:00:24.0 (5397655)|STATEMENT_EXECUTE|[24]
17:00:24.0 (5398947)|STATEMENT_EXECUTE|[25]
17:00:24.0 (5403381)|HEAP_ALLOCATE|[25]|Bytes:4
17:00:24.0 (5412025)|VARIABLE_SCOPE_BEGIN|[25]|minutes|List<String>|true|false
17:00:24.0 (5425802)|HEAP_ALLOCATE|[EXTERNAL]|Bytes:8
17:00:24.0 (5432083)|VARIABLE_ASSIGNMENT|[25]|minutes|["00"]|0x1e7b9dbb
17:00:24.0 (5437115)|STATEMENT_EXECUTE|[26]
17:00:24.0 (5439329)|VARIABLE_SCOPE_BEGIN|[26]|count|Integer|false|false
17:00:24.0 (5445101)|HEAP_ALLOCATE|[26]|Bytes:4
17:00:24.0 (5449841)|VARIABLE_ASSIGNMENT|[26]|count|15
17:00:24.0 (5454354)|STATEMENT_EXECUTE|[27]
17:00:24.0 (5455627)|STATEMENT_EXECUTE|[28]
17:00:24.0 (5464214)|HEAP_ALLOCATE|[28]|Bytes:2
17:00:24.0 (5473670)|HEAP_ALLOCATE|[EXTERNAL]|Bytes:4
17:00:24.0 (5477870)|STATEMENT_EXECUTE|[29]
17:00:24.0 (5479858)|HEAP_ALLOCATE|[29]|Bytes:4
17:00:24.0 (5484293)|VARIABLE_ASSIGNMENT|[29]|count|30
17:00:24.0 (5488197)|STATEMENT_EXECUTE|[27]
17:00:24.0 (5489614)|STATEMENT_EXECUTE|[28]
17:00:24.0 (5495952)|HEAP_ALLOCATE|[28]|Bytes:2
17:00:24.0 (5504541)|HEAP_ALLOCATE|[EXTERNAL]|Bytes:4
17:00:24.0 (5508708)|STATEMENT_EXECUTE|[29]
17:00:24.0 (5510523)|HEAP_ALLOCATE|[29]|Bytes:4
17:00:24.0 (5515077)|VARIABLE_ASSIGNMENT|[29]|count|45
17:00:24.0 (5519804)|STATEMENT_EXECUTE|[27]
17:00:24.0 (5521010)|STATEMENT_EXECUTE|[28]
17:00:24.0 (5526870)|HEAP_ALLOCATE|[28]|Bytes:2
17:00:24.0 (5535269)|HEAP_ALLOCATE|[EXTERNAL]|Bytes:4
17:00:24.0 (5539693)|STATEMENT_EXECUTE|[29]
17:00:24.0 (5541582)|HEAP_ALLOCATE|[29]|Bytes:4
17:00:24.0 (5545700)|VARIABLE_ASSIGNMENT|[29]|count|60
17:00:24.0 (5550049)|STATEMENT_EXECUTE|[31]
17:00:24.0 (5554231)|HEAP_ALLOCATE|[31]|Bytes:4
17:00:24.0 (5558196)|HEAP_ALLOCATE|[EXTERNAL]|Bytes:-4
17:00:24.0 (5562881)|HEAP_ALLOCATE|[24]|Bytes:4
17:00:24.0 (5567046)|VARIABLE_ASSIGNMENT|[24]|i|12
17:00:24.0 (5571712)|STATEMENT_EXECUTE|[33]
17:00:24.0 (5593526)|HEAP_ALLOCATE|[EXTERNAL]|Bytes:-4
17:00:24.0 (5606303)|HEAP_ALLOCATE|[17]|Bytes:5
17:00:24.0 (5616804)|VARIABLE_SCOPE_BEGIN|[17]|name|String|false|false
17:00:24.0 (5626038)|VARIABLE_ASSIGNMENT|[17]|name|"Afternoon"
17:00:24.0 (5630164)|STATEMENT_EXECUTE|[17]
17:00:24.0 (5631525)|STATEMENT_EXECUTE|[19]
17:00:24.0 (5670849)|VARIABLE_SCOPE_BEGIN|[19]|startPoint|Integer|false|false
17:00:24.0 (5677890)|HEAP_ALLOCATE|[19]|Bytes:4
17:00:24.0 (5682990)|VARIABLE_ASSIGNMENT|[19]|startPoint|12
17:00:24.0 (5686618)|STATEMENT_EXECUTE|[20]
17:00:24.0 (5706718)|VARIABLE_SCOPE_BEGIN|[20]|endPoint|Integer|false|false
17:00:24.0 (5718045)|HEAP_ALLOCATE|[20]|Bytes:4
17:00:24.0 (5722978)|VARIABLE_ASSIGNMENT|[20]|endPoint|17
17:00:24.0 (5727024)|STATEMENT_EXECUTE|[21]
17:00:24.0 (5747187)|VARIABLE_SCOPE_BEGIN|[21]|separation|Integer|false|false
17:00:24.0 (5753433)|HEAP_ALLOCATE|[21]|Bytes:4
17:00:24.0 (5758129)|VARIABLE_ASSIGNMENT|[21]|separation|30
17:00:24.0 (5761851)|STATEMENT_EXECUTE|[23]
17:00:24.0 (5772317)|HEAP_ALLOCATE|[23]|Bytes:4
17:00:24.0 (5778215)|VARIABLE_SCOPE_BEGIN|[23]|hoursAndMinutes|Map<Integer,List<String>>|true|false
17:00:24.0 (5790438)|VARIABLE_ASSIGNMENT|[23]|hoursAndMinutes|{}|0x5e790bc0
17:00:24.0 (5795561)|STATEMENT_EXECUTE|[24]
17:00:24.0 (5797828)|VARIABLE_SCOPE_BEGIN|[24]|i|Integer|false|false
17:00:24.0 (5803811)|HEAP_ALLOCATE|[24]|Bytes:4
17:00:24.0 (5807907)|VARIABLE_ASSIGNMENT|[24]|i|12
17:00:24.0 (5811899)|STATEMENT_EXECUTE|[24]
17:00:24.0 (5813534)|STATEMENT_EXECUTE|[25]
17:00:24.0 (5818755)|HEAP_ALLOCATE|[25]|Bytes:4
17:00:24.0 (5829849)|VARIABLE_SCOPE_BEGIN|[25]|minutes|List<String>|true|false
17:00:24.0 (5846743)|HEAP_ALLOCATE|[EXTERNAL]|Bytes:8
17:00:24.0 (5853865)|VARIABLE_ASSIGNMENT|[25]|minutes|["00"]|0x1069f922
17:00:24.0 (5858960)|STATEMENT_EXECUTE|[26]
17:00:24.0 (5861688)|VARIABLE_SCOPE_BEGIN|[26]|count|Integer|false|false
17:00:24.0 (5867378)|HEAP_ALLOCATE|[26]|Bytes:4
17:00:24.0 (5871444)|VARIABLE_ASSIGNMENT|[26]|count|30
17:00:24.0 (5876028)|STATEMENT_EXECUTE|[27]
17:00:24.0 (5877266)|STATEMENT_EXECUTE|[28]
17:00:24.0 (5886646)|HEAP_ALLOCATE|[28]|Bytes:2
17:00:24.0 (5896953)|HEAP_ALLOCATE|[EXTERNAL]|Bytes:4
17:00:24.0 (5901587)|STATEMENT_EXECUTE|[29]
17:00:24.0 (5903791)|HEAP_ALLOCATE|[29]|Bytes:4
17:00:24.0 (5908480)|VARIABLE_ASSIGNMENT|[29]|count|60
17:00:24.0 (5913667)|STATEMENT_EXECUTE|[31]
17:00:24.0 (5918136)|HEAP_ALLOCATE|[31]|Bytes:4
17:00:24.0 (5922633)|HEAP_ALLOCATE|[EXTERNAL]|Bytes:-4
17:00:24.0 (5927648)|HEAP_ALLOCATE|[24]|Bytes:4
17:00:24.0 (5932396)|VARIABLE_ASSIGNMENT|[24]|i|13
17:00:24.0 (5936630)|STATEMENT_EXECUTE|[24]
17:00:24.0 (5937846)|STATEMENT_EXECUTE|[25]
17:00:24.0 (5943034)|HEAP_ALLOCATE|[25]|Bytes:4
17:00:24.0 (5952251)|VARIABLE_SCOPE_BEGIN|[25]|minutes|List<String>|true|false
17:00:24.0 (5966989)|HEAP_ALLOCATE|[EXTERNAL]|Bytes:8
17:00:24.0 (5973311)|VARIABLE_ASSIGNMENT|[25]|minutes|["00"]|0x52bd28d1
17:00:24.0 (5978444)|STATEMENT_EXECUTE|[26]
17:00:24.0 (5980636)|VARIABLE_SCOPE_BEGIN|[26]|count|Integer|false|false
17:00:24.0 (5987056)|HEAP_ALLOCATE|[26]|Bytes:4
17:00:24.0 (5991218)|VARIABLE_ASSIGNMENT|[26]|count|30
17:00:24.0 (5995386)|STATEMENT_EXECUTE|[27]
17:00:24.0 (5996613)|STATEMENT_EXECUTE|[28]
17:00:24.0 (6005346)|HEAP_ALLOCATE|[28]|Bytes:2
17:00:24.0 (6016385)|HEAP_ALLOCATE|[EXTERNAL]|Bytes:4
17:00:24.0 (6021232)|STATEMENT_EXECUTE|[29]
17:00:24.0 (6023268)|HEAP_ALLOCATE|[29]|Bytes:4
17:00:24.0 (6027729)|VARIABLE_ASSIGNMENT|[29]|count|60
17:00:24.0 (6032104)|STATEMENT_EXECUTE|[31]
17:00:24.0 (6036286)|HEAP_ALLOCATE|[31]|Bytes:4
17:00:24.0 (6040219)|HEAP_ALLOCATE|[EXTERNAL]|Bytes:-4
17:00:24.0 (6045053)|HEAP_ALLOCATE|[24]|Bytes:4
17:00:24.0 (6049655)|VARIABLE_ASSIGNMENT|[24]|i|14
17:00:24.0 (6053340)|STATEMENT_EXECUTE|[24]
17:00:24.0 (6054569)|STATEMENT_EXECUTE|[25]
17:00:24.0 (6059487)|HEAP_ALLOCATE|[25]|Bytes:4
17:00:24.0 (6068350)|VARIABLE_SCOPE_BEGIN|[25]|minutes|List<String>|true|false
17:00:24.0 (6082741)|HEAP_ALLOCATE|[EXTERNAL]|Bytes:8
17:00:24.0 (6088451)|VARIABLE_ASSIGNMENT|[25]|minutes|["00"]|0x4edee16e
17:00:24.0 (6093129)|STATEMENT_EXECUTE|[26]
17:00:24.0 (6095368)|VARIABLE_SCOPE_BEGIN|[26]|count|Integer|false|false
17:00:24.0 (6101351)|HEAP_ALLOCATE|[26]|Bytes:4
17:00:24.0 (6105253)|VARIABLE_ASSIGNMENT|[26]|count|30
17:00:24.0 (6109651)|STATEMENT_EXECUTE|[27]
17:00:24.0 (6110972)|STATEMENT_EXECUTE|[28]
17:00:24.0 (6119837)|HEAP_ALLOCATE|[28]|Bytes:2
17:00:24.0 (6129580)|HEAP_ALLOCATE|[EXTERNAL]|Bytes:4
17:00:24.0 (6133996)|STATEMENT_EXECUTE|[29]
17:00:24.0 (6135915)|HEAP_ALLOCATE|[29]|Bytes:4
17:00:24.0 (6139958)|VARIABLE_ASSIGNMENT|[29]|count|60
17:00:24.0 (6144565)|STATEMENT_EXECUTE|[31]
17:00:24.0 (6148661)|HEAP_ALLOCATE|[31]|Bytes:4
17:00:24.0 (6152417)|HEAP_ALLOCATE|[EXTERNAL]|Bytes:-4
17:00:24.0 (6156695)|HEAP_ALLOCATE|[24]|Bytes:4
17:00:24.0 (6160993)|VARIABLE_ASSIGNMENT|[24]|i|15
17:00:24.0 (6164683)|STATEMENT_EXECUTE|[24]
17:00:24.0 (6166045)|STATEMENT_EXECUTE|[25]
17:00:24.0 (6170601)|HEAP_ALLOCATE|[25]|Bytes:4
17:00:24.0 (6180027)|VARIABLE_SCOPE_BEGIN|[25]|minutes|List<String>|true|false
17:00:24.0 (6193298)|HEAP_ALLOCATE|[EXTERNAL]|Bytes:8
17:00:24.0 (6199655)|VARIABLE_ASSIGNMENT|[25]|minutes|["00"]|0x58efc47e
17:00:24.0 (6204683)|STATEMENT_EXECUTE|[26]
17:00:24.0 (6206868)|VARIABLE_SCOPE_BEGIN|[26]|count|Integer|false|false
17:00:24.0 (6213006)|HEAP_ALLOCATE|[26]|Bytes:4
17:00:24.0 (6217822)|VARIABLE_ASSIGNMENT|[26]|count|30
17:00:24.0 (6222265)|STATEMENT_EXECUTE|[27]
17:00:24.0 (6223476)|STATEMENT_EXECUTE|[28]
17:00:24.0 (6232303)|HEAP_ALLOCATE|[28]|Bytes:2
17:00:24.0 (6241938)|HEAP_ALLOCATE|[EXTERNAL]|Bytes:4
17:00:24.0 (6246720)|STATEMENT_EXECUTE|[29]
17:00:24.0 (6248591)|HEAP_ALLOCATE|[29]|Bytes:4
17:00:24.0 (6253728)|VARIABLE_ASSIGNMENT|[29]|count|60
17:00:24.0 (6258050)|STATEMENT_EXECUTE|[31]
17:00:24.0 (6262189)|HEAP_ALLOCATE|[31]|Bytes:4
17:00:24.0 (6266107)|HEAP_ALLOCATE|[EXTERNAL]|Bytes:-4
17:00:24.0 (6271045)|HEAP_ALLOCATE|[24]|Bytes:4
17:00:24.0 (6275358)|VARIABLE_ASSIGNMENT|[24]|i|16
17:00:24.0 (6279601)|STATEMENT_EXECUTE|[24]
17:00:24.0 (6280926)|STATEMENT_EXECUTE|[25]
17:00:24.0 (6285590)|HEAP_ALLOCATE|[25]|Bytes:4
17:00:24.0 (6294086)|VARIABLE_SCOPE_BEGIN|[25]|minutes|List<String>|true|false
17:00:24.0 (6306939)|HEAP_ALLOCATE|[EXTERNAL]|Bytes:8
17:00:24.0 (6312692)|VARIABLE_ASSIGNMENT|[25]|minutes|["00"]|0x71086a8
17:00:24.0 (6317279)|STATEMENT_EXECUTE|[26]
17:00:24.0 (6319519)|VARIABLE_SCOPE_BEGIN|[26]|count|Integer|false|false
17:00:24.0 (6325565)|HEAP_ALLOCATE|[26]|Bytes:4
17:00:24.0 (6329536)|VARIABLE_ASSIGNMENT|[26]|count|30
17:00:24.0 (6333629)|STATEMENT_EXECUTE|[27]
17:00:24.0 (6334907)|STATEMENT_EXECUTE|[28]
17:00:24.0 (6343223)|HEAP_ALLOCATE|[28]|Bytes:2
17:00:24.0 (6352849)|HEAP_ALLOCATE|[EXTERNAL]|Bytes:4
17:00:24.0 (6357325)|STATEMENT_EXECUTE|[29]
17:00:24.0 (6359286)|HEAP_ALLOCATE|[29]|Bytes:4
17:00:24.0 (6363858)|VARIABLE_ASSIGNMENT|[29]|count|60
17:00:24.0 (6368279)|STATEMENT_EXECUTE|[31]
17:00:24.0 (6372295)|HEAP_ALLOCATE|[31]|Bytes:4
17:00:24.0 (6375957)|HEAP_ALLOCATE|[EXTERNAL]|Bytes:-4
17:00:24.0 (6380923)|HEAP_ALLOCATE|[24]|Bytes:4
17:00:24.0 (6385071)|VARIABLE_ASSIGNMENT|[24]|i|17
17:00:24.0 (6388882)|STATEMENT_EXECUTE|[33]
17:00:24.0 (6394321)|HEAP_ALLOCATE|[EXTERNAL]|Bytes:-4
17:00:24.0 (6404102)|HEAP_ALLOCATE|[17]|Bytes:5
17:00:24.0 (6413526)|VARIABLE_SCOPE_BEGIN|[17]|name|String|false|false
17:00:24.0 (6421876)|VARIABLE_ASSIGNMENT|[17]|name|"Night"
17:00:24.0 (6425891)|STATEMENT_EXECUTE|[17]
17:00:24.0 (6427115)|STATEMENT_EXECUTE|[19]
17:00:24.0 (6460076)|VARIABLE_SCOPE_BEGIN|[19]|startPoint|Integer|false|false
17:00:24.0 (6466929)|HEAP_ALLOCATE|[19]|Bytes:4
17:00:24.0 (6472261)|VARIABLE_ASSIGNMENT|[19]|startPoint|17
17:00:24.0 (6475792)|STATEMENT_EXECUTE|[20]
17:00:24.0 (6495916)|VARIABLE_SCOPE_BEGIN|[20]|endPoint|Integer|false|false
17:00:24.0 (6502920)|HEAP_ALLOCATE|[20]|Bytes:4
17:00:24.0 (6506895)|VARIABLE_ASSIGNMENT|[20]|endPoint|23
17:00:24.0 (6510210)|STATEMENT_EXECUTE|[21]
17:00:24.0 (6529244)|VARIABLE_SCOPE_BEGIN|[21]|separation|Integer|false|false
17:00:24.0 (6535701)|HEAP_ALLOCATE|[21]|Bytes:4
17:00:24.0 (6540273)|VARIABLE_ASSIGNMENT|[21]|separation|20
17:00:24.0 (6543921)|STATEMENT_EXECUTE|[23]
17:00:24.0 (6553472)|HEAP_ALLOCATE|[23]|Bytes:4
17:00:24.0 (6558973)|VARIABLE_SCOPE_BEGIN|[23]|hoursAndMinutes|Map<Integer,List<String>>|true|false
17:00:24.0 (6569977)|VARIABLE_ASSIGNMENT|[23]|hoursAndMinutes|{}|0x3c50dd3b
17:00:24.0 (6575252)|STATEMENT_EXECUTE|[24]
17:00:24.0 (6577347)|VARIABLE_SCOPE_BEGIN|[24]|i|Integer|false|false
17:00:24.0 (6583381)|HEAP_ALLOCATE|[24]|Bytes:4
17:00:24.0 (6588123)|VARIABLE_ASSIGNMENT|[24]|i|17
17:00:24.0 (6592299)|STATEMENT_EXECUTE|[24]
17:00:24.0 (6593686)|STATEMENT_EXECUTE|[25]
17:00:24.0 (6598764)|HEAP_ALLOCATE|[25]|Bytes:4
17:00:24.0 (6608245)|VARIABLE_SCOPE_BEGIN|[25]|minutes|List<String>|true|false
17:00:24.0 (6623846)|HEAP_ALLOCATE|[EXTERNAL]|Bytes:8
17:00:24.0 (6630914)|VARIABLE_ASSIGNMENT|[25]|minutes|["00"]|0x53c8e4e
17:00:24.0 (6636133)|STATEMENT_EXECUTE|[26]
17:00:24.0 (6639228)|VARIABLE_SCOPE_BEGIN|[26]|count|Integer|false|false
17:00:24.0 (6646138)|HEAP_ALLOCATE|[26]|Bytes:4
17:00:24.0 (6650493)|VARIABLE_ASSIGNMENT|[26]|count|20
17:00:24.0 (6654706)|STATEMENT_EXECUTE|[27]
17:00:24.0 (6656035)|STATEMENT_EXECUTE|[28]
17:00:24.0 (6665449)|HEAP_ALLOCATE|[28]|Bytes:2
17:00:24.0 (6675768)|HEAP_ALLOCATE|[EXTERNAL]|Bytes:4
17:00:24.0 (6680456)|STATEMENT_EXECUTE|[29]
17:00:24.0 (6682433)|HEAP_ALLOCATE|[29]|Bytes:4
17:00:24.0 (6687506)|VARIABLE_ASSIGNMENT|[29]|count|40
17:00:24.0 (6692000)|STATEMENT_EXECUTE|[27]
17:00:24.0 (6693408)|STATEMENT_EXECUTE|[28]
17:00:24.0 (6700087)|HEAP_ALLOCATE|[28]|Bytes:2
17:00:24.0 (6708305)|HEAP_ALLOCATE|[EXTERNAL]|Bytes:4
17:00:24.0 (6716341)|STATEMENT_EXECUTE|[29]
17:00:24.0 (6718273)|HEAP_ALLOCATE|[29]|Bytes:4
17:00:24.0 (6722911)|VARIABLE_ASSIGNMENT|[29]|count|60
17:00:24.0 (6727256)|STATEMENT_EXECUTE|[31]
17:00:24.0 (6731977)|HEAP_ALLOCATE|[31]|Bytes:4
17:00:24.0 (6736516)|HEAP_ALLOCATE|[EXTERNAL]|Bytes:-4
17:00:24.0 (6741653)|HEAP_ALLOCATE|[24]|Bytes:4
17:00:24.0 (6746099)|VARIABLE_ASSIGNMENT|[24]|i|18
17:00:24.0 (6749720)|STATEMENT_EXECUTE|[24]
17:00:24.0 (6751000)|STATEMENT_EXECUTE|[25]
17:00:24.0 (6755939)|HEAP_ALLOCATE|[25]|Bytes:4
17:00:24.0 (6769809)|VARIABLE_SCOPE_BEGIN|[25]|minutes|List<String>|true|false
17:00:24.0 (6784718)|HEAP_ALLOCATE|[EXTERNAL]|Bytes:8
17:00:24.0 (6790791)|VARIABLE_ASSIGNMENT|[25]|minutes|["00"]|0x23d676a3
17:00:24.0 (6795642)|STATEMENT_EXECUTE|[26]
17:00:24.0 (6798208)|VARIABLE_SCOPE_BEGIN|[26]|count|Integer|false|false
17:00:24.0 (6803681)|HEAP_ALLOCATE|[26]|Bytes:4
17:00:24.0 (6810768)|VARIABLE_ASSIGNMENT|[26]|count|20
17:00:24.0 (6816134)|STATEMENT_EXECUTE|[27]
17:00:24.0 (6817343)|STATEMENT_EXECUTE|[28]
17:00:24.0 (6826238)|HEAP_ALLOCATE|[28]|Bytes:2
17:00:24.0 (6835804)|HEAP_ALLOCATE|[EXTERNAL]|Bytes:4
17:00:24.0 (6840218)|STATEMENT_EXECUTE|[29]
17:00:24.0 (6842077)|HEAP_ALLOCATE|[29]|Bytes:4
17:00:24.0 (6847044)|VARIABLE_ASSIGNMENT|[29]|count|40
17:00:24.0 (6851439)|STATEMENT_EXECUTE|[27]
17:00:24.0 (6852747)|STATEMENT_EXECUTE|[28]
17:00:24.0 (6858881)|HEAP_ALLOCATE|[28]|Bytes:2
17:00:24.0 (6867686)|HEAP_ALLOCATE|[EXTERNAL]|Bytes:4
17:00:24.0 (6872132)|STATEMENT_EXECUTE|[29]
17:00:24.0 (6873929)|HEAP_ALLOCATE|[29]|Bytes:4
17:00:24.0 (6878630)|VARIABLE_ASSIGNMENT|[29]|count|60
17:00:24.0 (6882550)|STATEMENT_EXECUTE|[31]
17:00:24.0 (6886776)|HEAP_ALLOCATE|[31]|Bytes:4
17:00:24.0 (6889907)|HEAP_ALLOCATE|[EXTERNAL]|Bytes:-4
17:00:24.0 (6894355)|HEAP_ALLOCATE|[24]|Bytes:4
17:00:24.0 (6899008)|VARIABLE_ASSIGNMENT|[24]|i|19
17:00:24.0 (6903840)|STATEMENT_EXECUTE|[24]
17:00:24.0 (6905241)|STATEMENT_EXECUTE|[25]
17:00:24.0 (6909897)|HEAP_ALLOCATE|[25]|Bytes:4
17:00:24.0 (6918692)|VARIABLE_SCOPE_BEGIN|[25]|minutes|List<String>|true|false
17:00:24.0 (6932676)|HEAP_ALLOCATE|[EXTERNAL]|Bytes:8
17:00:24.0 (6938316)|VARIABLE_ASSIGNMENT|[25]|minutes|["00"]|0x207091b7
17:00:24.0 (6942864)|STATEMENT_EXECUTE|[26]
17:00:24.0 (6945367)|VARIABLE_SCOPE_BEGIN|[26]|count|Integer|false|false
17:00:24.0 (6954939)|HEAP_ALLOCATE|[26]|Bytes:4
17:00:24.0 (6959440)|VARIABLE_ASSIGNMENT|[26]|count|20
17:00:24.0 (6964777)|STATEMENT_EXECUTE|[27]
17:00:24.0 (6966049)|STATEMENT_EXECUTE|[28]
17:00:24.0 (6974734)|HEAP_ALLOCATE|[28]|Bytes:2
17:00:24.0 (6985234)|HEAP_ALLOCATE|[EXTERNAL]|Bytes:4
17:00:24.0 (6989545)|STATEMENT_EXECUTE|[29]
17:00:24.0 (6991451)|HEAP_ALLOCATE|[29]|Bytes:4
17:00:24.0 (6996217)|VARIABLE_ASSIGNMENT|[29]|count|40
17:00:24.0 (7000781)|STATEMENT_EXECUTE|[27]
17:00:24.0 (7002563)|STATEMENT_EXECUTE|[28]
17:00:24.0 (7009179)|HEAP_ALLOCATE|[28]|Bytes:2
17:00:24.0 (7017833)|HEAP_ALLOCATE|[EXTERNAL]|Bytes:4
17:00:24.0 (7022461)|STATEMENT_EXECUTE|[29]
17:00:24.0 (7024276)|HEAP_ALLOCATE|[29]|Bytes:4
17:00:24.0 (7028601)|VARIABLE_ASSIGNMENT|[29]|count|60
17:00:24.0 (7033118)|STATEMENT_EXECUTE|[31]
17:00:24.0 (7037226)|HEAP_ALLOCATE|[31]|Bytes:4
17:00:24.0 (7041284)|HEAP_ALLOCATE|[EXTERNAL]|Bytes:-4
17:00:24.0 (7045632)|HEAP_ALLOCATE|[24]|Bytes:4
17:00:24.0 (7050748)|VARIABLE_ASSIGNMENT|[24]|i|20
17:00:24.0 (7054821)|STATEMENT_EXECUTE|[24]
17:00:24.0 (7056030)|STATEMENT_EXECUTE|[25]
17:00:24.0 (7060825)|HEAP_ALLOCATE|[25]|Bytes:4
17:00:24.0 (7070464)|VARIABLE_SCOPE_BEGIN|[25]|minutes|List<String>|true|false
17:00:24.0 (7084211)|HEAP_ALLOCATE|[EXTERNAL]|Bytes:8
17:00:24.0 (7090288)|VARIABLE_ASSIGNMENT|[25]|minutes|["00"]|0x1af33987
17:00:24.0 (7095300)|STATEMENT_EXECUTE|[26]
17:00:24.0 (7097463)|VARIABLE_SCOPE_BEGIN|[26]|count|Integer|false|false
17:00:24.0 (7103579)|HEAP_ALLOCATE|[26]|Bytes:4
17:00:24.0 (7107515)|VARIABLE_ASSIGNMENT|[26]|count|20
17:00:24.0 (7111760)|STATEMENT_EXECUTE|[27]
17:00:24.0 (7113040)|STATEMENT_EXECUTE|[28]
17:00:24.0 (7121780)|HEAP_ALLOCATE|[28]|Bytes:2
17:00:24.0 (7131693)|HEAP_ALLOCATE|[EXTERNAL]|Bytes:4
17:00:24.0 (7136148)|STATEMENT_EXECUTE|[29]
17:00:24.0 (7138011)|HEAP_ALLOCATE|[29]|Bytes:4
17:00:24.0 (7142481)|VARIABLE_ASSIGNMENT|[29]|count|40
17:00:24.0 (7146325)|STATEMENT_EXECUTE|[27]
17:00:24.0 (7147859)|STATEMENT_EXECUTE|[28]
17:00:24.0 (7154261)|HEAP_ALLOCATE|[28]|Bytes:2
17:00:24.0 (7164309)|HEAP_ALLOCATE|[EXTERNAL]|Bytes:4
17:00:24.0 (7168663)|STATEMENT_EXECUTE|[29]
17:00:24.0 (7170530)|HEAP_ALLOCATE|[29]|Bytes:4
17:00:24.0 (7174626)|VARIABLE_ASSIGNMENT|[29]|count|60
17:00:24.0 (7178367)|STATEMENT_EXECUTE|[31]
17:00:24.0 (7182419)|HEAP_ALLOCATE|[31]|Bytes:4
17:00:24.0 (7186056)|HEAP_ALLOCATE|[EXTERNAL]|Bytes:-4
17:00:24.0 (7191543)|HEAP_ALLOCATE|[24]|Bytes:4
17:00:24.0 (7195618)|VARIABLE_ASSIGNMENT|[24]|i|21
17:00:24.0 (7199146)|STATEMENT_EXECUTE|[24]
17:00:24.0 (7200394)|STATEMENT_EXECUTE|[25]
17:00:24.0 (7204525)|HEAP_ALLOCATE|[25]|Bytes:4
17:00:24.0 (7213106)|VARIABLE_SCOPE_BEGIN|[25]|minutes|List<String>|true|false
17:00:24.0 (7226623)|HEAP_ALLOCATE|[EXTERNAL]|Bytes:8
17:00:24.0 (7232408)|VARIABLE_ASSIGNMENT|[25]|minutes|["00"]|0x7b5c9a69
17:00:24.0 (7237477)|STATEMENT_EXECUTE|[26]
17:00:24.0 (7239695)|VARIABLE_SCOPE_BEGIN|[26]|count|Integer|false|false
17:00:24.0 (7245450)|HEAP_ALLOCATE|[26]|Bytes:4
17:00:24.0 (7250085)|VARIABLE_ASSIGNMENT|[26]|count|20
17:00:24.0 (7254501)|STATEMENT_EXECUTE|[27]
17:00:24.0 (7255772)|STATEMENT_EXECUTE|[28]
17:00:24.0 (7264097)|HEAP_ALLOCATE|[28]|Bytes:2
17:00:24.0 (7274538)|HEAP_ALLOCATE|[EXTERNAL]|Bytes:4
17:00:24.0 (7278792)|STATEMENT_EXECUTE|[29]
17:00:24.0 (7280638)|HEAP_ALLOCATE|[29]|Bytes:4
17:00:24.0 (7285681)|VARIABLE_ASSIGNMENT|[29]|count|40
17:00:24.0 (7290114)|STATEMENT_EXECUTE|[27]
17:00:24.0 (7291319)|STATEMENT_EXECUTE|[28]
17:00:24.0 (7297190)|HEAP_ALLOCATE|[28]|Bytes:2
17:00:24.0 (7305357)|HEAP_ALLOCATE|[EXTERNAL]|Bytes:4
17:00:24.0 (7309747)|STATEMENT_EXECUTE|[29]
17:00:24.0 (7311599)|HEAP_ALLOCATE|[29]|Bytes:4
17:00:24.0 (7316616)|VARIABLE_ASSIGNMENT|[29]|count|60
17:00:24.0 (7320644)|STATEMENT_EXECUTE|[31]
17:00:24.0 (7324958)|HEAP_ALLOCATE|[31]|Bytes:4
17:00:24.0 (7328690)|HEAP_ALLOCATE|[EXTERNAL]|Bytes:-4
17:00:24.0 (7333086)|HEAP_ALLOCATE|[24]|Bytes:4
17:00:24.0 (7337783)|VARIABLE_ASSIGNMENT|[24]|i|22
17:00:24.0 (7341820)|STATEMENT_EXECUTE|[24]
17:00:24.0 (7343233)|STATEMENT_EXECUTE|[25]
17:00:24.0 (7347749)|HEAP_ALLOCATE|[25]|Bytes:4
17:00:24.0 (7356279)|VARIABLE_SCOPE_BEGIN|[25]|minutes|List<String>|true|false
17:00:24.0 (7369911)|HEAP_ALLOCATE|[EXTERNAL]|Bytes:8
17:00:24.0 (7376005)|VARIABLE_ASSIGNMENT|[25]|minutes|["00"]|0x6baf98cf
17:00:24.0 (7381069)|STATEMENT_EXECUTE|[26]
17:00:24.0 (7383347)|VARIABLE_SCOPE_BEGIN|[26]|count|Integer|false|false
17:00:24.0 (7388822)|HEAP_ALLOCATE|[26]|Bytes:4
17:00:24.0 (7392774)|VARIABLE_ASSIGNMENT|[26]|count|20
17:00:24.0 (7396605)|STATEMENT_EXECUTE|[27]
17:00:24.0 (7397879)|STATEMENT_EXECUTE|[28]
17:00:24.0 (7406459)|HEAP_ALLOCATE|[28]|Bytes:2
17:00:24.0 (7416105)|HEAP_ALLOCATE|[EXTERNAL]|Bytes:4
17:00:24.0 (7420272)|STATEMENT_EXECUTE|[29]
17:00:24.0 (7422168)|HEAP_ALLOCATE|[29]|Bytes:4
17:00:24.0 (7426875)|VARIABLE_ASSIGNMENT|[29]|count|40
17:00:24.0 (7431080)|STATEMENT_EXECUTE|[27]
17:00:24.0 (7432439)|STATEMENT_EXECUTE|[28]
17:00:24.0 (7438651)|HEAP_ALLOCATE|[28]|Bytes:2
17:00:24.0 (7446995)|HEAP_ALLOCATE|[EXTERNAL]|Bytes:4
17:00:24.0 (7451863)|STATEMENT_EXECUTE|[29]
17:00:24.0 (7453775)|HEAP_ALLOCATE|[29]|Bytes:4
17:00:24.0 (7457805)|VARIABLE_ASSIGNMENT|[29]|count|60
17:00:24.0 (7461652)|STATEMENT_EXECUTE|[31]
17:00:24.0 (7465798)|HEAP_ALLOCATE|[31]|Bytes:4
17:00:24.0 (7470086)|HEAP_ALLOCATE|[EXTERNAL]|Bytes:-4
17:00:24.0 (7474813)|HEAP_ALLOCATE|[24]|Bytes:4
17:00:24.0 (7479557)|VARIABLE_ASSIGNMENT|[24]|i|23
17:00:24.0 (7483492)|STATEMENT_EXECUTE|[33]
17:00:24.0 (7489335)|HEAP_ALLOCATE|[EXTERNAL]|Bytes:-4
17:00:24.0 (7500166)|HEAP_ALLOCATE|[17]|Bytes:5
17:00:24.0 (7509816)|VARIABLE_ASSIGNMENT|[17]|name|null
17:00:24.0 (7513777)|STATEMENT_EXECUTE|[35]
17:00:24.0 (7565507)|USER_DEBUG|[35]|DEBUG|{Afternoon={12=(00, 30), 13=(00, 30), 14=(00, 30), 15=(00, 30), 16=(00, 30)}, Morning={7=(00, 15, 30, 45), 8=(00, 15, 30, 45), 9=(00, 15, 30, 45), 10=(00, 15, 30, 45), 11=(00, 15, 30, 45)}, Night={17=(00, 20, 40), 18=(00, 20, 40), 19=(00, 20, 40), 20=(00, 20, 40), 21=(00, 20, 40), 22=(00, 20, 40)}}
17:00:24.0 (7586612)|METHOD_EXIT|[6]|01p1r000007pMQE|DaysPartController.getTimeCellsBySeparator(Map<String,Days_part__c>)
17:00:24.0 (7592339)|STATEMENT_EXECUTE|[10]
17:00:24.0 (7599250)|SYSTEM_MODE_EXIT|false
17:00:24.7 (7627011)|CUMULATIVE_LIMIT_USAGE
17:00:24.7 (7627011)|LIMIT_USAGE_FOR_NS|(default)|
  Number of SOQL queries: 0 out of 100
  Number of query rows: 0 out of 50000
  Number of SOSL queries: 0 out of 20
  Number of DML statements: 0 out of 150
  Number of DML rows: 0 out of 10000
  Maximum CPU time: 0 out of 10000
  Maximum heap size: 0 out of 6000000
  Number of callouts: 0 out of 100
  Number of Email Invocations: 0 out of 10
  Number of future calls: 0 out of 50
  Number of queueable jobs added to the queue: 0 out of 50
  Number of Mobile Apex push calls: 0 out of 10

17:00:24.7 (7627011)|CUMULATIVE_LIMIT_USAGE_END

17:00:24.0 (7659311)|CODE_UNIT_FINISHED|DaysPartController.getDaysPart
17:00:24.0 (7782099)|CODE_UNIT_FINISHED|Aura
17:00:24.0 (8666214)|EXECUTION_FINISHED
