42.0 APEX_CODE,FINEST;APEX_PROFILING,INFO;CALLOUT,INFO;DB,INFO;SYSTEM,DEBUG;VALIDATION,INFO;VISUALFORCE,INFO;WAVE,INFO;WORKFLOW,INFO
14:24:26.0 (325074)|USER_INFO|[EXTERNAL]|0051r000007nKPL|assh4884@cunning-goat-277018.com|Greenwich Mean Time|GMT+01:00
14:24:26.0 (357343)|EXECUTION_STARTED
14:24:26.0 (360826)|CODE_UNIT_STARTED|[EXTERNAL]|Aura
14:24:26.0 (3193952)|CODE_UNIT_STARTED|[EXTERNAL]|01p1r000007pMQE|DaysPartController.getDaysPart
14:24:26.0 (3505282)|HEAP_ALLOCATE|[72]|Bytes:3
14:24:26.0 (3559666)|HEAP_ALLOCATE|[77]|Bytes:152
14:24:26.0 (3574367)|HEAP_ALLOCATE|[342]|Bytes:408
14:24:26.0 (3586611)|HEAP_ALLOCATE|[355]|Bytes:408
14:24:26.0 (3597231)|HEAP_ALLOCATE|[467]|Bytes:48
14:24:26.0 (3624426)|HEAP_ALLOCATE|[139]|Bytes:6
14:24:26.0 (3639302)|HEAP_ALLOCATE|[EXTERNAL]|Bytes:1
14:24:26.0 (26512023)|METHOD_ENTRY|[1]|01p1r000007pMQE|DaysPartController.DaysPartController()
14:24:26.0 (26523355)|STATEMENT_EXECUTE|[1]
14:24:26.0 (26529567)|STATEMENT_EXECUTE|[1]
14:24:26.0 (26560498)|HEAP_ALLOCATE|[50]|Bytes:5
14:24:26.0 (26582014)|HEAP_ALLOCATE|[56]|Bytes:5
14:24:26.0 (26589519)|HEAP_ALLOCATE|[64]|Bytes:7
14:24:26.0 (26613675)|SYSTEM_MODE_ENTER|false
14:24:26.0 (26780969)|HEAP_ALLOCATE|[EXTERNAL]|Bytes:5
14:24:26.0 (26790410)|SYSTEM_MODE_EXIT|false
14:24:26.0 (26811918)|METHOD_EXIT|[1]|DaysPartController
14:24:26.0 (26825996)|SYSTEM_MODE_ENTER|false
14:24:26.0 (26839533)|HEAP_ALLOCATE|[5]|Bytes:5
14:24:26.0 (26843964)|STATEMENT_EXECUTE|[4]
14:24:26.0 (26845466)|STATEMENT_EXECUTE|[5]
14:24:26.0 (35970891)|HEAP_ALLOCATE|[5]|Bytes:16
14:24:26.0 (36046816)|SYSTEM_MODE_EXIT|false
14:24:26.36 (36078912)|CUMULATIVE_LIMIT_USAGE
14:24:26.36 (36078912)|LIMIT_USAGE_FOR_NS|(default)|
  Number of SOQL queries: 0 out of 100
  Number of query rows: 0 out of 50000
  Number of SOSL queries: 0 out of 20
  Number of DML statements: 0 out of 150
  Number of DML rows: 0 out of 10000
  Maximum CPU time: 0 out of 10000
  Maximum heap size: 0 out of 6000000
  Number of callouts: 0 out of 100
  Number of Email Invocations: 0 out of 10
  Number of future calls: 0 out of 50
  Number of queueable jobs added to the queue: 0 out of 50
  Number of Mobile Apex push calls: 0 out of 10

14:24:26.36 (36078912)|CUMULATIVE_LIMIT_USAGE_END

14:24:26.0 (36107993)|CODE_UNIT_FINISHED|DaysPartController.getDaysPart
14:24:26.0 (36253046)|CODE_UNIT_FINISHED|Aura
14:24:26.0 (37458519)|EXECUTION_FINISHED
