42.0 APEX_CODE,FINEST;APEX_PROFILING,INFO;CALLOUT,INFO;DB,INFO;SYSTEM,DEBUG;VALIDATION,INFO;VISUALFORCE,INFO;WAVE,INFO;WORKFLOW,INFO
Execute Anonymous: DaysPartController.getDaysPart();
16:48:49.1 (1297652)|USER_INFO|[EXTERNAL]|0051r000007nKPL|assh4884@cunning-goat-277018.com|Greenwich Mean Time|GMT+01:00
16:48:49.1 (1320829)|EXECUTION_STARTED
16:48:49.1 (1324943)|CODE_UNIT_STARTED|[EXTERNAL]|execute_anonymous_apex
16:48:49.1 (1514826)|HEAP_ALLOCATE|[72]|Bytes:3
16:48:49.1 (1556611)|HEAP_ALLOCATE|[77]|Bytes:152
16:48:49.1 (1571979)|HEAP_ALLOCATE|[342]|Bytes:408
16:48:49.1 (1583830)|HEAP_ALLOCATE|[355]|Bytes:408
16:48:49.1 (1594477)|HEAP_ALLOCATE|[467]|Bytes:48
16:48:49.1 (1621108)|HEAP_ALLOCATE|[139]|Bytes:6
16:48:49.1 (1637822)|HEAP_ALLOCATE|[EXTERNAL]|Bytes:1
16:48:49.1 (1710307)|STATEMENT_EXECUTE|[1]
16:48:49.1 (1712747)|STATEMENT_EXECUTE|[1]
16:48:49.1 (1758608)|HEAP_ALLOCATE|[50]|Bytes:5
16:48:49.1 (1786459)|HEAP_ALLOCATE|[56]|Bytes:5
16:48:49.1 (1793464)|HEAP_ALLOCATE|[64]|Bytes:7
16:48:49.1 (1814288)|SYSTEM_MODE_ENTER|false
16:48:49.1 (1828751)|HEAP_ALLOCATE|[1]|Bytes:5
16:48:49.1 (20100886)|HEAP_ALLOCATE|[1]|Bytes:4
16:48:49.1 (20111884)|HEAP_ALLOCATE|[1]|Bytes:2
16:48:49.1 (20125860)|METHOD_ENTRY|[1]|01p1r000007pMQE|DaysPartController.DaysPartController()
16:48:49.1 (20131604)|STATEMENT_EXECUTE|[1]
16:48:49.1 (20135968)|STATEMENT_EXECUTE|[1]
16:48:49.1 (20148545)|HEAP_ALLOCATE|[1]|Bytes:5
16:48:49.1 (20158955)|METHOD_EXIT|[1]|DaysPartController
16:48:49.1 (20182725)|METHOD_ENTRY|[1]|01p1r000007pMQE|DaysPartController.getDaysPart()
16:48:49.1 (20298959)|HEAP_ALLOCATE|[5]|Bytes:5
16:48:49.1 (20307048)|STATEMENT_EXECUTE|[4]
16:48:49.1 (20309573)|STATEMENT_EXECUTE|[5]
16:48:49.1 (21000125)|HEAP_ALLOCATE|[5]|Bytes:16
16:48:49.1 (21020965)|VARIABLE_SCOPE_BEGIN|[5]|daysPart|Map<String,Days_part__c>|true|false
16:48:49.1 (21109588)|VARIABLE_ASSIGNMENT|[5]|daysPart|{"Morning":{"LastModifiedDate":"2018-03-27T12:50:19.000Z","IsDeleted":false,"SetupOwnerId":"00D1r000000sW7MEAU","Name":"Morning","SystemModstamp":"2018-03-27T12:50:19.000Z","End__c":12.0,"Separation__c":15.0,"CreatedById":"0051r000007nKPLAA2","Start__c":7.0,"CreatedDate":"2018-03-27T12:50:19.000Z","Id":"a051r00000nYll2AAC","LastModifiedById":"0051r000007nKPLAA2"},"Afternoon":{"LastModifiedDate":"2018-03-27T12:50:47.000Z","IsDeleted":false,"SetupOwnerId":"00D1r000000sW7MEAU","Name":"Afternoon","SystemModstamp":"2018-03-27T12:50:47.000Z","End__c":17.0,"Separation__c":30.0,"CreatedById":"0051r000007nKPLAA2","Start__c":12.0,"CreatedDate":"2018-03-27T12:50:47.000Z","Id":"a051r00000nYll7AAC","LastModifiedById":"0051r000007nKPLAA2"},"Night":{"LastModifiedDate":"2018-03-27T13:06:14.000Z","IsDeleted":false,"SetupOwnerId":"00D1r000000sW7MEAU","Name":"Night","SystemModstamp":"2018-03-27T13:06:14.000Z","End__c":23.0,"Separation__c":20.0,"CreatedById":"0051r000007nKPLAA2","Start__c":17.0,"CreatedDate":"2018-03-27T12:51:09.000Z","Id":"a051r00000nYllCAAS","LastModifiedById":"0051r000007nKPLAA2"}}|0x8fb9980
16:48:49.1 (21133010)|STATEMENT_EXECUTE|[6]
16:48:49.1 (21147793)|METHOD_ENTRY|[6]|01p1r000007pMQE|DaysPartController.getTimeCellsBySeparator(Map<String,Days_part__c>)
16:48:49.1 (21175076)|VARIABLE_SCOPE_BEGIN|[13]|daysPart|Map<String,Days_part__c>|true|false
16:48:49.1 (21214334)|VARIABLE_ASSIGNMENT|[13]|daysPart|{"Morning":{"LastModifiedDate":"2018-03-27T12:50:19.000Z","IsDeleted":false,"SetupOwnerId":"00D1r000000sW7MEAU","Name":"Morning","SystemModstamp":"2018-03-27T12:50:19.000Z","End__c":12.0,"Separation__c":15.0,"CreatedById":"0051r000007nKPLAA2","Start__c":7.0,"CreatedDate":"2018-03-27T12:50:19.000Z","Id":"a051r00000nYll2AAC","LastModifiedById":"0051r000007nKPLAA2"},"Afternoon":{"LastModifiedDate":"2018-03-27T12:50:47.000Z","IsDeleted":false,"SetupOwnerId":"00D1r000000sW7MEAU","Name":"Afternoon","SystemModstamp":"2018-03-27T12:50:47.000Z","End__c":17.0,"Separation__c":30.0,"CreatedById":"0051r000007nKPLAA2","Start__c":12.0,"CreatedDate":"2018-03-27T12:50:47.000Z","Id":"a051r00000nYll7AAC","LastModifiedById":"0051r000007nKPLAA2"},"Night":{"LastModifiedDate":"2018-03-27T13:06:14.000Z","IsDeleted":false,"SetupOwnerId":"00D1r000000sW7MEAU","Name":"Night","SystemModstamp":"2018-03-27T13:06:14.000Z","End__c":23.0,"Separation__c":20.0,"CreatedById":"0051r000007nKPLAA2","Start__c":17.0,"CreatedDate":"2018-03-27T12:51:09.000Z","Id":"a051r00000nYllCAAS","LastModifiedById":"0051r000007nKPLAA2"}}|0x8fb9980
16:48:49.1 (21245500)|HEAP_ALLOCATE|[15]|Bytes:5
16:48:49.1 (21250715)|STATEMENT_EXECUTE|[13]
16:48:49.1 (21252231)|STATEMENT_EXECUTE|[15]
16:48:49.1 (21273325)|HEAP_ALLOCATE|[15]|Bytes:4
16:48:49.1 (21288271)|VARIABLE_SCOPE_BEGIN|[15]|partAndTime|Map<String,Map<Integer,List<String>>>|true|false
16:48:49.1 (21300918)|VARIABLE_ASSIGNMENT|[15]|partAndTime|{}|0x1c2a6012
16:48:49.1 (21342513)|HEAP_ALLOCATE|[17]|Bytes:4
16:48:49.1 (21421586)|HEAP_ALLOCATE|[17]|Bytes:37
16:48:49.1 (21443309)|HEAP_ALLOCATE|[17]|Bytes:12
16:48:49.1 (21485764)|HEAP_ALLOCATE|[17]|Bytes:5
16:48:49.1 (21502405)|VARIABLE_SCOPE_BEGIN|[17]|name|String|false|false
16:48:49.1 (21512683)|VARIABLE_ASSIGNMENT|[17]|name|"Morning"
16:48:49.1 (21517256)|STATEMENT_EXECUTE|[17]
16:48:49.1 (21518759)|STATEMENT_EXECUTE|[19]
16:48:49.1 (21634705)|VARIABLE_SCOPE_BEGIN|[19]|startPoint|Integer|false|false
16:48:49.1 (21643128)|HEAP_ALLOCATE|[19]|Bytes:4
16:48:49.1 (21650185)|VARIABLE_ASSIGNMENT|[19]|startPoint|7
16:48:49.1 (21654461)|STATEMENT_EXECUTE|[20]
16:48:49.1 (21703640)|VARIABLE_SCOPE_BEGIN|[20]|endPoint|Integer|false|false
16:48:49.1 (21711055)|HEAP_ALLOCATE|[20]|Bytes:4
16:48:49.1 (21717004)|VARIABLE_ASSIGNMENT|[20]|endPoint|12
16:48:49.1 (21720812)|STATEMENT_EXECUTE|[21]
16:48:49.1 (21761193)|VARIABLE_SCOPE_BEGIN|[21]|separation|Integer|false|false
16:48:49.1 (21774599)|HEAP_ALLOCATE|[21]|Bytes:4
16:48:49.1 (21780341)|VARIABLE_ASSIGNMENT|[21]|separation|15
16:48:49.1 (21784647)|STATEMENT_EXECUTE|[23]
16:48:49.1 (21798844)|HEAP_ALLOCATE|[23]|Bytes:4
16:48:49.1 (21807719)|VARIABLE_SCOPE_BEGIN|[23]|hoursAndMinutes|Map<Integer,List<String>>|true|false
16:48:49.1 (21819699)|VARIABLE_ASSIGNMENT|[23]|hoursAndMinutes|{}|0x48a92177
16:48:49.1 (21825023)|STATEMENT_EXECUTE|[24]
16:48:49.1 (21827277)|VARIABLE_SCOPE_BEGIN|[24]|i|Integer|false|false
16:48:49.1 (21833014)|HEAP_ALLOCATE|[24]|Bytes:4
16:48:49.1 (21837245)|VARIABLE_ASSIGNMENT|[24]|i|7
16:48:49.1 (21843187)|STATEMENT_EXECUTE|[24]
16:48:49.1 (21844429)|STATEMENT_EXECUTE|[25]
16:48:49.1 (21850578)|HEAP_ALLOCATE|[25]|Bytes:4
16:48:49.1 (21866395)|HEAP_ALLOCATE|[25]|Bytes:2
16:48:49.1 (21874477)|VARIABLE_SCOPE_BEGIN|[25]|minutes|List<String>|true|false
16:48:49.1 (21903345)|HEAP_ALLOCATE|[EXTERNAL]|Bytes:8
16:48:49.1 (21914875)|VARIABLE_ASSIGNMENT|[25]|minutes|["00"]|0x74cf280
16:48:49.1 (21919968)|STATEMENT_EXECUTE|[26]
16:48:49.1 (21922481)|VARIABLE_SCOPE_BEGIN|[26]|count|Integer|false|false
16:48:49.1 (21928492)|HEAP_ALLOCATE|[26]|Bytes:4
16:48:49.1 (21932833)|VARIABLE_ASSIGNMENT|[26]|count|15
16:48:49.1 (21938021)|STATEMENT_EXECUTE|[27]
16:48:49.1 (21939652)|STATEMENT_EXECUTE|[28]
16:48:49.1 (21969784)|HEAP_ALLOCATE|[28]|Bytes:2
16:48:49.1 (21985776)|HEAP_ALLOCATE|[EXTERNAL]|Bytes:4
16:48:49.1 (21991082)|STATEMENT_EXECUTE|[29]
16:48:49.1 (21995192)|HEAP_ALLOCATE|[29]|Bytes:4
16:48:49.1 (22000537)|VARIABLE_ASSIGNMENT|[29]|count|30
16:48:49.1 (22005909)|STATEMENT_EXECUTE|[27]
16:48:49.1 (22007202)|STATEMENT_EXECUTE|[28]
16:48:49.1 (22014955)|HEAP_ALLOCATE|[28]|Bytes:2
16:48:49.1 (22024187)|HEAP_ALLOCATE|[EXTERNAL]|Bytes:4
16:48:49.1 (22028566)|STATEMENT_EXECUTE|[29]
16:48:49.1 (22030771)|HEAP_ALLOCATE|[29]|Bytes:4
16:48:49.1 (22035633)|VARIABLE_ASSIGNMENT|[29]|count|45
16:48:49.1 (22039355)|STATEMENT_EXECUTE|[27]
16:48:49.1 (22040649)|STATEMENT_EXECUTE|[28]
16:48:49.1 (22046968)|HEAP_ALLOCATE|[28]|Bytes:2
16:48:49.1 (22056133)|HEAP_ALLOCATE|[EXTERNAL]|Bytes:4
16:48:49.1 (22060358)|STATEMENT_EXECUTE|[29]
16:48:49.1 (22062640)|HEAP_ALLOCATE|[29]|Bytes:4
16:48:49.1 (22067361)|VARIABLE_ASSIGNMENT|[29]|count|60
16:48:49.1 (22072487)|STATEMENT_EXECUTE|[47]
16:48:49.1 (22091684)|HEAP_ALLOCATE|[47]|Bytes:4
16:48:49.1 (22098852)|HEAP_ALLOCATE|[EXTERNAL]|Bytes:-4
16:48:49.1 (22105802)|HEAP_ALLOCATE|[24]|Bytes:4
16:48:49.1 (22113463)|VARIABLE_ASSIGNMENT|[24]|i|8
16:48:49.1 (22118250)|STATEMENT_EXECUTE|[24]
16:48:49.1 (22119635)|STATEMENT_EXECUTE|[25]
16:48:49.1 (22126547)|HEAP_ALLOCATE|[25]|Bytes:4
16:48:49.1 (22137292)|VARIABLE_SCOPE_BEGIN|[25]|minutes|List<String>|true|false
16:48:49.1 (22153161)|HEAP_ALLOCATE|[EXTERNAL]|Bytes:8
16:48:49.1 (22159987)|VARIABLE_ASSIGNMENT|[25]|minutes|["00"]|0x4eb9e8d3
16:48:49.1 (22164328)|STATEMENT_EXECUTE|[26]
16:48:49.1 (22166609)|VARIABLE_SCOPE_BEGIN|[26]|count|Integer|false|false
16:48:49.1 (22172021)|HEAP_ALLOCATE|[26]|Bytes:4
16:48:49.1 (22175992)|VARIABLE_ASSIGNMENT|[26]|count|15
16:48:49.1 (22180540)|STATEMENT_EXECUTE|[27]
16:48:49.1 (22181731)|STATEMENT_EXECUTE|[28]
16:48:49.1 (22191086)|HEAP_ALLOCATE|[28]|Bytes:2
16:48:49.1 (22200698)|HEAP_ALLOCATE|[EXTERNAL]|Bytes:4
16:48:49.1 (22205407)|STATEMENT_EXECUTE|[29]
16:48:49.1 (22207609)|HEAP_ALLOCATE|[29]|Bytes:4
16:48:49.1 (22212076)|VARIABLE_ASSIGNMENT|[29]|count|30
16:48:49.1 (22216006)|STATEMENT_EXECUTE|[27]
16:48:49.1 (22217194)|STATEMENT_EXECUTE|[28]
16:48:49.1 (22223501)|HEAP_ALLOCATE|[28]|Bytes:2
16:48:49.1 (22232181)|HEAP_ALLOCATE|[EXTERNAL]|Bytes:4
16:48:49.1 (22236265)|STATEMENT_EXECUTE|[29]
16:48:49.1 (22238208)|HEAP_ALLOCATE|[29]|Bytes:4
16:48:49.1 (22242313)|VARIABLE_ASSIGNMENT|[29]|count|45
16:48:49.1 (22246328)|STATEMENT_EXECUTE|[27]
16:48:49.1 (22247526)|STATEMENT_EXECUTE|[28]
16:48:49.1 (22253846)|HEAP_ALLOCATE|[28]|Bytes:2
16:48:49.1 (22262138)|HEAP_ALLOCATE|[EXTERNAL]|Bytes:4
16:48:49.1 (22266557)|STATEMENT_EXECUTE|[29]
16:48:49.1 (22268620)|HEAP_ALLOCATE|[29]|Bytes:4
16:48:49.1 (22272534)|VARIABLE_ASSIGNMENT|[29]|count|60
16:48:49.1 (22276859)|STATEMENT_EXECUTE|[47]
16:48:49.1 (22281266)|HEAP_ALLOCATE|[47]|Bytes:4
16:48:49.1 (22285524)|HEAP_ALLOCATE|[EXTERNAL]|Bytes:-4
16:48:49.1 (22290540)|HEAP_ALLOCATE|[24]|Bytes:4
16:48:49.1 (22295008)|VARIABLE_ASSIGNMENT|[24]|i|9
16:48:49.1 (22299478)|STATEMENT_EXECUTE|[24]
16:48:49.1 (22300760)|STATEMENT_EXECUTE|[25]
16:48:49.1 (22306151)|HEAP_ALLOCATE|[25]|Bytes:4
16:48:49.1 (22315604)|VARIABLE_SCOPE_BEGIN|[25]|minutes|List<String>|true|false
16:48:49.1 (22328718)|HEAP_ALLOCATE|[EXTERNAL]|Bytes:8
16:48:49.1 (22334729)|VARIABLE_ASSIGNMENT|[25]|minutes|["00"]|0x4f1adaea
16:48:49.1 (22339836)|STATEMENT_EXECUTE|[26]
16:48:49.1 (22342030)|VARIABLE_SCOPE_BEGIN|[26]|count|Integer|false|false
16:48:49.1 (22347555)|HEAP_ALLOCATE|[26]|Bytes:4
16:48:49.1 (22351684)|VARIABLE_ASSIGNMENT|[26]|count|15
16:48:49.1 (22355881)|STATEMENT_EXECUTE|[27]
16:48:49.1 (22357119)|STATEMENT_EXECUTE|[28]
16:48:49.1 (22365924)|HEAP_ALLOCATE|[28]|Bytes:2
16:48:49.1 (22375611)|HEAP_ALLOCATE|[EXTERNAL]|Bytes:4
16:48:49.1 (22380307)|STATEMENT_EXECUTE|[29]
16:48:49.1 (22382431)|HEAP_ALLOCATE|[29]|Bytes:4
16:48:49.1 (22387405)|VARIABLE_ASSIGNMENT|[29]|count|30
16:48:49.1 (22391588)|STATEMENT_EXECUTE|[27]
16:48:49.1 (22392888)|STATEMENT_EXECUTE|[28]
16:48:49.1 (22399256)|HEAP_ALLOCATE|[28]|Bytes:2
16:48:49.1 (22407656)|HEAP_ALLOCATE|[EXTERNAL]|Bytes:4
16:48:49.1 (22411942)|STATEMENT_EXECUTE|[29]
16:48:49.1 (22413857)|HEAP_ALLOCATE|[29]|Bytes:4
16:48:49.1 (22418743)|VARIABLE_ASSIGNMENT|[29]|count|45
16:48:49.1 (22422700)|STATEMENT_EXECUTE|[27]
16:48:49.1 (22423895)|STATEMENT_EXECUTE|[28]
16:48:49.1 (22430046)|HEAP_ALLOCATE|[28]|Bytes:2
16:48:49.1 (22438501)|HEAP_ALLOCATE|[EXTERNAL]|Bytes:4
16:48:49.1 (22442807)|STATEMENT_EXECUTE|[29]
16:48:49.1 (22444700)|HEAP_ALLOCATE|[29]|Bytes:4
16:48:49.1 (22449101)|VARIABLE_ASSIGNMENT|[29]|count|60
16:48:49.1 (22453616)|STATEMENT_EXECUTE|[47]
16:48:49.1 (22457623)|HEAP_ALLOCATE|[47]|Bytes:4
16:48:49.1 (22461309)|HEAP_ALLOCATE|[EXTERNAL]|Bytes:-4
16:48:49.1 (22466282)|HEAP_ALLOCATE|[24]|Bytes:4
16:48:49.1 (22470743)|VARIABLE_ASSIGNMENT|[24]|i|10
16:48:49.1 (22474873)|STATEMENT_EXECUTE|[24]
16:48:49.1 (22476253)|STATEMENT_EXECUTE|[25]
16:48:49.1 (22481538)|HEAP_ALLOCATE|[25]|Bytes:4
16:48:49.1 (22490439)|VARIABLE_SCOPE_BEGIN|[25]|minutes|List<String>|true|false
16:48:49.1 (22503334)|HEAP_ALLOCATE|[EXTERNAL]|Bytes:8
16:48:49.1 (22509304)|VARIABLE_ASSIGNMENT|[25]|minutes|["00"]|0x2f22f97b
16:48:49.1 (22513886)|STATEMENT_EXECUTE|[26]
16:48:49.1 (22516037)|VARIABLE_SCOPE_BEGIN|[26]|count|Integer|false|false
16:48:49.1 (22521436)|HEAP_ALLOCATE|[26]|Bytes:4
16:48:49.1 (22525310)|VARIABLE_ASSIGNMENT|[26]|count|15
16:48:49.1 (22529027)|STATEMENT_EXECUTE|[27]
16:48:49.1 (22530232)|STATEMENT_EXECUTE|[28]
16:48:49.1 (22539069)|HEAP_ALLOCATE|[28]|Bytes:2
16:48:49.1 (22548776)|HEAP_ALLOCATE|[EXTERNAL]|Bytes:4
16:48:49.1 (22553284)|STATEMENT_EXECUTE|[29]
16:48:49.1 (22555399)|HEAP_ALLOCATE|[29]|Bytes:4
16:48:49.1 (22559642)|VARIABLE_ASSIGNMENT|[29]|count|30
16:48:49.1 (22563443)|STATEMENT_EXECUTE|[27]
16:48:49.1 (22564651)|STATEMENT_EXECUTE|[28]
16:48:49.1 (22571175)|HEAP_ALLOCATE|[28]|Bytes:2
16:48:49.1 (22579989)|HEAP_ALLOCATE|[EXTERNAL]|Bytes:4
16:48:49.1 (22584321)|STATEMENT_EXECUTE|[29]
16:48:49.1 (22586216)|HEAP_ALLOCATE|[29]|Bytes:4
16:48:49.1 (22590462)|VARIABLE_ASSIGNMENT|[29]|count|45
16:48:49.1 (22594366)|STATEMENT_EXECUTE|[27]
16:48:49.1 (22595595)|STATEMENT_EXECUTE|[28]
16:48:49.1 (22601778)|HEAP_ALLOCATE|[28]|Bytes:2
16:48:49.1 (22610478)|HEAP_ALLOCATE|[EXTERNAL]|Bytes:4
16:48:49.1 (22614738)|STATEMENT_EXECUTE|[29]
16:48:49.1 (22616590)|HEAP_ALLOCATE|[29]|Bytes:4
16:48:49.1 (22620477)|VARIABLE_ASSIGNMENT|[29]|count|60
16:48:49.1 (22624384)|STATEMENT_EXECUTE|[47]
16:48:49.1 (22628344)|HEAP_ALLOCATE|[47]|Bytes:4
16:48:49.1 (22631996)|HEAP_ALLOCATE|[EXTERNAL]|Bytes:-4
16:48:49.1 (22637127)|HEAP_ALLOCATE|[24]|Bytes:4
16:48:49.1 (22641410)|VARIABLE_ASSIGNMENT|[24]|i|11
16:48:49.1 (22645063)|STATEMENT_EXECUTE|[24]
16:48:49.1 (22646278)|STATEMENT_EXECUTE|[25]
16:48:49.1 (22650988)|HEAP_ALLOCATE|[25]|Bytes:4
16:48:49.1 (22659949)|VARIABLE_SCOPE_BEGIN|[25]|minutes|List<String>|true|false
16:48:49.1 (22675755)|HEAP_ALLOCATE|[EXTERNAL]|Bytes:8
16:48:49.1 (22681945)|VARIABLE_ASSIGNMENT|[25]|minutes|["00"]|0x252cfa8a
16:48:49.1 (22686192)|STATEMENT_EXECUTE|[26]
16:48:49.1 (22688395)|VARIABLE_SCOPE_BEGIN|[26]|count|Integer|false|false
16:48:49.1 (22693741)|HEAP_ALLOCATE|[26]|Bytes:4
16:48:49.1 (22697619)|VARIABLE_ASSIGNMENT|[26]|count|15
16:48:49.1 (22701804)|STATEMENT_EXECUTE|[27]
16:48:49.1 (22703006)|STATEMENT_EXECUTE|[28]
16:48:49.1 (22712062)|HEAP_ALLOCATE|[28]|Bytes:2
16:48:49.1 (22721372)|HEAP_ALLOCATE|[EXTERNAL]|Bytes:4
16:48:49.1 (22726061)|STATEMENT_EXECUTE|[29]
16:48:49.1 (22728282)|HEAP_ALLOCATE|[29]|Bytes:4
16:48:49.1 (22732555)|VARIABLE_ASSIGNMENT|[29]|count|30
16:48:49.1 (22736279)|STATEMENT_EXECUTE|[27]
16:48:49.1 (22737477)|STATEMENT_EXECUTE|[28]
16:48:49.1 (22744037)|HEAP_ALLOCATE|[28]|Bytes:2
16:48:49.1 (22752646)|HEAP_ALLOCATE|[EXTERNAL]|Bytes:4
16:48:49.1 (22756822)|STATEMENT_EXECUTE|[29]
16:48:49.1 (22758774)|HEAP_ALLOCATE|[29]|Bytes:4
16:48:49.1 (22763073)|VARIABLE_ASSIGNMENT|[29]|count|45
16:48:49.1 (22772580)|STATEMENT_EXECUTE|[27]
16:48:49.1 (22773901)|STATEMENT_EXECUTE|[28]
16:48:49.1 (22780929)|HEAP_ALLOCATE|[28]|Bytes:2
16:48:49.1 (22790103)|HEAP_ALLOCATE|[EXTERNAL]|Bytes:4
16:48:49.1 (22794294)|STATEMENT_EXECUTE|[29]
16:48:49.1 (22796214)|HEAP_ALLOCATE|[29]|Bytes:4
16:48:49.1 (22800956)|VARIABLE_ASSIGNMENT|[29]|count|60
16:48:49.1 (22805013)|STATEMENT_EXECUTE|[47]
16:48:49.1 (22809205)|HEAP_ALLOCATE|[47]|Bytes:4
16:48:49.1 (22813079)|HEAP_ALLOCATE|[EXTERNAL]|Bytes:-4
16:48:49.1 (22817865)|HEAP_ALLOCATE|[24]|Bytes:4
16:48:49.1 (22822591)|VARIABLE_ASSIGNMENT|[24]|i|12
16:48:49.1 (22826881)|STATEMENT_EXECUTE|[49]
16:48:49.1 (22848199)|HEAP_ALLOCATE|[EXTERNAL]|Bytes:-4
16:48:49.1 (22861081)|HEAP_ALLOCATE|[17]|Bytes:5
16:48:49.1 (22871369)|VARIABLE_SCOPE_BEGIN|[17]|name|String|false|false
16:48:49.1 (22879875)|VARIABLE_ASSIGNMENT|[17]|name|"Afternoon"
16:48:49.1 (22883813)|STATEMENT_EXECUTE|[17]
16:48:49.1 (22885181)|STATEMENT_EXECUTE|[19]
16:48:49.1 (22922691)|VARIABLE_SCOPE_BEGIN|[19]|startPoint|Integer|false|false
16:48:49.1 (22929705)|HEAP_ALLOCATE|[19]|Bytes:4
16:48:49.1 (22934814)|VARIABLE_ASSIGNMENT|[19]|startPoint|12
16:48:49.1 (22938755)|STATEMENT_EXECUTE|[20]
16:48:49.1 (22959589)|VARIABLE_SCOPE_BEGIN|[20]|endPoint|Integer|false|false
16:48:49.1 (22969260)|HEAP_ALLOCATE|[20]|Bytes:4
16:48:49.1 (22976974)|VARIABLE_ASSIGNMENT|[20]|endPoint|17
16:48:49.1 (22982683)|STATEMENT_EXECUTE|[21]
16:48:49.1 (23017602)|VARIABLE_SCOPE_BEGIN|[21]|separation|Integer|false|false
16:48:49.1 (23029046)|HEAP_ALLOCATE|[21]|Bytes:4
16:48:49.1 (23036946)|VARIABLE_ASSIGNMENT|[21]|separation|30
16:48:49.1 (23040731)|STATEMENT_EXECUTE|[23]
16:48:49.1 (23052608)|HEAP_ALLOCATE|[23]|Bytes:4
16:48:49.1 (23058253)|VARIABLE_SCOPE_BEGIN|[23]|hoursAndMinutes|Map<Integer,List<String>>|true|false
16:48:49.1 (23070360)|VARIABLE_ASSIGNMENT|[23]|hoursAndMinutes|{}|0x2452618c
16:48:49.1 (23075791)|STATEMENT_EXECUTE|[24]
16:48:49.1 (23077690)|VARIABLE_SCOPE_BEGIN|[24]|i|Integer|false|false
16:48:49.1 (23083261)|HEAP_ALLOCATE|[24]|Bytes:4
16:48:49.1 (23087716)|VARIABLE_ASSIGNMENT|[24]|i|12
16:48:49.1 (23092159)|STATEMENT_EXECUTE|[24]
16:48:49.1 (23093372)|STATEMENT_EXECUTE|[25]
16:48:49.1 (23099113)|HEAP_ALLOCATE|[25]|Bytes:4
16:48:49.1 (23110836)|VARIABLE_SCOPE_BEGIN|[25]|minutes|List<String>|true|false
16:48:49.1 (23128360)|HEAP_ALLOCATE|[EXTERNAL]|Bytes:8
16:48:49.1 (23135969)|VARIABLE_ASSIGNMENT|[25]|minutes|["00"]|0x3d062266
16:48:49.1 (23140244)|STATEMENT_EXECUTE|[26]
16:48:49.1 (23142427)|VARIABLE_SCOPE_BEGIN|[26]|count|Integer|false|false
16:48:49.1 (23147601)|HEAP_ALLOCATE|[26]|Bytes:4
16:48:49.1 (23152171)|VARIABLE_ASSIGNMENT|[26]|count|30
16:48:49.1 (23158979)|STATEMENT_EXECUTE|[27]
16:48:49.1 (23160748)|STATEMENT_EXECUTE|[28]
16:48:49.1 (23175801)|HEAP_ALLOCATE|[28]|Bytes:2
16:48:49.1 (23194772)|HEAP_ALLOCATE|[EXTERNAL]|Bytes:4
16:48:49.1 (23203223)|STATEMENT_EXECUTE|[29]
16:48:49.1 (23207045)|HEAP_ALLOCATE|[29]|Bytes:4
16:48:49.1 (23215780)|VARIABLE_ASSIGNMENT|[29]|count|60
16:48:49.1 (23223214)|STATEMENT_EXECUTE|[47]
16:48:49.1 (23231421)|HEAP_ALLOCATE|[47]|Bytes:4
16:48:49.1 (23238225)|HEAP_ALLOCATE|[EXTERNAL]|Bytes:-4
16:48:49.1 (23246641)|HEAP_ALLOCATE|[24]|Bytes:4
16:48:49.1 (23254569)|VARIABLE_ASSIGNMENT|[24]|i|13
16:48:49.1 (23261286)|STATEMENT_EXECUTE|[24]
16:48:49.1 (23263084)|STATEMENT_EXECUTE|[25]
16:48:49.1 (23272132)|HEAP_ALLOCATE|[25]|Bytes:4
16:48:49.1 (23289268)|VARIABLE_SCOPE_BEGIN|[25]|minutes|List<String>|true|false
16:48:49.1 (23310363)|HEAP_ALLOCATE|[EXTERNAL]|Bytes:8
16:48:49.1 (23318811)|VARIABLE_ASSIGNMENT|[25]|minutes|["00"]|0x557fd9c
16:48:49.1 (23324227)|STATEMENT_EXECUTE|[26]
16:48:49.1 (23326797)|VARIABLE_SCOPE_BEGIN|[26]|count|Integer|false|false
16:48:49.1 (23332538)|HEAP_ALLOCATE|[26]|Bytes:4
16:48:49.1 (23336803)|VARIABLE_ASSIGNMENT|[26]|count|30
16:48:49.1 (23341655)|STATEMENT_EXECUTE|[27]
16:48:49.1 (23342878)|STATEMENT_EXECUTE|[28]
16:48:49.1 (23353792)|HEAP_ALLOCATE|[28]|Bytes:2
16:48:49.1 (23363916)|HEAP_ALLOCATE|[EXTERNAL]|Bytes:4
16:48:49.1 (23368638)|STATEMENT_EXECUTE|[29]
16:48:49.1 (23371375)|HEAP_ALLOCATE|[29]|Bytes:4
16:48:49.1 (23375939)|VARIABLE_ASSIGNMENT|[29]|count|60
16:48:49.1 (23380180)|STATEMENT_EXECUTE|[47]
16:48:49.1 (23384659)|HEAP_ALLOCATE|[47]|Bytes:4
16:48:49.1 (23389232)|HEAP_ALLOCATE|[EXTERNAL]|Bytes:-4
16:48:49.1 (23394772)|HEAP_ALLOCATE|[24]|Bytes:4
16:48:49.1 (23399410)|VARIABLE_ASSIGNMENT|[24]|i|14
16:48:49.1 (23403546)|STATEMENT_EXECUTE|[24]
16:48:49.1 (23404807)|STATEMENT_EXECUTE|[25]
16:48:49.1 (23410793)|HEAP_ALLOCATE|[25]|Bytes:4
16:48:49.1 (23420153)|VARIABLE_SCOPE_BEGIN|[25]|minutes|List<String>|true|false
16:48:49.1 (23434725)|HEAP_ALLOCATE|[EXTERNAL]|Bytes:8
16:48:49.1 (23441087)|VARIABLE_ASSIGNMENT|[25]|minutes|["00"]|0x476daf16
16:48:49.1 (23445492)|STATEMENT_EXECUTE|[26]
16:48:49.1 (23447603)|VARIABLE_SCOPE_BEGIN|[26]|count|Integer|false|false
16:48:49.1 (23452941)|HEAP_ALLOCATE|[26]|Bytes:4
16:48:49.1 (23457007)|VARIABLE_ASSIGNMENT|[26]|count|30
16:48:49.1 (23461008)|STATEMENT_EXECUTE|[27]
16:48:49.1 (23462279)|STATEMENT_EXECUTE|[28]
16:48:49.1 (23471218)|HEAP_ALLOCATE|[28]|Bytes:2
16:48:49.1 (23480551)|HEAP_ALLOCATE|[EXTERNAL]|Bytes:4
16:48:49.1 (23485229)|STATEMENT_EXECUTE|[29]
16:48:49.1 (23487450)|HEAP_ALLOCATE|[29]|Bytes:4
16:48:49.1 (23491805)|VARIABLE_ASSIGNMENT|[29]|count|60
16:48:49.1 (23496417)|STATEMENT_EXECUTE|[47]
16:48:49.1 (23500584)|HEAP_ALLOCATE|[47]|Bytes:4
16:48:49.1 (23504297)|HEAP_ALLOCATE|[EXTERNAL]|Bytes:-4
16:48:49.1 (23509182)|HEAP_ALLOCATE|[24]|Bytes:4
16:48:49.1 (23513708)|VARIABLE_ASSIGNMENT|[24]|i|15
16:48:49.1 (23518478)|STATEMENT_EXECUTE|[24]
16:48:49.1 (23519701)|STATEMENT_EXECUTE|[25]
16:48:49.1 (23524539)|HEAP_ALLOCATE|[25]|Bytes:4
16:48:49.1 (23532782)|VARIABLE_SCOPE_BEGIN|[25]|minutes|List<String>|true|false
16:48:49.1 (23544955)|HEAP_ALLOCATE|[EXTERNAL]|Bytes:8
16:48:49.1 (23550613)|VARIABLE_ASSIGNMENT|[25]|minutes|["00"]|0x7084e876
16:48:49.1 (23554900)|STATEMENT_EXECUTE|[26]
16:48:49.1 (23557047)|VARIABLE_SCOPE_BEGIN|[26]|count|Integer|false|false
16:48:49.1 (23562115)|HEAP_ALLOCATE|[26]|Bytes:4
16:48:49.1 (23565993)|VARIABLE_ASSIGNMENT|[26]|count|30
16:48:49.1 (23570624)|STATEMENT_EXECUTE|[27]
16:48:49.1 (23571964)|STATEMENT_EXECUTE|[28]
16:48:49.1 (23581409)|HEAP_ALLOCATE|[28]|Bytes:2
16:48:49.1 (23597114)|HEAP_ALLOCATE|[EXTERNAL]|Bytes:4
16:48:49.1 (23604873)|STATEMENT_EXECUTE|[29]
16:48:49.1 (23608401)|HEAP_ALLOCATE|[29]|Bytes:4
16:48:49.1 (23616636)|VARIABLE_ASSIGNMENT|[29]|count|60
16:48:49.1 (23623787)|STATEMENT_EXECUTE|[47]
16:48:49.1 (23631011)|HEAP_ALLOCATE|[47]|Bytes:4
16:48:49.1 (23637951)|HEAP_ALLOCATE|[EXTERNAL]|Bytes:-4
16:48:49.1 (23646135)|HEAP_ALLOCATE|[24]|Bytes:4
16:48:49.1 (23654458)|VARIABLE_ASSIGNMENT|[24]|i|16
16:48:49.1 (23661732)|STATEMENT_EXECUTE|[24]
16:48:49.1 (23663185)|STATEMENT_EXECUTE|[25]
16:48:49.1 (23669811)|HEAP_ALLOCATE|[25]|Bytes:4
16:48:49.1 (23680190)|VARIABLE_SCOPE_BEGIN|[25]|minutes|List<String>|true|false
16:48:49.1 (23695328)|HEAP_ALLOCATE|[EXTERNAL]|Bytes:8
16:48:49.1 (23702473)|VARIABLE_ASSIGNMENT|[25]|minutes|["00"]|0x7c1de112
16:48:49.1 (23706952)|STATEMENT_EXECUTE|[26]
16:48:49.1 (23709465)|VARIABLE_SCOPE_BEGIN|[26]|count|Integer|false|false
16:48:49.1 (23714862)|HEAP_ALLOCATE|[26]|Bytes:4
16:48:49.1 (23718946)|VARIABLE_ASSIGNMENT|[26]|count|30
16:48:49.1 (23723177)|STATEMENT_EXECUTE|[27]
16:48:49.1 (23724417)|STATEMENT_EXECUTE|[28]
16:48:49.1 (23734664)|HEAP_ALLOCATE|[28]|Bytes:2
16:48:49.1 (23744492)|HEAP_ALLOCATE|[EXTERNAL]|Bytes:4
16:48:49.1 (23748926)|STATEMENT_EXECUTE|[29]
16:48:49.1 (23751213)|HEAP_ALLOCATE|[29]|Bytes:4
16:48:49.1 (23755528)|VARIABLE_ASSIGNMENT|[29]|count|60
16:48:49.1 (23760026)|STATEMENT_EXECUTE|[47]
16:48:49.1 (23764305)|HEAP_ALLOCATE|[47]|Bytes:4
16:48:49.1 (23772830)|HEAP_ALLOCATE|[EXTERNAL]|Bytes:-4
16:48:49.1 (23778019)|HEAP_ALLOCATE|[24]|Bytes:4
16:48:49.1 (23782625)|VARIABLE_ASSIGNMENT|[24]|i|17
16:48:49.1 (23786954)|STATEMENT_EXECUTE|[49]
16:48:49.1 (23793519)|HEAP_ALLOCATE|[EXTERNAL]|Bytes:-4
16:48:49.1 (23805008)|HEAP_ALLOCATE|[17]|Bytes:5
16:48:49.1 (23815222)|VARIABLE_SCOPE_BEGIN|[17]|name|String|false|false
16:48:49.1 (23823642)|VARIABLE_ASSIGNMENT|[17]|name|"Night"
16:48:49.1 (23831192)|STATEMENT_EXECUTE|[17]
16:48:49.1 (23832526)|STATEMENT_EXECUTE|[19]
16:48:49.1 (23870183)|VARIABLE_SCOPE_BEGIN|[19]|startPoint|Integer|false|false
16:48:49.1 (23876710)|HEAP_ALLOCATE|[19]|Bytes:4
16:48:49.1 (23881797)|VARIABLE_ASSIGNMENT|[19]|startPoint|17
16:48:49.1 (23885852)|STATEMENT_EXECUTE|[20]
16:48:49.1 (23907566)|VARIABLE_SCOPE_BEGIN|[20]|endPoint|Integer|false|false
16:48:49.1 (23917976)|HEAP_ALLOCATE|[20]|Bytes:4
16:48:49.1 (23925450)|VARIABLE_ASSIGNMENT|[20]|endPoint|23
16:48:49.1 (23930483)|STATEMENT_EXECUTE|[21]
16:48:49.1 (23963703)|VARIABLE_SCOPE_BEGIN|[21]|separation|Integer|false|false
16:48:49.1 (23970361)|HEAP_ALLOCATE|[21]|Bytes:4
16:48:49.1 (23975627)|VARIABLE_ASSIGNMENT|[21]|separation|20
16:48:49.1 (23979741)|STATEMENT_EXECUTE|[23]
16:48:49.1 (23991325)|HEAP_ALLOCATE|[23]|Bytes:4
16:48:49.1 (23996625)|VARIABLE_SCOPE_BEGIN|[23]|hoursAndMinutes|Map<Integer,List<String>>|true|false
16:48:49.1 (24008505)|VARIABLE_ASSIGNMENT|[23]|hoursAndMinutes|{}|0x461c5810
16:48:49.1 (24014214)|STATEMENT_EXECUTE|[24]
16:48:49.1 (24016168)|VARIABLE_SCOPE_BEGIN|[24]|i|Integer|false|false
16:48:49.1 (24021350)|HEAP_ALLOCATE|[24]|Bytes:4
16:48:49.1 (24025835)|VARIABLE_ASSIGNMENT|[24]|i|17
16:48:49.1 (24030331)|STATEMENT_EXECUTE|[24]
16:48:49.1 (24031515)|STATEMENT_EXECUTE|[25]
16:48:49.1 (24037192)|HEAP_ALLOCATE|[25]|Bytes:4
16:48:49.1 (24048198)|VARIABLE_SCOPE_BEGIN|[25]|minutes|List<String>|true|false
16:48:49.1 (24068182)|HEAP_ALLOCATE|[EXTERNAL]|Bytes:8
16:48:49.1 (24079160)|VARIABLE_ASSIGNMENT|[25]|minutes|["00"]|0x6ca35ada
16:48:49.1 (24086625)|STATEMENT_EXECUTE|[26]
16:48:49.1 (24090264)|VARIABLE_SCOPE_BEGIN|[26]|count|Integer|false|false
16:48:49.1 (24099549)|HEAP_ALLOCATE|[26]|Bytes:4
16:48:49.1 (24106965)|VARIABLE_ASSIGNMENT|[26]|count|20
16:48:49.1 (24113652)|STATEMENT_EXECUTE|[27]
16:48:49.1 (24115386)|STATEMENT_EXECUTE|[28]
16:48:49.1 (24129431)|HEAP_ALLOCATE|[28]|Bytes:2
16:48:49.1 (24141489)|HEAP_ALLOCATE|[EXTERNAL]|Bytes:4
16:48:49.1 (24146290)|STATEMENT_EXECUTE|[29]
16:48:49.1 (24149241)|HEAP_ALLOCATE|[29]|Bytes:4
16:48:49.1 (24153935)|VARIABLE_ASSIGNMENT|[29]|count|40
16:48:49.1 (24158197)|STATEMENT_EXECUTE|[27]
16:48:49.1 (24159416)|STATEMENT_EXECUTE|[28]
16:48:49.1 (24166331)|HEAP_ALLOCATE|[28]|Bytes:2
16:48:49.1 (24174793)|HEAP_ALLOCATE|[EXTERNAL]|Bytes:4
16:48:49.1 (24179078)|STATEMENT_EXECUTE|[29]
16:48:49.1 (24181062)|HEAP_ALLOCATE|[29]|Bytes:4
16:48:49.1 (24185488)|VARIABLE_ASSIGNMENT|[29]|count|60
16:48:49.1 (24189747)|STATEMENT_EXECUTE|[47]
16:48:49.1 (24194469)|HEAP_ALLOCATE|[47]|Bytes:4
16:48:49.1 (24199405)|HEAP_ALLOCATE|[EXTERNAL]|Bytes:-4
16:48:49.1 (24204741)|HEAP_ALLOCATE|[24]|Bytes:4
16:48:49.1 (24209625)|VARIABLE_ASSIGNMENT|[24]|i|18
16:48:49.1 (24213980)|STATEMENT_EXECUTE|[24]
16:48:49.1 (24215202)|STATEMENT_EXECUTE|[25]
16:48:49.1 (24221700)|HEAP_ALLOCATE|[25]|Bytes:4
16:48:49.1 (24231650)|VARIABLE_SCOPE_BEGIN|[25]|minutes|List<String>|true|false
16:48:49.1 (24246862)|HEAP_ALLOCATE|[EXTERNAL]|Bytes:8
16:48:49.1 (24253530)|VARIABLE_ASSIGNMENT|[25]|minutes|["00"]|0x3b33d860
16:48:49.1 (24258329)|STATEMENT_EXECUTE|[26]
16:48:49.1 (24260407)|VARIABLE_SCOPE_BEGIN|[26]|count|Integer|false|false
16:48:49.1 (24266285)|HEAP_ALLOCATE|[26]|Bytes:4
16:48:49.1 (24270367)|VARIABLE_ASSIGNMENT|[26]|count|20
16:48:49.1 (24274756)|STATEMENT_EXECUTE|[27]
16:48:49.1 (24275953)|STATEMENT_EXECUTE|[28]
16:48:49.1 (24284934)|HEAP_ALLOCATE|[28]|Bytes:2
16:48:49.1 (24294554)|HEAP_ALLOCATE|[EXTERNAL]|Bytes:4
16:48:49.1 (24299057)|STATEMENT_EXECUTE|[29]
16:48:49.1 (24301195)|HEAP_ALLOCATE|[29]|Bytes:4
16:48:49.1 (24305772)|VARIABLE_ASSIGNMENT|[29]|count|40
16:48:49.1 (24309865)|STATEMENT_EXECUTE|[27]
16:48:49.1 (24311077)|STATEMENT_EXECUTE|[28]
16:48:49.1 (24317507)|HEAP_ALLOCATE|[28]|Bytes:2
16:48:49.1 (24325864)|HEAP_ALLOCATE|[EXTERNAL]|Bytes:4
16:48:49.1 (24330235)|STATEMENT_EXECUTE|[29]
16:48:49.1 (24332101)|HEAP_ALLOCATE|[29]|Bytes:4
16:48:49.1 (24336219)|VARIABLE_ASSIGNMENT|[29]|count|60
16:48:49.1 (24340480)|STATEMENT_EXECUTE|[47]
16:48:49.1 (24344740)|HEAP_ALLOCATE|[47]|Bytes:4
16:48:49.1 (24348638)|HEAP_ALLOCATE|[EXTERNAL]|Bytes:-4
16:48:49.1 (24353293)|HEAP_ALLOCATE|[24]|Bytes:4
16:48:49.1 (24357542)|VARIABLE_ASSIGNMENT|[24]|i|19
16:48:49.1 (24361534)|STATEMENT_EXECUTE|[24]
16:48:49.1 (24362748)|STATEMENT_EXECUTE|[25]
16:48:49.1 (24367887)|HEAP_ALLOCATE|[25]|Bytes:4
16:48:49.1 (24376579)|VARIABLE_SCOPE_BEGIN|[25]|minutes|List<String>|true|false
16:48:49.1 (24389071)|HEAP_ALLOCATE|[EXTERNAL]|Bytes:8
16:48:49.1 (24395763)|VARIABLE_ASSIGNMENT|[25]|minutes|["00"]|0x2835ab65
16:48:49.1 (24400384)|STATEMENT_EXECUTE|[26]
16:48:49.1 (24402409)|VARIABLE_SCOPE_BEGIN|[26]|count|Integer|false|false
16:48:49.1 (24407823)|HEAP_ALLOCATE|[26]|Bytes:4
16:48:49.1 (24411764)|VARIABLE_ASSIGNMENT|[26]|count|20
16:48:49.1 (24415900)|STATEMENT_EXECUTE|[27]
16:48:49.1 (24417097)|STATEMENT_EXECUTE|[28]
16:48:49.1 (24425746)|HEAP_ALLOCATE|[28]|Bytes:2
16:48:49.1 (24435037)|HEAP_ALLOCATE|[EXTERNAL]|Bytes:4
16:48:49.1 (24439448)|STATEMENT_EXECUTE|[29]
16:48:49.1 (24441608)|HEAP_ALLOCATE|[29]|Bytes:4
16:48:49.1 (24446303)|VARIABLE_ASSIGNMENT|[29]|count|40
16:48:49.1 (24450098)|STATEMENT_EXECUTE|[27]
16:48:49.1 (24451290)|STATEMENT_EXECUTE|[28]
16:48:49.1 (24457705)|HEAP_ALLOCATE|[28]|Bytes:2
16:48:49.1 (24466306)|HEAP_ALLOCATE|[EXTERNAL]|Bytes:4
16:48:49.1 (24470389)|STATEMENT_EXECUTE|[29]
16:48:49.1 (24472314)|HEAP_ALLOCATE|[29]|Bytes:4
16:48:49.1 (24476368)|VARIABLE_ASSIGNMENT|[29]|count|60
16:48:49.1 (24480549)|STATEMENT_EXECUTE|[47]
16:48:49.1 (24484582)|HEAP_ALLOCATE|[47]|Bytes:4
16:48:49.1 (24488397)|HEAP_ALLOCATE|[EXTERNAL]|Bytes:-4
16:48:49.1 (24493175)|HEAP_ALLOCATE|[24]|Bytes:4
16:48:49.1 (24497366)|VARIABLE_ASSIGNMENT|[24]|i|20
16:48:49.1 (24501186)|STATEMENT_EXECUTE|[24]
16:48:49.1 (24502413)|STATEMENT_EXECUTE|[25]
16:48:49.1 (24507068)|HEAP_ALLOCATE|[25]|Bytes:4
16:48:49.1 (24515896)|VARIABLE_SCOPE_BEGIN|[25]|minutes|List<String>|true|false
16:48:49.1 (24528079)|HEAP_ALLOCATE|[EXTERNAL]|Bytes:8
16:48:49.1 (24534112)|VARIABLE_ASSIGNMENT|[25]|minutes|["00"]|0xc4dbaab
16:48:49.1 (24538821)|STATEMENT_EXECUTE|[26]
16:48:49.1 (24540954)|VARIABLE_SCOPE_BEGIN|[26]|count|Integer|false|false
16:48:49.1 (24546114)|HEAP_ALLOCATE|[26]|Bytes:4
16:48:49.1 (24550056)|VARIABLE_ASSIGNMENT|[26]|count|20
16:48:49.1 (24554267)|STATEMENT_EXECUTE|[27]
16:48:49.1 (24555492)|STATEMENT_EXECUTE|[28]
16:48:49.1 (24563966)|HEAP_ALLOCATE|[28]|Bytes:2
16:48:49.1 (24573151)|HEAP_ALLOCATE|[EXTERNAL]|Bytes:4
16:48:49.1 (24577586)|STATEMENT_EXECUTE|[29]
16:48:49.1 (24579858)|HEAP_ALLOCATE|[29]|Bytes:4
16:48:49.1 (24584148)|VARIABLE_ASSIGNMENT|[29]|count|40
16:48:49.1 (24588458)|STATEMENT_EXECUTE|[27]
16:48:49.1 (24589644)|STATEMENT_EXECUTE|[28]
16:48:49.1 (24595960)|HEAP_ALLOCATE|[28]|Bytes:2
16:48:49.1 (24604574)|HEAP_ALLOCATE|[EXTERNAL]|Bytes:4
16:48:49.1 (24608748)|STATEMENT_EXECUTE|[29]
16:48:49.1 (24610624)|HEAP_ALLOCATE|[29]|Bytes:4
16:48:49.1 (24614786)|VARIABLE_ASSIGNMENT|[29]|count|60
16:48:49.1 (24619424)|STATEMENT_EXECUTE|[47]
16:48:49.1 (24623519)|HEAP_ALLOCATE|[47]|Bytes:4
16:48:49.1 (24627300)|HEAP_ALLOCATE|[EXTERNAL]|Bytes:-4
16:48:49.1 (24632076)|HEAP_ALLOCATE|[24]|Bytes:4
16:48:49.1 (24636136)|VARIABLE_ASSIGNMENT|[24]|i|21
16:48:49.1 (24640099)|STATEMENT_EXECUTE|[24]
16:48:49.1 (24641304)|STATEMENT_EXECUTE|[25]
16:48:49.1 (24646026)|HEAP_ALLOCATE|[25]|Bytes:4
16:48:49.1 (24654627)|VARIABLE_SCOPE_BEGIN|[25]|minutes|List<String>|true|false
16:48:49.1 (24667512)|HEAP_ALLOCATE|[EXTERNAL]|Bytes:8
16:48:49.1 (24673174)|VARIABLE_ASSIGNMENT|[25]|minutes|["00"]|0x7ace4472
16:48:49.1 (24677579)|STATEMENT_EXECUTE|[26]
16:48:49.1 (24679609)|VARIABLE_SCOPE_BEGIN|[26]|count|Integer|false|false
16:48:49.1 (24684929)|HEAP_ALLOCATE|[26]|Bytes:4
16:48:49.1 (24689398)|VARIABLE_ASSIGNMENT|[26]|count|20
16:48:49.1 (24693579)|STATEMENT_EXECUTE|[27]
16:48:49.1 (24694765)|STATEMENT_EXECUTE|[28]
16:48:49.1 (24703700)|HEAP_ALLOCATE|[28]|Bytes:2
16:48:49.1 (24712800)|HEAP_ALLOCATE|[EXTERNAL]|Bytes:4
16:48:49.1 (24717309)|STATEMENT_EXECUTE|[29]
16:48:49.1 (24719382)|HEAP_ALLOCATE|[29]|Bytes:4
16:48:49.1 (24723513)|VARIABLE_ASSIGNMENT|[29]|count|40
16:48:49.1 (24727851)|STATEMENT_EXECUTE|[27]
16:48:49.1 (24729084)|STATEMENT_EXECUTE|[28]
16:48:49.1 (24735559)|HEAP_ALLOCATE|[28]|Bytes:2
16:48:49.1 (24743985)|HEAP_ALLOCATE|[EXTERNAL]|Bytes:4
16:48:49.1 (24748303)|STATEMENT_EXECUTE|[29]
16:48:49.1 (24750270)|HEAP_ALLOCATE|[29]|Bytes:4
16:48:49.1 (24754396)|VARIABLE_ASSIGNMENT|[29]|count|60
16:48:49.1 (24758345)|STATEMENT_EXECUTE|[47]
16:48:49.1 (24762420)|HEAP_ALLOCATE|[47]|Bytes:4
16:48:49.1 (24780281)|HEAP_ALLOCATE|[EXTERNAL]|Bytes:-4
16:48:49.1 (24786767)|HEAP_ALLOCATE|[24]|Bytes:4
16:48:49.1 (24791961)|VARIABLE_ASSIGNMENT|[24]|i|22
16:48:49.1 (24796640)|STATEMENT_EXECUTE|[24]
16:48:49.1 (24797959)|STATEMENT_EXECUTE|[25]
16:48:49.1 (24803360)|HEAP_ALLOCATE|[25]|Bytes:4
16:48:49.1 (24812199)|VARIABLE_SCOPE_BEGIN|[25]|minutes|List<String>|true|false
16:48:49.1 (24825726)|HEAP_ALLOCATE|[EXTERNAL]|Bytes:8
16:48:49.1 (24831961)|VARIABLE_ASSIGNMENT|[25]|minutes|["00"]|0x5f1b7393
16:48:49.1 (24836335)|STATEMENT_EXECUTE|[26]
16:48:49.1 (24838615)|VARIABLE_SCOPE_BEGIN|[26]|count|Integer|false|false
16:48:49.1 (24844265)|HEAP_ALLOCATE|[26]|Bytes:4
16:48:49.1 (24848295)|VARIABLE_ASSIGNMENT|[26]|count|20
16:48:49.1 (24852205)|STATEMENT_EXECUTE|[27]
16:48:49.1 (24853416)|STATEMENT_EXECUTE|[28]
16:48:49.1 (24862301)|HEAP_ALLOCATE|[28]|Bytes:2
16:48:49.1 (24871889)|HEAP_ALLOCATE|[EXTERNAL]|Bytes:4
16:48:49.1 (24876331)|STATEMENT_EXECUTE|[29]
16:48:49.1 (24878494)|HEAP_ALLOCATE|[29]|Bytes:4
16:48:49.1 (24882848)|VARIABLE_ASSIGNMENT|[29]|count|40
16:48:49.1 (24886796)|STATEMENT_EXECUTE|[27]
16:48:49.1 (24887992)|STATEMENT_EXECUTE|[28]
16:48:49.1 (24894556)|HEAP_ALLOCATE|[28]|Bytes:2
16:48:49.1 (24903042)|HEAP_ALLOCATE|[EXTERNAL]|Bytes:4
16:48:49.1 (24907186)|STATEMENT_EXECUTE|[29]
16:48:49.1 (24909088)|HEAP_ALLOCATE|[29]|Bytes:4
16:48:49.1 (24913010)|VARIABLE_ASSIGNMENT|[29]|count|60
16:48:49.1 (24917014)|STATEMENT_EXECUTE|[47]
16:48:49.1 (24921140)|HEAP_ALLOCATE|[47]|Bytes:4
16:48:49.1 (24924870)|HEAP_ALLOCATE|[EXTERNAL]|Bytes:-4
16:48:49.1 (24929598)|HEAP_ALLOCATE|[24]|Bytes:4
16:48:49.1 (24933985)|VARIABLE_ASSIGNMENT|[24]|i|23
16:48:49.1 (24937730)|STATEMENT_EXECUTE|[49]
16:48:49.1 (24943808)|HEAP_ALLOCATE|[EXTERNAL]|Bytes:-4
16:48:49.1 (24955352)|HEAP_ALLOCATE|[17]|Bytes:5
16:48:49.1 (24965192)|VARIABLE_ASSIGNMENT|[17]|name|null
16:48:49.1 (24969252)|STATEMENT_EXECUTE|[66]
16:48:49.1 (25025823)|USER_DEBUG|[66]|DEBUG|{Afternoon={12=(00, 30), 13=(00, 30), 14=(00, 30), 15=(00, 30), 16=(00, 30)}, Morning={7=(00, 15, 30, 45), 8=(00, 15, 30, 45), 9=(00, 15, 30, 45), 10=(00, 15, 30, 45), 11=(00, 15, 30, 45)}, Night={17=(00, 20, 40), 18=(00, 20, 40), 19=(00, 20, 40), 20=(00, 20, 40), 21=(00, 20, 40), 22=(00, 20, 40)}}
16:48:49.1 (25043678)|METHOD_EXIT|[6]|01p1r000007pMQE|DaysPartController.getTimeCellsBySeparator(Map<String,Days_part__c>)
16:48:49.1 (25048479)|STATEMENT_EXECUTE|[10]
16:48:49.1 (25053350)|METHOD_EXIT|[1]|01p1r000007pMQE|DaysPartController.getDaysPart()
16:48:49.1 (25059316)|SYSTEM_MODE_EXIT|false
16:48:49.25 (25090559)|CUMULATIVE_LIMIT_USAGE
16:48:49.25 (25090559)|LIMIT_USAGE_FOR_NS|(default)|
  Number of SOQL queries: 0 out of 100
  Number of query rows: 0 out of 50000
  Number of SOSL queries: 0 out of 20
  Number of DML statements: 0 out of 150
  Number of DML rows: 0 out of 10000
  Maximum CPU time: 0 out of 10000
  Maximum heap size: 0 out of 6000000
  Number of callouts: 0 out of 100
  Number of Email Invocations: 0 out of 10
  Number of future calls: 0 out of 50
  Number of queueable jobs added to the queue: 0 out of 50
  Number of Mobile Apex push calls: 0 out of 10

16:48:49.25 (25090559)|CUMULATIVE_LIMIT_USAGE_END

16:48:49.1 (25124139)|CODE_UNIT_FINISHED|execute_anonymous_apex
16:48:49.1 (26236270)|EXECUTION_FINISHED
