42.0 APEX_CODE,FINEST;APEX_PROFILING,INFO;CALLOUT,INFO;DB,INFO;SYSTEM,DEBUG;VALIDATION,INFO;VISUALFORCE,INFO;WAVE,INFO;WORKFLOW,INFO
Execute Anonymous: CustomTest.getCustData();
13:24:14.1 (1461489)|USER_INFO|[EXTERNAL]|0051r000007nKPL|assh4884@cunning-goat-277018.com|Greenwich Mean Time|GMT+01:00
13:24:14.1 (1498701)|EXECUTION_STARTED
13:24:14.1 (1504725)|CODE_UNIT_STARTED|[EXTERNAL]|execute_anonymous_apex
13:24:14.1 (1783365)|HEAP_ALLOCATE|[72]|Bytes:3
13:24:14.1 (1868980)|HEAP_ALLOCATE|[77]|Bytes:152
13:24:14.1 (1895518)|HEAP_ALLOCATE|[342]|Bytes:408
13:24:14.1 (1915654)|HEAP_ALLOCATE|[355]|Bytes:408
13:24:14.1 (1933083)|HEAP_ALLOCATE|[467]|Bytes:48
13:24:14.1 (1971687)|HEAP_ALLOCATE|[139]|Bytes:6
13:24:14.1 (1994839)|HEAP_ALLOCATE|[EXTERNAL]|Bytes:1
13:24:14.1 (2095578)|STATEMENT_EXECUTE|[1]
13:24:14.1 (2099961)|STATEMENT_EXECUTE|[1]
13:24:14.1 (2169955)|HEAP_ALLOCATE|[50]|Bytes:5
13:24:14.1 (2200564)|HEAP_ALLOCATE|[56]|Bytes:5
13:24:14.1 (2210662)|HEAP_ALLOCATE|[64]|Bytes:7
13:24:14.1 (2247322)|SYSTEM_MODE_ENTER|false
13:24:14.1 (2273109)|HEAP_ALLOCATE|[1]|Bytes:5
13:24:14.1 (24772334)|HEAP_ALLOCATE|[1]|Bytes:1
13:24:14.1 (24793958)|HEAP_ALLOCATE|[1]|Bytes:20
13:24:14.1 (24822346)|METHOD_ENTRY|[1]|01p1r000007pAtp|CustomTest.CustomTest()
13:24:14.1 (24834216)|STATEMENT_EXECUTE|[1]
13:24:14.1 (24847550)|STATEMENT_EXECUTE|[1]
13:24:14.1 (25168750)|HEAP_ALLOCATE|[1]|Bytes:5
13:24:14.1 (25194597)|METHOD_EXIT|[1]|CustomTest
13:24:14.1 (25235409)|METHOD_ENTRY|[1]|01p1r000007pAtp|CustomTest.getCustData()
13:24:14.1 (25312740)|HEAP_ALLOCATE|[4]|Bytes:5
13:24:14.1 (25320587)|STATEMENT_EXECUTE|[3]
13:24:14.1 (25323510)|STATEMENT_EXECUTE|[4]
13:24:14.1 (26341017)|HEAP_ALLOCATE|[4]|Bytes:12
13:24:14.1 (26461220)|HEAP_ALLOCATE|[EXTERNAL]|Bytes:12
13:24:14.1 (26498547)|HEAP_ALLOCATE|[4]|Bytes:577
13:24:14.1 (26516851)|VARIABLE_SCOPE_BEGIN|[4]|t|List<test2__c>|true|false
13:24:14.1 (26600718)|VARIABLE_ASSIGNMENT|[4]|t|[{"LastModifiedDate":"2018-03-27T10:04:50.000Z","IsDeleted":false,"one2__c":"1111","two2__c":"2222","three2__c":"3333","SetupOwnerId":"00D1r000000sW7MEAU","Name":"Dima","SystemModstamp":"2018-03-27T10:04:50.000Z","CreatedById":"0051r000007nKPLAA2","CreatedDate":"2018-03-27T10:04:50.000Z","Id":"a041r00000YuGNPAA3","LastModifiedById":"0051r000007nKPLAA2"},{"LastModifiedDate":"2018-03-27T10:01:25.000Z","IsDeleted":false,"one2__c":"data_one","two2__c":"data_two","three2__c":"data_three","SetupOwnerId":"00D1r000000sW7MEAU","Name":"testing","SystemModstamp":"2018-03-27T10:01:25.000Z","CreatedById":"0051r000007nKPLAA2","CreatedDate":"2018-03-27T10:01:25.000Z","Id":"a041r00000YuGL9AAN","LastModifiedById":"0051r000007nKPLAA2"}]|0x5ebe8dab
13:24:14.1 (26621525)|STATEMENT_EXECUTE|[5]
13:24:14.1 (26626974)|HEAP_ALLOCATE|[5]|Bytes:5
13:24:14.1 (26669181)|USER_DEBUG|[5]|DEBUG|fffff
13:24:14.1 (26679487)|STATEMENT_EXECUTE|[6]
13:24:14.1 (26866763)|USER_DEBUG|[6]|DEBUG|(test2__c:{LastModifiedDate=2018-03-27 10:04:50, IsDeleted=false, one2__c=1111, two2__c=2222, three2__c=3333, SetupOwnerId=00D1r000000sW7MEAU, Name=Dima, SystemModstamp=2018-03-27 10:04:50, CreatedById=0051r000007nKPLAA2, CreatedDate=2018-03-27 10:04:50, Id=a041r00000YuGNPAA3, LastModifiedById=0051r000007nKPLAA2}, test2__c:{LastModifiedDate=2018-03-27 10:01:25, IsDeleted=false, one2__c=data_one, two2__c=data_two, three2__c=data_three, SetupOwnerId=00D1r000000sW7MEAU, Name=testing, SystemModstamp=2018-03-27 10:01:25, CreatedById=0051r000007nKPLAA2, CreatedDate=2018-03-27 10:01:25, Id=a041r00000YuGL9AAN, LastModifiedById=0051r000007nKPLAA2})
13:24:14.1 (26891672)|STATEMENT_EXECUTE|[8]
13:24:14.1 (26951327)|HEAP_ALLOCATE|[8]|Bytes:12
13:24:14.1 (26963634)|VARIABLE_SCOPE_BEGIN|[8]|t2|Map<String,test2__c>|true|false
13:24:14.1 (27007997)|VARIABLE_ASSIGNMENT|[8]|t2|{"Dima":{"LastModifiedDate":"2018-03-27T10:04:50.000Z","IsDeleted":false,"one2__c":"1111","two2__c":"2222","three2__c":"3333","SetupOwnerId":"00D1r000000sW7MEAU","Name":"Dima","SystemModstamp":"2018-03-27T10:04:50.000Z","CreatedById":"0051r000007nKPLAA2","CreatedDate":"2018-03-27T10:04:50.000Z","Id":"a041r00000YuGNPAA3","LastModifiedById":"0051r000007nKPLAA2"},"testing":{"LastModifiedDate":"2018-03-27T10:01:25.000Z","IsDeleted":false,"one2__c":"data_one","two2__c":"data_two","three2__c":"data_three","SetupOwnerId":"00D1r000000sW7MEAU","Name":"testing","SystemModstamp":"2018-03-27T10:01:25.000Z","CreatedById":"0051r000007nKPLAA2","CreatedDate":"2018-03-27T10:01:25.000Z","Id":"a041r00000YuGL9AAN","LastModifiedById":"0051r000007nKPLAA2"}}|0x4a74ce2d
13:24:14.1 (27024346)|STATEMENT_EXECUTE|[9]
13:24:14.1 (27027755)|HEAP_ALLOCATE|[9]|Bytes:4
13:24:14.1 (27045506)|USER_DEBUG|[9]|DEBUG|gggg
13:24:14.1 (27054718)|STATEMENT_EXECUTE|[10]
13:24:14.1 (27157640)|USER_DEBUG|[10]|DEBUG|{Dima=test2__c:{LastModifiedDate=2018-03-27 10:04:50, IsDeleted=false, one2__c=1111, two2__c=2222, three2__c=3333, SetupOwnerId=00D1r000000sW7MEAU, Name=Dima, SystemModstamp=2018-03-27 10:04:50, CreatedById=0051r000007nKPLAA2, CreatedDate=2018-03-27 10:04:50, Id=a041r00000YuGNPAA3, LastModifiedById=0051r000007nKPLAA2}, testing=test2__c:{LastModifiedDate=2018-03-27 10:01:25, IsDeleted=false, one2__c=data_one, two2__c=data_two, three2__c=data_three, SetupOwnerId=00D1r000000sW7MEAU, Name=testing, SystemModstamp=2018-03-27 10:01:25, CreatedById=0051r000007nKPLAA2, CreatedDate=2018-03-27 10:01:25, Id=a041r00000YuGL9AAN, LastModifiedById=0051r000007nKPLAA2}}
13:24:14.1 (27174705)|STATEMENT_EXECUTE|[11]
13:24:14.1 (27177875)|HEAP_ALLOCATE|[11]|Bytes:4
13:24:14.1 (27568123)|HEAP_ALLOCATE|[11]|Bytes:52
13:24:14.1 (27583303)|VARIABLE_SCOPE_BEGIN|[11]|obj|test2__c|true|false
13:24:14.1 (27616653)|VARIABLE_ASSIGNMENT|[11]|obj|{"LastModifiedDate":"2018-03-27T10:04:50.000Z","IsDeleted":false,"one2__c":"1111","two2__c":"2222","three2__c":"3333","SetupOwnerId":"00D1r000000sW7MEAU","Name":"Dima","SystemModstamp":"2018-03-27T10:04:50.000Z","CreatedById":"0051r000007nKPLAA2","CreatedDate":"2018-03-27T10:04:50.000Z","Id":"a041r00000YuGNPAA3","LastModifiedById":"0051r000007nKPLAA2"}|0x3af5e4ce
13:24:14.1 (27632197)|STATEMENT_EXECUTE|[12]
13:24:14.1 (27705029)|USER_DEBUG|[12]|DEBUG|test2__c:{LastModifiedDate=2018-03-27 10:04:50, IsDeleted=false, one2__c=1111, two2__c=2222, three2__c=3333, SetupOwnerId=00D1r000000sW7MEAU, Name=Dima, SystemModstamp=2018-03-27 10:04:50, CreatedById=0051r000007nKPLAA2, CreatedDate=2018-03-27 10:04:50, Id=a041r00000YuGNPAA3, LastModifiedById=0051r000007nKPLAA2}
13:24:14.1 (27718185)|STATEMENT_EXECUTE|[13]
13:24:14.1 (27750415)|USER_DEBUG|[13]|DEBUG|Dima
13:24:14.1 (27762340)|STATEMENT_EXECUTE|[14]
13:24:14.1 (27778913)|USER_DEBUG|[14]|DEBUG|1111
13:24:14.1 (27785593)|STATEMENT_EXECUTE|[15]
13:24:14.1 (27881124)|USER_DEBUG|[15]|DEBUG|test2__c:{LastModifiedDate=2018-03-27 10:04:50, IsDeleted=false, one2__c=1111, two2__c=2222, three2__c=3333, SetupOwnerId=00D1r000000sW7MEAU, Name=Dima, SystemModstamp=2018-03-27 10:04:50, CreatedById=0051r000007nKPLAA2, CreatedDate=2018-03-27 10:04:50, Id=a041r00000YuGNPAA3, LastModifiedById=0051r000007nKPLAA2}
13:24:14.1 (27901282)|METHOD_EXIT|[1]|01p1r000007pAtp|CustomTest.getCustData()
13:24:14.1 (27914093)|SYSTEM_MODE_EXIT|false
13:24:14.27 (27945305)|CUMULATIVE_LIMIT_USAGE
13:24:14.27 (27945305)|LIMIT_USAGE_FOR_NS|(default)|
  Number of SOQL queries: 0 out of 100
  Number of query rows: 0 out of 50000
  Number of SOSL queries: 0 out of 20
  Number of DML statements: 0 out of 150
  Number of DML rows: 0 out of 10000
  Maximum CPU time: 0 out of 10000
  Maximum heap size: 0 out of 6000000
  Number of callouts: 0 out of 100
  Number of Email Invocations: 0 out of 10
  Number of future calls: 0 out of 50
  Number of queueable jobs added to the queue: 0 out of 50
  Number of Mobile Apex push calls: 0 out of 10

13:24:14.27 (27945305)|CUMULATIVE_LIMIT_USAGE_END

13:24:14.1 (27986216)|CODE_UNIT_FINISHED|execute_anonymous_apex
13:24:14.1 (29260501)|EXECUTION_FINISHED
