42.0 APEX_CODE,FINEST;APEX_PROFILING,INFO;CALLOUT,INFO;DB,INFO;SYSTEM,DEBUG;VALIDATION,INFO;VISUALFORCE,INFO;WAVE,INFO;WORKFLOW,INFO
Execute Anonymous: CustomTest.getCustData();
10:57:31.1 (1584079)|USER_INFO|[EXTERNAL]|0051r000007nKPL|assh4884@cunning-goat-277018.com|Greenwich Mean Time|GMT+01:00
10:57:31.1 (1607250)|EXECUTION_STARTED
10:57:31.1 (1611026)|CODE_UNIT_STARTED|[EXTERNAL]|execute_anonymous_apex
10:57:31.1 (1823251)|HEAP_ALLOCATE|[72]|Bytes:3
10:57:31.1 (1865030)|HEAP_ALLOCATE|[77]|Bytes:152
10:57:31.1 (1879718)|HEAP_ALLOCATE|[342]|Bytes:408
10:57:31.1 (1891394)|HEAP_ALLOCATE|[355]|Bytes:408
10:57:31.1 (1901979)|HEAP_ALLOCATE|[467]|Bytes:48
10:57:31.1 (1928137)|HEAP_ALLOCATE|[139]|Bytes:6
10:57:31.1 (1945516)|HEAP_ALLOCATE|[EXTERNAL]|Bytes:1
10:57:31.1 (2023370)|STATEMENT_EXECUTE|[1]
10:57:31.1 (2026765)|STATEMENT_EXECUTE|[1]
10:57:31.1 (2074437)|HEAP_ALLOCATE|[50]|Bytes:5
10:57:31.1 (2095633)|HEAP_ALLOCATE|[56]|Bytes:5
10:57:31.1 (2103199)|HEAP_ALLOCATE|[64]|Bytes:7
10:57:31.1 (2125078)|SYSTEM_MODE_ENTER|false
10:57:31.1 (2145625)|HEAP_ALLOCATE|[1]|Bytes:5
10:57:31.1 (8797122)|HEAP_ALLOCATE|[1]|Bytes:1
10:57:31.1 (8813832)|HEAP_ALLOCATE|[1]|Bytes:8
10:57:31.1 (8832902)|METHOD_ENTRY|[1]|01p1r000007pAtp|CustomTest.CustomTest()
10:57:31.1 (8840257)|STATEMENT_EXECUTE|[1]
10:57:31.1 (8847120)|STATEMENT_EXECUTE|[1]
10:57:31.1 (8861722)|HEAP_ALLOCATE|[1]|Bytes:5
10:57:31.1 (8873775)|METHOD_EXIT|[1]|CustomTest
10:57:31.1 (8899433)|METHOD_ENTRY|[1]|01p1r000007pAtp|CustomTest.getCustData()
10:57:31.1 (8948124)|HEAP_ALLOCATE|[4]|Bytes:5
10:57:31.1 (8953816)|STATEMENT_EXECUTE|[3]
10:57:31.1 (8955605)|STATEMENT_EXECUTE|[4]
10:57:31.1 (10237370)|HEAP_ALLOCATE|[4]|Bytes:4
10:57:31.1 (10328877)|HEAP_ALLOCATE|[EXTERNAL]|Bytes:4
10:57:31.1 (10342956)|HEAP_ALLOCATE|[4]|Bytes:4
10:57:31.1 (10359165)|VARIABLE_SCOPE_BEGIN|[4]|t|List<test2__c>|true|false
10:57:31.1 (10387459)|VARIABLE_ASSIGNMENT|[4]|t|[]|0x7d0931a0
10:57:31.1 (10393974)|STATEMENT_EXECUTE|[5]
10:57:31.1 (10397939)|HEAP_ALLOCATE|[5]|Bytes:5
10:57:31.1 (10433171)|USER_DEBUG|[5]|DEBUG|fffff
10:57:31.1 (10442237)|STATEMENT_EXECUTE|[6]
10:57:31.1 (10463647)|USER_DEBUG|[6]|DEBUG|()
10:57:31.1 (10470204)|STATEMENT_EXECUTE|[8]
10:57:31.1 (10514494)|HEAP_ALLOCATE|[8]|Bytes:4
10:57:31.1 (10524740)|VARIABLE_SCOPE_BEGIN|[8]|t2|Map<String,test2__c>|true|false
10:57:31.1 (10540745)|VARIABLE_ASSIGNMENT|[8]|t2|{}|0x6f11ae47
10:57:31.1 (10545724)|STATEMENT_EXECUTE|[9]
10:57:31.1 (10548436)|HEAP_ALLOCATE|[9]|Bytes:4
10:57:31.1 (10561684)|USER_DEBUG|[9]|DEBUG|gggg
10:57:31.1 (10568094)|STATEMENT_EXECUTE|[10]
10:57:31.1 (10577254)|USER_DEBUG|[10]|DEBUG|{}
10:57:31.1 (10588076)|METHOD_EXIT|[1]|01p1r000007pAtp|CustomTest.getCustData()
10:57:31.1 (10594071)|SYSTEM_MODE_EXIT|false
10:57:31.10 (10657830)|CUMULATIVE_LIMIT_USAGE
10:57:31.10 (10657830)|LIMIT_USAGE_FOR_NS|(default)|
  Number of SOQL queries: 0 out of 100
  Number of query rows: 0 out of 50000
  Number of SOSL queries: 0 out of 20
  Number of DML statements: 0 out of 150
  Number of DML rows: 0 out of 10000
  Maximum CPU time: 0 out of 10000
  Maximum heap size: 0 out of 6000000
  Number of callouts: 0 out of 100
  Number of Email Invocations: 0 out of 10
  Number of future calls: 0 out of 50
  Number of queueable jobs added to the queue: 0 out of 50
  Number of Mobile Apex push calls: 0 out of 10

10:57:31.10 (10657830)|CUMULATIVE_LIMIT_USAGE_END

10:57:31.1 (10704905)|CODE_UNIT_FINISHED|execute_anonymous_apex
10:57:31.1 (11875669)|EXECUTION_FINISHED
