42.0 APEX_CODE,FINEST;APEX_PROFILING,INFO;CALLOUT,INFO;DB,INFO;SYSTEM,DEBUG;VALIDATION,INFO;VISUALFORCE,INFO;WAVE,INFO;WORKFLOW,INFO
11:03:53.0 (327878)|EXECUTION_STARTED
11:03:53.0 (350861)|CODE_UNIT_STARTED|[EXTERNAL]|VisualForce View State
11:03:53.0 (5502588)|HEAP_ALLOCATE|[72]|Bytes:3
11:03:53.0 (5543602)|HEAP_ALLOCATE|[77]|Bytes:152
11:03:53.0 (5564709)|HEAP_ALLOCATE|[342]|Bytes:408
11:03:53.0 (5578092)|HEAP_ALLOCATE|[355]|Bytes:408
11:03:53.0 (5588635)|HEAP_ALLOCATE|[467]|Bytes:48
11:03:53.0 (5616983)|HEAP_ALLOCATE|[139]|Bytes:6
11:03:53.0 (6834745)|CODE_UNIT_FINISHED|VisualForce View State
11:03:53.0 (7755200)|EXECUTION_FINISHED
11:03:53.8 (8963341)|SYSTEM_MODE_ENTER|true
11:03:53.8 (9048648)|HEAP_ALLOCATE|[EXTERNAL]|Bytes:120
11:03:53.8 (9061650)|HEAP_ALLOCATE|[EXTERNAL]|Bytes:10
11:03:53.8 (9070702)|SYSTEM_METHOD_ENTRY|[1]|pagemessagecomponentcontroller.pagemessagecomponentcontroller()
11:03:53.8 (9081590)|STATEMENT_EXECUTE|[1]
11:03:53.12 (12644937)|CUMULATIVE_LIMIT_USAGE
11:03:53.12 (12644937)|LIMIT_USAGE_FOR_NS|(default)|
  Number of SOQL queries: 0 out of 100
  Number of query rows: 0 out of 50000
  Number of SOSL queries: 0 out of 20
  Number of DML statements: 0 out of 150
  Number of DML rows: 0 out of 10000
  Maximum CPU time: 0 out of 10000
  Maximum heap size: 0 out of 6000000
  Number of callouts: 0 out of 100
  Number of Email Invocations: 0 out of 10
  Number of future calls: 0 out of 50
  Number of queueable jobs added to the queue: 0 out of 50
  Number of Mobile Apex push calls: 0 out of 10

11:03:53.12 (12644937)|CUMULATIVE_LIMIT_USAGE_END

