42.0 APEX_CODE,FINEST;APEX_PROFILING,INFO;CALLOUT,INFO;DB,INFO;SYSTEM,DEBUG;VALIDATION,INFO;VISUALFORCE,INFO;WAVE,INFO;WORKFLOW,INFO
Execute Anonymous: DaysPartController.getDaysPart();
16:07:15.1 (1318083)|USER_INFO|[EXTERNAL]|0051r000007nKPL|assh4884@cunning-goat-277018.com|Greenwich Mean Time|GMT+01:00
16:07:15.1 (1336695)|EXECUTION_STARTED
16:07:15.1 (1340168)|CODE_UNIT_STARTED|[EXTERNAL]|execute_anonymous_apex
16:07:15.1 (1525386)|HEAP_ALLOCATE|[72]|Bytes:3
16:07:15.1 (1557506)|HEAP_ALLOCATE|[77]|Bytes:152
16:07:15.1 (1571561)|HEAP_ALLOCATE|[342]|Bytes:408
16:07:15.1 (1583796)|HEAP_ALLOCATE|[355]|Bytes:408
16:07:15.1 (1594236)|HEAP_ALLOCATE|[467]|Bytes:48
16:07:15.1 (1632895)|HEAP_ALLOCATE|[139]|Bytes:6
16:07:15.1 (1651000)|HEAP_ALLOCATE|[EXTERNAL]|Bytes:1
16:07:15.1 (1740761)|STATEMENT_EXECUTE|[1]
16:07:15.1 (1743135)|STATEMENT_EXECUTE|[1]
16:07:15.1 (1793057)|HEAP_ALLOCATE|[50]|Bytes:5
16:07:15.1 (1811924)|HEAP_ALLOCATE|[56]|Bytes:5
16:07:15.1 (1818617)|HEAP_ALLOCATE|[64]|Bytes:7
16:07:15.1 (1839798)|SYSTEM_MODE_ENTER|false
16:07:15.1 (1856246)|HEAP_ALLOCATE|[1]|Bytes:5
16:07:15.1 (3219599)|HEAP_ALLOCATE|[1]|Bytes:4
16:07:15.1 (3230189)|HEAP_ALLOCATE|[1]|Bytes:2
16:07:15.1 (3245337)|METHOD_ENTRY|[1]|01p1r000007pMQE|DaysPartController.DaysPartController()
16:07:15.1 (3253290)|STATEMENT_EXECUTE|[1]
16:07:15.1 (3257220)|STATEMENT_EXECUTE|[1]
16:07:15.1 (3267345)|HEAP_ALLOCATE|[1]|Bytes:5
16:07:15.1 (3290496)|METHOD_EXIT|[1]|DaysPartController
16:07:15.1 (3311375)|METHOD_ENTRY|[1]|01p1r000007pMQE|DaysPartController.getDaysPart()
16:07:15.1 (3393716)|HEAP_ALLOCATE|[5]|Bytes:5
16:07:15.1 (3400448)|STATEMENT_EXECUTE|[4]
16:07:15.1 (3402258)|STATEMENT_EXECUTE|[5]
16:07:15.1 (3962716)|HEAP_ALLOCATE|[5]|Bytes:16
16:07:15.1 (3981870)|VARIABLE_SCOPE_BEGIN|[5]|daysPart|Map<String,Days_part__c>|true|false
16:07:15.1 (4077722)|VARIABLE_ASSIGNMENT|[5]|daysPart|{"Morning":{"LastModifiedDate":"2018-03-27T12:50:19.000Z","IsDeleted":false,"SetupOwnerId":"00D1r000000sW7MEAU","Name":"Morning","SystemModstamp":"2018-03-27T12:50:19.000Z","End__c":12.0,"Separation__c":15.0,"CreatedById":"0051r000007nKPLAA2","Start__c":7.0,"CreatedDate":"2018-03-27T12:50:19.000Z","Id":"a051r00000nYll2AAC","LastModifiedById":"0051r000007nKPLAA2"},"Afternoon":{"LastModifiedDate":"2018-03-27T12:50:47.000Z","IsDeleted":false,"SetupOwnerId":"00D1r000000sW7MEAU","Name":"Afternoon","SystemModstamp":"2018-03-27T12:50:47.000Z","End__c":17.0,"Separation__c":30.0,"CreatedById":"0051r000007nKPLAA2","Start__c":12.0,"CreatedDate":"2018-03-27T12:50:47.000Z","Id":"a051r00000nYll7AAC","LastModifiedById":"0051r000007nKPLAA2"},"Night":{"LastModifiedDate":"2018-03-27T13:06:14.000Z","IsDeleted":false,"SetupOwnerId":"00D1r000000sW7MEAU","Name":"Night","SystemModstamp":"2018-03-27T13:06:14.000Z","End__c":23.0,"Separation__c":20.0,"CreatedById":"0051r000007nKPLAA2","Start__c":17.0,"CreatedDate":"2018-03-27T12:51:09.000Z","Id":"a051r00000nYllCAAS","LastModifiedById":"0051r000007nKPLAA2"}}|0x826c3dc
16:07:15.1 (4107735)|STATEMENT_EXECUTE|[6]
16:07:15.1 (4122616)|METHOD_ENTRY|[6]|01p1r000007pMQE|DaysPartController.getTimeCellsBySeparator(Map<String,Days_part__c>)
16:07:15.1 (4150044)|VARIABLE_SCOPE_BEGIN|[13]|daysPart|Map<String,Days_part__c>|true|false
16:07:15.1 (4195795)|VARIABLE_ASSIGNMENT|[13]|daysPart|{"Morning":{"LastModifiedDate":"2018-03-27T12:50:19.000Z","IsDeleted":false,"SetupOwnerId":"00D1r000000sW7MEAU","Name":"Morning","SystemModstamp":"2018-03-27T12:50:19.000Z","End__c":12.0,"Separation__c":15.0,"CreatedById":"0051r000007nKPLAA2","Start__c":7.0,"CreatedDate":"2018-03-27T12:50:19.000Z","Id":"a051r00000nYll2AAC","LastModifiedById":"0051r000007nKPLAA2"},"Afternoon":{"LastModifiedDate":"2018-03-27T12:50:47.000Z","IsDeleted":false,"SetupOwnerId":"00D1r000000sW7MEAU","Name":"Afternoon","SystemModstamp":"2018-03-27T12:50:47.000Z","End__c":17.0,"Separation__c":30.0,"CreatedById":"0051r000007nKPLAA2","Start__c":12.0,"CreatedDate":"2018-03-27T12:50:47.000Z","Id":"a051r00000nYll7AAC","LastModifiedById":"0051r000007nKPLAA2"},"Night":{"LastModifiedDate":"2018-03-27T13:06:14.000Z","IsDeleted":false,"SetupOwnerId":"00D1r000000sW7MEAU","Name":"Night","SystemModstamp":"2018-03-27T13:06:14.000Z","End__c":23.0,"Separation__c":20.0,"CreatedById":"0051r000007nKPLAA2","Start__c":17.0,"CreatedDate":"2018-03-27T12:51:09.000Z","Id":"a051r00000nYllCAAS","LastModifiedById":"0051r000007nKPLAA2"}}|0x826c3dc
16:07:15.1 (4228109)|HEAP_ALLOCATE|[15]|Bytes:5
16:07:15.1 (4234059)|STATEMENT_EXECUTE|[13]
16:07:15.1 (4235702)|STATEMENT_EXECUTE|[15]
16:07:15.1 (4257198)|HEAP_ALLOCATE|[15]|Bytes:4
16:07:15.1 (4273368)|VARIABLE_SCOPE_BEGIN|[15]|partAndTime|Map<String,Map<String,List<String>>>|true|false
16:07:15.1 (4291409)|VARIABLE_ASSIGNMENT|[15]|partAndTime|{}|0x53e8bff9
16:07:15.1 (4335721)|HEAP_ALLOCATE|[17]|Bytes:4
16:07:15.1 (4417772)|HEAP_ALLOCATE|[17]|Bytes:37
16:07:15.1 (4437021)|HEAP_ALLOCATE|[17]|Bytes:12
16:07:15.1 (4475688)|HEAP_ALLOCATE|[17]|Bytes:5
16:07:15.1 (4490016)|VARIABLE_SCOPE_BEGIN|[17]|name|String|false|false
16:07:15.1 (4500442)|VARIABLE_ASSIGNMENT|[17]|name|"Morning"
16:07:15.1 (4505165)|STATEMENT_EXECUTE|[17]
16:07:15.1 (4506571)|STATEMENT_EXECUTE|[19]
16:07:15.1 (4621877)|VARIABLE_SCOPE_BEGIN|[19]|Start|Integer|false|false
16:07:15.1 (4631027)|HEAP_ALLOCATE|[19]|Bytes:4
16:07:15.1 (4639310)|VARIABLE_ASSIGNMENT|[19]|Start|7
16:07:15.1 (4643697)|STATEMENT_EXECUTE|[20]
16:07:15.1 (4673732)|USER_DEBUG|[20]|DEBUG|7
16:07:15.1 (4689505)|HEAP_ALLOCATE|[17]|Bytes:5
16:07:15.1 (4700025)|VARIABLE_SCOPE_BEGIN|[17]|name|String|false|false
16:07:15.1 (4709522)|VARIABLE_ASSIGNMENT|[17]|name|"Afternoon"
16:07:15.1 (4713721)|STATEMENT_EXECUTE|[17]
16:07:15.1 (4715104)|STATEMENT_EXECUTE|[19]
16:07:15.1 (4751467)|VARIABLE_SCOPE_BEGIN|[19]|Start|Integer|false|false
16:07:15.1 (4759204)|HEAP_ALLOCATE|[19]|Bytes:4
16:07:15.1 (4765583)|VARIABLE_ASSIGNMENT|[19]|Start|12
16:07:15.1 (4769642)|STATEMENT_EXECUTE|[20]
16:07:15.1 (4775796)|USER_DEBUG|[20]|DEBUG|12
16:07:15.1 (4791067)|HEAP_ALLOCATE|[17]|Bytes:5
16:07:15.1 (4800540)|VARIABLE_SCOPE_BEGIN|[17]|name|String|false|false
16:07:15.1 (4809015)|VARIABLE_ASSIGNMENT|[17]|name|"Night"
16:07:15.1 (4813208)|STATEMENT_EXECUTE|[17]
16:07:15.1 (4814516)|STATEMENT_EXECUTE|[19]
16:07:15.1 (4843171)|VARIABLE_SCOPE_BEGIN|[19]|Start|Integer|false|false
16:07:15.1 (4850976)|HEAP_ALLOCATE|[19]|Bytes:4
16:07:15.1 (4856629)|VARIABLE_ASSIGNMENT|[19]|Start|17
16:07:15.1 (4860491)|STATEMENT_EXECUTE|[20]
16:07:15.1 (4865220)|USER_DEBUG|[20]|DEBUG|17
16:07:15.1 (4874921)|HEAP_ALLOCATE|[17]|Bytes:5
16:07:15.1 (4882893)|VARIABLE_ASSIGNMENT|[17]|name|null
16:07:15.1 (4895087)|METHOD_EXIT|[6]|01p1r000007pMQE|DaysPartController.getTimeCellsBySeparator(Map<String,Days_part__c>)
16:07:15.1 (4900572)|STATEMENT_EXECUTE|[10]
16:07:15.1 (4904907)|METHOD_EXIT|[1]|01p1r000007pMQE|DaysPartController.getDaysPart()
16:07:15.1 (4911601)|SYSTEM_MODE_EXIT|false
16:07:15.4 (4944460)|CUMULATIVE_LIMIT_USAGE
16:07:15.4 (4944460)|LIMIT_USAGE_FOR_NS|(default)|
  Number of SOQL queries: 0 out of 100
  Number of query rows: 0 out of 50000
  Number of SOSL queries: 0 out of 20
  Number of DML statements: 0 out of 150
  Number of DML rows: 0 out of 10000
  Maximum CPU time: 0 out of 10000
  Maximum heap size: 0 out of 6000000
  Number of callouts: 0 out of 100
  Number of Email Invocations: 0 out of 10
  Number of future calls: 0 out of 50
  Number of queueable jobs added to the queue: 0 out of 50
  Number of Mobile Apex push calls: 0 out of 10

16:07:15.4 (4944460)|CUMULATIVE_LIMIT_USAGE_END

16:07:15.1 (4977820)|CODE_UNIT_FINISHED|execute_anonymous_apex
16:07:15.1 (5784773)|EXECUTION_FINISHED
