42.0 APEX_CODE,FINEST;APEX_PROFILING,INFO;CALLOUT,INFO;DB,INFO;SYSTEM,DEBUG;VALIDATION,INFO;VISUALFORCE,INFO;WAVE,INFO;WORKFLOW,INFO
14:33:15.0 (339890)|USER_INFO|[EXTERNAL]|0051r000007nKPL|assh4884@cunning-goat-277018.com|Greenwich Mean Time|GMT+01:00
14:33:15.0 (371802)|EXECUTION_STARTED
14:33:15.0 (376685)|CODE_UNIT_STARTED|[EXTERNAL]|Aura
14:33:15.0 (1826735)|CODE_UNIT_STARTED|[EXTERNAL]|01p1r000007pMQE|DaysPartController.getDaysPart
14:33:15.0 (2133165)|HEAP_ALLOCATE|[72]|Bytes:3
14:33:15.0 (2178689)|HEAP_ALLOCATE|[77]|Bytes:152
14:33:15.0 (2195592)|HEAP_ALLOCATE|[342]|Bytes:408
14:33:15.0 (2207984)|HEAP_ALLOCATE|[355]|Bytes:408
14:33:15.0 (2218124)|HEAP_ALLOCATE|[467]|Bytes:48
14:33:15.0 (2243022)|HEAP_ALLOCATE|[139]|Bytes:6
14:33:15.0 (2257988)|HEAP_ALLOCATE|[EXTERNAL]|Bytes:1
14:33:15.0 (2268837)|METHOD_ENTRY|[1]|01p1r000007pMQE|DaysPartController.DaysPartController()
14:33:15.0 (2275620)|STATEMENT_EXECUTE|[1]
14:33:15.0 (2280684)|STATEMENT_EXECUTE|[1]
14:33:15.0 (2314752)|HEAP_ALLOCATE|[50]|Bytes:5
14:33:15.0 (2337202)|HEAP_ALLOCATE|[56]|Bytes:5
14:33:15.0 (2345300)|HEAP_ALLOCATE|[64]|Bytes:7
14:33:15.0 (2367790)|SYSTEM_MODE_ENTER|false
14:33:15.0 (2384907)|HEAP_ALLOCATE|[EXTERNAL]|Bytes:5
14:33:15.0 (2392892)|SYSTEM_MODE_EXIT|false
14:33:15.0 (2401954)|METHOD_EXIT|[1]|DaysPartController
14:33:15.0 (2412223)|SYSTEM_MODE_ENTER|false
14:33:15.0 (2424502)|HEAP_ALLOCATE|[5]|Bytes:5
14:33:15.0 (2429038)|STATEMENT_EXECUTE|[4]
14:33:15.0 (2430551)|STATEMENT_EXECUTE|[5]
14:33:15.0 (3543861)|HEAP_ALLOCATE|[5]|Bytes:16
14:33:15.0 (3564856)|VARIABLE_SCOPE_BEGIN|[5]|daysPart|Map<String,Days_part__c>|true|false
14:33:15.0 (3662011)|VARIABLE_ASSIGNMENT|[5]|daysPart|{"Morning":{"LastModifiedDate":"2018-03-27T12:50:19.000Z","IsDeleted":false,"SetupOwnerId":"00D1r000000sW7MEAU","Name":"Morning","SystemModstamp":"2018-03-27T12:50:19.000Z","End__c":12.0,"Separation__c":15.0,"CreatedById":"0051r000007nKPLAA2","Start__c":7.0,"CreatedDate":"2018-03-27T12:50:19.000Z","Id":"a051r00000nYll2AAC","LastModifiedById":"0051r000007nKPLAA2"},"Afternoon":{"LastModifiedDate":"2018-03-27T12:50:47.000Z","IsDeleted":false,"SetupOwnerId":"00D1r000000sW7MEAU","Name":"Afternoon","SystemModstamp":"2018-03-27T12:50:47.000Z","End__c":17.0,"Separation__c":30.0,"CreatedById":"0051r000007nKPLAA2","Start__c":12.0,"CreatedDate":"2018-03-27T12:50:47.000Z","Id":"a051r00000nYll7AAC","LastModifiedById":"0051r000007nKPLAA2"},"Night":{"LastModifiedDate":"2018-03-27T13:06:14.000Z","IsDeleted":false,"SetupOwnerId":"00D1r000000sW7MEAU","Name":"Night","SystemModstamp":"2018-03-27T13:06:14.000Z","End__c":23.0,"Separation__c":20.0,"CreatedById":"0051r000007nKPLAA2","Start__c":17.0,"CreatedDate":"2018-03-27T12:51:09.000Z","Id":"a051r00000nYllCAAS","LastModifiedById":"0051r000007nKPLAA2"}}|0x5c82a65c
14:33:15.0 (3687004)|STATEMENT_EXECUTE|[7]
14:33:15.0 (3695341)|SYSTEM_MODE_EXIT|false
14:33:15.3 (3720317)|CUMULATIVE_LIMIT_USAGE
14:33:15.3 (3720317)|LIMIT_USAGE_FOR_NS|(default)|
  Number of SOQL queries: 0 out of 100
  Number of query rows: 0 out of 50000
  Number of SOSL queries: 0 out of 20
  Number of DML statements: 0 out of 150
  Number of DML rows: 0 out of 10000
  Maximum CPU time: 0 out of 10000
  Maximum heap size: 0 out of 6000000
  Number of callouts: 0 out of 100
  Number of Email Invocations: 0 out of 10
  Number of future calls: 0 out of 50
  Number of queueable jobs added to the queue: 0 out of 50
  Number of Mobile Apex push calls: 0 out of 10

14:33:15.3 (3720317)|CUMULATIVE_LIMIT_USAGE_END

14:33:15.0 (3754090)|CODE_UNIT_FINISHED|DaysPartController.getDaysPart
14:33:15.0 (3866639)|CODE_UNIT_FINISHED|Aura
14:33:15.0 (4958331)|EXECUTION_FINISHED
