42.0 APEX_CODE,FINEST;APEX_PROFILING,INFO;CALLOUT,INFO;DB,INFO;SYSTEM,DEBUG;VALIDATION,INFO;VISUALFORCE,INFO;WAVE,INFO;WORKFLOW,INFO
10:50:27.0 (326727)|EXECUTION_STARTED
10:50:27.0 (346669)|CODE_UNIT_STARTED|[EXTERNAL]|VisualForce View State
10:50:27.0 (12043175)|HEAP_ALLOCATE|[72]|Bytes:3
10:50:27.0 (12104837)|HEAP_ALLOCATE|[77]|Bytes:152
10:50:27.0 (12120630)|HEAP_ALLOCATE|[342]|Bytes:408
10:50:27.0 (12132941)|HEAP_ALLOCATE|[355]|Bytes:408
10:50:27.0 (12143161)|HEAP_ALLOCATE|[467]|Bytes:48
10:50:27.0 (12169847)|HEAP_ALLOCATE|[139]|Bytes:6
10:50:27.0 (13355179)|CODE_UNIT_FINISHED|VisualForce View State
10:50:27.0 (14260941)|EXECUTION_FINISHED
10:50:27.15 (15413585)|SYSTEM_MODE_ENTER|true
10:50:27.15 (15522512)|HEAP_ALLOCATE|[EXTERNAL]|Bytes:120
10:50:27.15 (15547662)|HEAP_ALLOCATE|[EXTERNAL]|Bytes:10
10:50:27.15 (15556800)|SYSTEM_METHOD_ENTRY|[1]|pagemessagecomponentcontroller.pagemessagecomponentcontroller()
10:50:27.15 (15561980)|STATEMENT_EXECUTE|[1]
10:50:27.182 (182083674)|CUMULATIVE_LIMIT_USAGE
10:50:27.182 (182083674)|LIMIT_USAGE_FOR_NS|(default)|
  Number of SOQL queries: 0 out of 100
  Number of query rows: 0 out of 50000
  Number of SOSL queries: 0 out of 20
  Number of DML statements: 0 out of 150
  Number of DML rows: 0 out of 10000
  Maximum CPU time: 0 out of 10000
  Maximum heap size: 0 out of 6000000
  Number of callouts: 0 out of 100
  Number of Email Invocations: 0 out of 10
  Number of future calls: 0 out of 50
  Number of queueable jobs added to the queue: 0 out of 50
  Number of Mobile Apex push calls: 0 out of 10

10:50:27.182 (182083674)|CUMULATIVE_LIMIT_USAGE_END

