42.0 APEX_CODE,FINEST;APEX_PROFILING,INFO;CALLOUT,INFO;DB,INFO;SYSTEM,DEBUG;VALIDATION,INFO;VISUALFORCE,INFO;WAVE,INFO;WORKFLOW,INFO
Execute Anonymous: CustomTest.getCustData();
10:55:25.1 (1482221)|USER_INFO|[EXTERNAL]|0051r000007nKPL|assh4884@cunning-goat-277018.com|Greenwich Mean Time|GMT+01:00
10:55:25.1 (1513433)|EXECUTION_STARTED
10:55:25.1 (1517644)|CODE_UNIT_STARTED|[EXTERNAL]|execute_anonymous_apex
10:55:25.1 (1771808)|HEAP_ALLOCATE|[72]|Bytes:3
10:55:25.1 (1821073)|HEAP_ALLOCATE|[77]|Bytes:152
10:55:25.1 (1841827)|HEAP_ALLOCATE|[342]|Bytes:408
10:55:25.1 (1860650)|HEAP_ALLOCATE|[355]|Bytes:408
10:55:25.1 (1880244)|HEAP_ALLOCATE|[467]|Bytes:48
10:55:25.1 (1921219)|HEAP_ALLOCATE|[139]|Bytes:6
10:55:25.1 (1945121)|HEAP_ALLOCATE|[EXTERNAL]|Bytes:1
10:55:25.1 (2015592)|STATEMENT_EXECUTE|[1]
10:55:25.1 (2019637)|STATEMENT_EXECUTE|[1]
10:55:25.1 (2081040)|HEAP_ALLOCATE|[50]|Bytes:5
10:55:25.1 (2110190)|HEAP_ALLOCATE|[56]|Bytes:5
10:55:25.1 (2120498)|HEAP_ALLOCATE|[64]|Bytes:7
10:55:25.1 (2147089)|SYSTEM_MODE_ENTER|false
10:55:25.1 (2171924)|HEAP_ALLOCATE|[1]|Bytes:5
10:55:25.1 (20839016)|HEAP_ALLOCATE|[1]|Bytes:1
10:55:25.1 (20855887)|HEAP_ALLOCATE|[1]|Bytes:3
10:55:25.1 (20873693)|METHOD_ENTRY|[1]|01p1r000007pAtp|CustomTest.CustomTest()
10:55:25.1 (20880142)|STATEMENT_EXECUTE|[1]
10:55:25.1 (20885267)|STATEMENT_EXECUTE|[1]
10:55:25.1 (20896702)|HEAP_ALLOCATE|[1]|Bytes:5
10:55:25.1 (20907171)|METHOD_EXIT|[1]|CustomTest
10:55:25.1 (20932568)|METHOD_ENTRY|[1]|01p1r000007pAtp|CustomTest.getCustData()
10:55:25.1 (20980085)|HEAP_ALLOCATE|[4]|Bytes:5
10:55:25.1 (20985462)|STATEMENT_EXECUTE|[3]
10:55:25.1 (20987130)|STATEMENT_EXECUTE|[4]
10:55:25.1 (22290798)|HEAP_ALLOCATE|[4]|Bytes:4
10:55:25.1 (22372209)|HEAP_ALLOCATE|[EXTERNAL]|Bytes:4
10:55:25.1 (22382389)|HEAP_ALLOCATE|[4]|Bytes:4
10:55:25.1 (22395302)|VARIABLE_SCOPE_BEGIN|[4]|t|List<test2__c>|true|false
10:55:25.1 (22424115)|VARIABLE_ASSIGNMENT|[4]|t|[]|0x62208f3e
10:55:25.1 (22430258)|STATEMENT_EXECUTE|[5]
10:55:25.1 (22434006)|HEAP_ALLOCATE|[5]|Bytes:5
10:55:25.1 (22464899)|USER_DEBUG|[5]|DEBUG|fffff
10:55:25.1 (22474089)|STATEMENT_EXECUTE|[6]
10:55:25.1 (22494889)|USER_DEBUG|[6]|DEBUG|()
10:55:25.1 (22506189)|METHOD_EXIT|[1]|01p1r000007pAtp|CustomTest.getCustData()
10:55:25.1 (22513004)|SYSTEM_MODE_EXIT|false
10:55:25.22 (22544355)|CUMULATIVE_LIMIT_USAGE
10:55:25.22 (22544355)|LIMIT_USAGE_FOR_NS|(default)|
  Number of SOQL queries: 0 out of 100
  Number of query rows: 0 out of 50000
  Number of SOSL queries: 0 out of 20
  Number of DML statements: 0 out of 150
  Number of DML rows: 0 out of 10000
  Maximum CPU time: 0 out of 10000
  Maximum heap size: 0 out of 6000000
  Number of callouts: 0 out of 100
  Number of Email Invocations: 0 out of 10
  Number of future calls: 0 out of 50
  Number of queueable jobs added to the queue: 0 out of 50
  Number of Mobile Apex push calls: 0 out of 10

10:55:25.22 (22544355)|CUMULATIVE_LIMIT_USAGE_END

10:55:25.1 (22577212)|CODE_UNIT_FINISHED|execute_anonymous_apex
10:55:25.1 (23802742)|EXECUTION_FINISHED
