42.0 APEX_CODE,FINEST;APEX_PROFILING,INFO;CALLOUT,INFO;DB,INFO;SYSTEM,DEBUG;VALIDATION,INFO;VISUALFORCE,INFO;WAVE,INFO;WORKFLOW,INFO
10:47:12.0 (350155)|EXECUTION_STARTED
10:47:12.0 (371866)|CODE_UNIT_STARTED|[EXTERNAL]|VisualForce View State
10:47:12.0 (5027663)|CODE_UNIT_FINISHED|VisualForce View State
10:47:12.0 (5958238)|EXECUTION_FINISHED
10:47:12.10 (10919539)|SYSTEM_MODE_ENTER|true
10:47:12.10 (11066887)|HEAP_ALLOCATE|[72]|Bytes:3
10:47:12.10 (11115423)|HEAP_ALLOCATE|[77]|Bytes:152
10:47:12.10 (11142779)|HEAP_ALLOCATE|[342]|Bytes:408
10:47:12.10 (11163623)|HEAP_ALLOCATE|[355]|Bytes:408
10:47:12.10 (11179964)|HEAP_ALLOCATE|[467]|Bytes:48
10:47:12.28 (28694742)|CUMULATIVE_LIMIT_USAGE
10:47:12.28 (28694742)|LIMIT_USAGE_FOR_NS|(default)|
  Number of SOQL queries: 0 out of 100
  Number of query rows: 0 out of 50000
  Number of SOSL queries: 0 out of 20
  Number of DML statements: 0 out of 150
  Number of DML rows: 0 out of 10000
  Maximum CPU time: 0 out of 10000
  Maximum heap size: 0 out of 6000000
  Number of callouts: 0 out of 100
  Number of Email Invocations: 0 out of 10
  Number of future calls: 0 out of 50
  Number of queueable jobs added to the queue: 0 out of 50
  Number of Mobile Apex push calls: 0 out of 10

10:47:12.28 (28694742)|CUMULATIVE_LIMIT_USAGE_END

