42.0 APEX_CODE,FINEST;APEX_PROFILING,INFO;CALLOUT,INFO;DB,INFO;SYSTEM,DEBUG;VALIDATION,INFO;VISUALFORCE,INFO;WAVE,INFO;WORKFLOW,INFO
14:25:23.0 (324475)|USER_INFO|[EXTERNAL]|0051r000007nKPL|assh4884@cunning-goat-277018.com|Greenwich Mean Time|GMT+01:00
14:25:23.0 (352371)|EXECUTION_STARTED
14:25:23.0 (357098)|CODE_UNIT_STARTED|[EXTERNAL]|Aura
14:25:23.0 (1844246)|CODE_UNIT_STARTED|[EXTERNAL]|01p1r000007pMQE|DaysPartController.getDaysPart
14:25:23.0 (2147412)|HEAP_ALLOCATE|[72]|Bytes:3
14:25:23.0 (2210839)|HEAP_ALLOCATE|[77]|Bytes:152
14:25:23.0 (2226599)|HEAP_ALLOCATE|[342]|Bytes:408
14:25:23.0 (2238706)|HEAP_ALLOCATE|[355]|Bytes:408
14:25:23.0 (2249352)|HEAP_ALLOCATE|[467]|Bytes:48
14:25:23.0 (2275145)|HEAP_ALLOCATE|[139]|Bytes:6
14:25:23.0 (2290110)|HEAP_ALLOCATE|[EXTERNAL]|Bytes:1
14:25:23.0 (2319199)|METHOD_ENTRY|[1]|01p1r000007pMQE|DaysPartController.DaysPartController()
14:25:23.0 (2324597)|STATEMENT_EXECUTE|[1]
14:25:23.0 (2329224)|STATEMENT_EXECUTE|[1]
14:25:23.0 (2359481)|HEAP_ALLOCATE|[50]|Bytes:5
14:25:23.0 (2382639)|HEAP_ALLOCATE|[56]|Bytes:5
14:25:23.0 (2388971)|HEAP_ALLOCATE|[64]|Bytes:7
14:25:23.0 (2410549)|SYSTEM_MODE_ENTER|false
14:25:23.0 (2425076)|HEAP_ALLOCATE|[EXTERNAL]|Bytes:5
14:25:23.0 (2432872)|SYSTEM_MODE_EXIT|false
14:25:23.0 (2441966)|METHOD_EXIT|[1]|DaysPartController
14:25:23.0 (2452050)|SYSTEM_MODE_ENTER|false
14:25:23.0 (2465303)|HEAP_ALLOCATE|[5]|Bytes:5
14:25:23.0 (2469778)|STATEMENT_EXECUTE|[4]
14:25:23.0 (2471327)|STATEMENT_EXECUTE|[5]
14:25:23.0 (3614377)|HEAP_ALLOCATE|[5]|Bytes:16
14:25:23.0 (3647320)|SYSTEM_MODE_EXIT|false
14:25:23.3 (3672657)|CUMULATIVE_LIMIT_USAGE
14:25:23.3 (3672657)|LIMIT_USAGE_FOR_NS|(default)|
  Number of SOQL queries: 0 out of 100
  Number of query rows: 0 out of 50000
  Number of SOSL queries: 0 out of 20
  Number of DML statements: 0 out of 150
  Number of DML rows: 0 out of 10000
  Maximum CPU time: 0 out of 10000
  Maximum heap size: 0 out of 6000000
  Number of callouts: 0 out of 100
  Number of Email Invocations: 0 out of 10
  Number of future calls: 0 out of 50
  Number of queueable jobs added to the queue: 0 out of 50
  Number of Mobile Apex push calls: 0 out of 10

14:25:23.3 (3672657)|CUMULATIVE_LIMIT_USAGE_END

14:25:23.0 (3701385)|CODE_UNIT_FINISHED|DaysPartController.getDaysPart
14:25:23.0 (3854127)|CODE_UNIT_FINISHED|Aura
14:25:23.0 (4882820)|EXECUTION_FINISHED
