42.0 APEX_CODE,FINEST;APEX_PROFILING,INFO;CALLOUT,INFO;DB,INFO;SYSTEM,DEBUG;VALIDATION,INFO;VISUALFORCE,INFO;WAVE,INFO;WORKFLOW,INFO
Execute Anonymous: CustomTest.getCustData();
10:53:57.1 (1113471)|USER_INFO|[EXTERNAL]|0051r000007nKPL|assh4884@cunning-goat-277018.com|Greenwich Mean Time|GMT+01:00
10:53:57.1 (1132754)|EXECUTION_STARTED
10:53:57.1 (1136525)|CODE_UNIT_STARTED|[EXTERNAL]|execute_anonymous_apex
10:53:57.1 (1298809)|HEAP_ALLOCATE|[72]|Bytes:3
10:53:57.1 (1347429)|HEAP_ALLOCATE|[77]|Bytes:152
10:53:57.1 (1359718)|HEAP_ALLOCATE|[342]|Bytes:408
10:53:57.1 (1372228)|HEAP_ALLOCATE|[355]|Bytes:408
10:53:57.1 (1382512)|HEAP_ALLOCATE|[467]|Bytes:48
10:53:57.1 (1405625)|HEAP_ALLOCATE|[139]|Bytes:6
10:53:57.1 (1422944)|HEAP_ALLOCATE|[EXTERNAL]|Bytes:1
10:53:57.1 (1517528)|STATEMENT_EXECUTE|[1]
10:53:57.1 (1520375)|STATEMENT_EXECUTE|[1]
10:53:57.1 (1563526)|HEAP_ALLOCATE|[50]|Bytes:5
10:53:57.1 (1581324)|HEAP_ALLOCATE|[56]|Bytes:5
10:53:57.1 (1588255)|HEAP_ALLOCATE|[64]|Bytes:7
10:53:57.1 (1609158)|SYSTEM_MODE_ENTER|false
10:53:57.1 (1626556)|HEAP_ALLOCATE|[1]|Bytes:5
10:53:57.1 (21991261)|HEAP_ALLOCATE|[1]|Bytes:1
10:53:57.1 (22005230)|HEAP_ALLOCATE|[1]|Bytes:1
10:53:57.1 (22021669)|METHOD_ENTRY|[1]|01p1r000007pAtp|CustomTest.CustomTest()
10:53:57.1 (22027646)|STATEMENT_EXECUTE|[1]
10:53:57.1 (22032005)|STATEMENT_EXECUTE|[1]
10:53:57.1 (22043328)|HEAP_ALLOCATE|[1]|Bytes:5
10:53:57.1 (22052865)|METHOD_EXIT|[1]|CustomTest
10:53:57.1 (22073982)|METHOD_ENTRY|[1]|01p1r000007pAtp|CustomTest.getCustData()
10:53:57.1 (22113984)|HEAP_ALLOCATE|[4]|Bytes:5
10:53:57.1 (22119331)|STATEMENT_EXECUTE|[3]
10:53:57.1 (22121315)|STATEMENT_EXECUTE|[4]
10:53:57.1 (30931835)|HEAP_ALLOCATE|[4]|Bytes:4
10:53:57.1 (31130488)|HEAP_ALLOCATE|[EXTERNAL]|Bytes:4
10:53:57.1 (31144757)|HEAP_ALLOCATE|[4]|Bytes:4
10:53:57.1 (31173517)|VARIABLE_SCOPE_BEGIN|[4]|t|List<test2__c>|true|false
10:53:57.1 (31219274)|VARIABLE_ASSIGNMENT|[4]|t|[]|0x351bb09a
10:53:57.1 (31229697)|STATEMENT_EXECUTE|[5]
10:53:57.1 (31311632)|USER_DEBUG|[5]|DEBUG|()
10:53:57.1 (31343102)|METHOD_EXIT|[1]|01p1r000007pAtp|CustomTest.getCustData()
10:53:57.1 (31352769)|SYSTEM_MODE_EXIT|false
10:53:57.31 (31395655)|CUMULATIVE_LIMIT_USAGE
10:53:57.31 (31395655)|LIMIT_USAGE_FOR_NS|(default)|
  Number of SOQL queries: 0 out of 100
  Number of query rows: 0 out of 50000
  Number of SOSL queries: 0 out of 20
  Number of DML statements: 0 out of 150
  Number of DML rows: 0 out of 10000
  Maximum CPU time: 0 out of 10000
  Maximum heap size: 0 out of 6000000
  Number of callouts: 0 out of 100
  Number of Email Invocations: 0 out of 10
  Number of future calls: 0 out of 50
  Number of queueable jobs added to the queue: 0 out of 50
  Number of Mobile Apex push calls: 0 out of 10

10:53:57.31 (31395655)|CUMULATIVE_LIMIT_USAGE_END

10:53:57.1 (31438931)|CODE_UNIT_FINISHED|execute_anonymous_apex
10:53:57.1 (32910700)|EXECUTION_FINISHED
