42.0 APEX_CODE,FINEST;APEX_PROFILING,INFO;CALLOUT,INFO;DB,INFO;SYSTEM,DEBUG;VALIDATION,INFO;VISUALFORCE,INFO;WAVE,INFO;WORKFLOW,INFO
13:45:20.0 (302502)|EXECUTION_STARTED
13:45:20.0 (325104)|CODE_UNIT_STARTED|[EXTERNAL]|VisualForce View State
13:45:20.0 (4962792)|HEAP_ALLOCATE|[72]|Bytes:3
13:45:20.0 (5031354)|HEAP_ALLOCATE|[77]|Bytes:152
13:45:20.0 (5044097)|HEAP_ALLOCATE|[342]|Bytes:408
13:45:20.0 (5055832)|HEAP_ALLOCATE|[355]|Bytes:408
13:45:20.0 (5066044)|HEAP_ALLOCATE|[467]|Bytes:48
13:45:20.0 (5090405)|HEAP_ALLOCATE|[139]|Bytes:6
13:45:20.0 (6243918)|CODE_UNIT_FINISHED|VisualForce View State
13:45:20.0 (7134454)|EXECUTION_FINISHED
13:45:20.8 (8275510)|SYSTEM_MODE_ENTER|true
13:45:20.8 (8506591)|HEAP_ALLOCATE|[EXTERNAL]|Bytes:120
13:45:20.8 (8531236)|HEAP_ALLOCATE|[EXTERNAL]|Bytes:10
13:45:20.8 (8540518)|SYSTEM_METHOD_ENTRY|[1]|pagemessagecomponentcontroller.pagemessagecomponentcontroller()
13:45:20.8 (8545481)|STATEMENT_EXECUTE|[1]
13:45:20.166 (166557358)|CUMULATIVE_LIMIT_USAGE
13:45:20.166 (166557358)|LIMIT_USAGE_FOR_NS|(default)|
  Number of SOQL queries: 0 out of 100
  Number of query rows: 0 out of 50000
  Number of SOSL queries: 0 out of 20
  Number of DML statements: 0 out of 150
  Number of DML rows: 0 out of 10000
  Maximum CPU time: 0 out of 10000
  Maximum heap size: 0 out of 6000000
  Number of callouts: 0 out of 100
  Number of Email Invocations: 0 out of 10
  Number of future calls: 0 out of 50
  Number of queueable jobs added to the queue: 0 out of 50
  Number of Mobile Apex push calls: 0 out of 10

13:45:20.166 (166557358)|CUMULATIVE_LIMIT_USAGE_END

