42.0 APEX_CODE,FINEST;APEX_PROFILING,INFO;CALLOUT,INFO;DB,INFO;SYSTEM,DEBUG;VALIDATION,INFO;VISUALFORCE,INFO;WAVE,INFO;WORKFLOW,INFO
14:27:17.0 (66094)|USER_INFO|[EXTERNAL]|0051r000007nKPL|assh4884@cunning-goat-277018.com|Greenwich Mean Time|GMT+01:00
14:27:17.0 (95826)|EXECUTION_STARTED
14:27:17.0 (99009)|CODE_UNIT_STARTED|[EXTERNAL]|Aura
14:27:17.0 (1710659)|CODE_UNIT_STARTED|[EXTERNAL]|01p1r000007pMQE|DaysPartController.getDaysPart
14:27:17.0 (1974535)|HEAP_ALLOCATE|[72]|Bytes:3
14:27:17.0 (2006040)|HEAP_ALLOCATE|[77]|Bytes:152
14:27:17.0 (2020055)|HEAP_ALLOCATE|[342]|Bytes:408
14:27:17.0 (2032085)|HEAP_ALLOCATE|[355]|Bytes:408
14:27:17.0 (2042184)|HEAP_ALLOCATE|[467]|Bytes:48
14:27:17.0 (2062931)|HEAP_ALLOCATE|[139]|Bytes:6
14:27:17.0 (2076690)|HEAP_ALLOCATE|[EXTERNAL]|Bytes:1
14:27:17.0 (2087065)|METHOD_ENTRY|[1]|01p1r000007pMQE|DaysPartController.DaysPartController()
14:27:17.0 (2093328)|STATEMENT_EXECUTE|[1]
14:27:17.0 (2098112)|STATEMENT_EXECUTE|[1]
14:27:17.0 (2124255)|HEAP_ALLOCATE|[50]|Bytes:5
14:27:17.0 (2141400)|HEAP_ALLOCATE|[56]|Bytes:5
14:27:17.0 (2148111)|HEAP_ALLOCATE|[64]|Bytes:7
14:27:17.0 (2167310)|SYSTEM_MODE_ENTER|false
14:27:17.0 (2179302)|HEAP_ALLOCATE|[EXTERNAL]|Bytes:5
14:27:17.0 (2185689)|SYSTEM_MODE_EXIT|false
14:27:17.0 (2193241)|METHOD_EXIT|[1]|DaysPartController
14:27:17.0 (2203010)|SYSTEM_MODE_ENTER|false
14:27:17.0 (2214668)|HEAP_ALLOCATE|[5]|Bytes:5
14:27:17.0 (2218728)|STATEMENT_EXECUTE|[4]
14:27:17.0 (2220235)|STATEMENT_EXECUTE|[5]
14:27:17.0 (3026537)|HEAP_ALLOCATE|[5]|Bytes:16
14:27:17.0 (3062355)|SYSTEM_MODE_EXIT|false
14:27:17.3 (3095746)|CUMULATIVE_LIMIT_USAGE
14:27:17.3 (3095746)|LIMIT_USAGE_FOR_NS|(default)|
  Number of SOQL queries: 0 out of 100
  Number of query rows: 0 out of 50000
  Number of SOSL queries: 0 out of 20
  Number of DML statements: 0 out of 150
  Number of DML rows: 0 out of 10000
  Maximum CPU time: 0 out of 10000
  Maximum heap size: 0 out of 6000000
  Number of callouts: 0 out of 100
  Number of Email Invocations: 0 out of 10
  Number of future calls: 0 out of 50
  Number of queueable jobs added to the queue: 0 out of 50
  Number of Mobile Apex push calls: 0 out of 10

14:27:17.3 (3095746)|CUMULATIVE_LIMIT_USAGE_END

14:27:17.0 (3134258)|CODE_UNIT_FINISHED|DaysPartController.getDaysPart
14:27:17.0 (3311548)|CODE_UNIT_FINISHED|Aura
14:27:17.0 (4386691)|EXECUTION_FINISHED
