42.0 APEX_CODE,FINEST;APEX_PROFILING,INFO;CALLOUT,INFO;DB,INFO;SYSTEM,DEBUG;VALIDATION,INFO;VISUALFORCE,INFO;WAVE,INFO;WORKFLOW,INFO
Execute Anonymous: DaysPartController.getDaysPart();
15:04:06.1 (1179927)|USER_INFO|[EXTERNAL]|0051r000007nKPL|assh4884@cunning-goat-277018.com|Greenwich Mean Time|GMT+01:00
15:04:06.1 (1215274)|EXECUTION_STARTED
15:04:06.1 (1220311)|CODE_UNIT_STARTED|[EXTERNAL]|execute_anonymous_apex
15:04:06.1 (1450200)|HEAP_ALLOCATE|[72]|Bytes:3
15:04:06.1 (1490750)|HEAP_ALLOCATE|[77]|Bytes:152
15:04:06.1 (1509767)|HEAP_ALLOCATE|[342]|Bytes:408
15:04:06.1 (1529163)|HEAP_ALLOCATE|[355]|Bytes:408
15:04:06.1 (1547319)|HEAP_ALLOCATE|[467]|Bytes:48
15:04:06.1 (1584651)|HEAP_ALLOCATE|[139]|Bytes:6
15:04:06.1 (1607590)|HEAP_ALLOCATE|[EXTERNAL]|Bytes:1
15:04:06.1 (1719194)|STATEMENT_EXECUTE|[1]
15:04:06.1 (1723624)|STATEMENT_EXECUTE|[1]
15:04:06.1 (1789398)|HEAP_ALLOCATE|[50]|Bytes:5
15:04:06.1 (1819432)|HEAP_ALLOCATE|[56]|Bytes:5
15:04:06.1 (1830793)|HEAP_ALLOCATE|[64]|Bytes:7
15:04:06.1 (1857477)|SYSTEM_MODE_ENTER|false
15:04:06.1 (1879255)|HEAP_ALLOCATE|[1]|Bytes:5
15:04:06.1 (21230626)|HEAP_ALLOCATE|[1]|Bytes:4
15:04:06.1 (21251722)|HEAP_ALLOCATE|[1]|Bytes:2
15:04:06.1 (21272597)|METHOD_ENTRY|[1]|01p1r000007pMQE|DaysPartController.DaysPartController()
15:04:06.1 (21284936)|STATEMENT_EXECUTE|[1]
15:04:06.1 (21293859)|STATEMENT_EXECUTE|[1]
15:04:06.1 (21312895)|HEAP_ALLOCATE|[1]|Bytes:5
15:04:06.1 (21325737)|METHOD_EXIT|[1]|DaysPartController
15:04:06.1 (21358581)|METHOD_ENTRY|[1]|01p1r000007pMQE|DaysPartController.getDaysPart()
15:04:06.1 (21469219)|HEAP_ALLOCATE|[5]|Bytes:5
15:04:06.1 (21475033)|STATEMENT_EXECUTE|[4]
15:04:06.1 (21476962)|STATEMENT_EXECUTE|[5]
15:04:06.1 (22764451)|HEAP_ALLOCATE|[5]|Bytes:16
15:04:06.1 (22788245)|VARIABLE_SCOPE_BEGIN|[5]|daysPart|Map<String,Days_part__c>|true|false
15:04:06.1 (22892381)|VARIABLE_ASSIGNMENT|[5]|daysPart|{"Morning":{"LastModifiedDate":"2018-03-27T12:50:19.000Z","IsDeleted":false,"SetupOwnerId":"00D1r000000sW7MEAU","Name":"Morning","SystemModstamp":"2018-03-27T12:50:19.000Z","End__c":12.0,"Separation__c":15.0,"CreatedById":"0051r000007nKPLAA2","Start__c":7.0,"CreatedDate":"2018-03-27T12:50:19.000Z","Id":"a051r00000nYll2AAC","LastModifiedById":"0051r000007nKPLAA2"},"Afternoon":{"LastModifiedDate":"2018-03-27T12:50:47.000Z","IsDeleted":false,"SetupOwnerId":"00D1r000000sW7MEAU","Name":"Afternoon","SystemModstamp":"2018-03-27T12:50:47.000Z","End__c":17.0,"Separation__c":30.0,"CreatedById":"0051r000007nKPLAA2","Start__c":12.0,"CreatedDate":"2018-03-27T12:50:47.000Z","Id":"a051r00000nYll7AAC","LastModifiedById":"0051r000007nKPLAA2"},"Night":{"LastModifiedDate":"2018-03-27T13:06:14.000Z","IsDeleted":false,"SetupOwnerId":"00D1r000000sW7MEAU","Name":"Night","SystemModstamp":"2018-03-27T13:06:14.000Z","End__c":23.0,"Separation__c":20.0,"CreatedById":"0051r000007nKPLAA2","Start__c":17.0,"CreatedDate":"2018-03-27T12:51:09.000Z","Id":"a051r00000nYllCAAS","LastModifiedById":"0051r000007nKPLAA2"}}|0x3aa21d01
15:04:06.1 (22929945)|STATEMENT_EXECUTE|[6]
15:04:06.1 (22945598)|METHOD_ENTRY|[6]|01p1r000007pMQE|DaysPartController.getTimeCellsBySeparator(Map<String,Days_part__c>)
15:04:06.1 (22983540)|VARIABLE_SCOPE_BEGIN|[10]|daysPart|Map<String,Days_part__c>|true|false
15:04:06.1 (23043150)|VARIABLE_ASSIGNMENT|[10]|daysPart|{"Morning":{"LastModifiedDate":"2018-03-27T12:50:19.000Z","IsDeleted":false,"SetupOwnerId":"00D1r000000sW7MEAU","Name":"Morning","SystemModstamp":"2018-03-27T12:50:19.000Z","End__c":12.0,"Separation__c":15.0,"CreatedById":"0051r000007nKPLAA2","Start__c":7.0,"CreatedDate":"2018-03-27T12:50:19.000Z","Id":"a051r00000nYll2AAC","LastModifiedById":"0051r000007nKPLAA2"},"Afternoon":{"LastModifiedDate":"2018-03-27T12:50:47.000Z","IsDeleted":false,"SetupOwnerId":"00D1r000000sW7MEAU","Name":"Afternoon","SystemModstamp":"2018-03-27T12:50:47.000Z","End__c":17.0,"Separation__c":30.0,"CreatedById":"0051r000007nKPLAA2","Start__c":12.0,"CreatedDate":"2018-03-27T12:50:47.000Z","Id":"a051r00000nYll7AAC","LastModifiedById":"0051r000007nKPLAA2"},"Night":{"LastModifiedDate":"2018-03-27T13:06:14.000Z","IsDeleted":false,"SetupOwnerId":"00D1r000000sW7MEAU","Name":"Night","SystemModstamp":"2018-03-27T13:06:14.000Z","End__c":23.0,"Separation__c":20.0,"CreatedById":"0051r000007nKPLAA2","Start__c":17.0,"CreatedDate":"2018-03-27T12:51:09.000Z","Id":"a051r00000nYllCAAS","LastModifiedById":"0051r000007nKPLAA2"}}|0x3aa21d01
15:04:06.1 (23087062)|HEAP_ALLOCATE|[14]|Bytes:5
15:04:06.1 (23092813)|STATEMENT_EXECUTE|[10]
15:04:06.1 (23143680)|HEAP_ALLOCATE|[14]|Bytes:4
15:04:06.1 (23249504)|HEAP_ALLOCATE|[14]|Bytes:37
15:04:06.1 (23272163)|HEAP_ALLOCATE|[14]|Bytes:12
15:04:06.1 (23325872)|HEAP_ALLOCATE|[14]|Bytes:5
15:04:06.1 (23375577)|VARIABLE_SCOPE_BEGIN|[14]|d|String|false|false
15:04:06.1 (23387631)|VARIABLE_ASSIGNMENT|[14]|d|"Morning"
15:04:06.1 (23393503)|STATEMENT_EXECUTE|[14]
15:04:06.1 (23395038)|STATEMENT_EXECUTE|[15]
15:04:06.1 (23427847)|USER_DEBUG|[15]|DEBUG|Morning
15:04:06.1 (23443191)|HEAP_ALLOCATE|[14]|Bytes:5
15:04:06.1 (23452730)|VARIABLE_SCOPE_BEGIN|[14]|d|String|false|false
15:04:06.1 (23461376)|VARIABLE_ASSIGNMENT|[14]|d|"Afternoon"
15:04:06.1 (23465593)|STATEMENT_EXECUTE|[14]
15:04:06.1 (23467393)|STATEMENT_EXECUTE|[15]
15:04:06.1 (23473583)|USER_DEBUG|[15]|DEBUG|Afternoon
15:04:06.1 (23484010)|HEAP_ALLOCATE|[14]|Bytes:5
15:04:06.1 (23491351)|VARIABLE_SCOPE_BEGIN|[14]|d|String|false|false
15:04:06.1 (23502586)|VARIABLE_ASSIGNMENT|[14]|d|"Night"
15:04:06.1 (23506608)|STATEMENT_EXECUTE|[14]
15:04:06.1 (23507927)|STATEMENT_EXECUTE|[15]
15:04:06.1 (23511725)|USER_DEBUG|[15]|DEBUG|Night
15:04:06.1 (23520397)|HEAP_ALLOCATE|[14]|Bytes:5
15:04:06.1 (23528041)|VARIABLE_ASSIGNMENT|[14]|d|null
15:04:06.1 (23538708)|METHOD_EXIT|[6]|01p1r000007pMQE|DaysPartController.getTimeCellsBySeparator(Map<String,Days_part__c>)
15:04:06.1 (23544919)|STATEMENT_EXECUTE|[7]
15:04:06.1 (23549582)|METHOD_EXIT|[1]|01p1r000007pMQE|DaysPartController.getDaysPart()
15:04:06.1 (23555865)|SYSTEM_MODE_EXIT|false
15:04:06.23 (23597112)|CUMULATIVE_LIMIT_USAGE
15:04:06.23 (23597112)|LIMIT_USAGE_FOR_NS|(default)|
  Number of SOQL queries: 0 out of 100
  Number of query rows: 0 out of 50000
  Number of SOSL queries: 0 out of 20
  Number of DML statements: 0 out of 150
  Number of DML rows: 0 out of 10000
  Maximum CPU time: 0 out of 10000
  Maximum heap size: 0 out of 6000000
  Number of callouts: 0 out of 100
  Number of Email Invocations: 0 out of 10
  Number of future calls: 0 out of 50
  Number of queueable jobs added to the queue: 0 out of 50
  Number of Mobile Apex push calls: 0 out of 10

15:04:06.23 (23597112)|CUMULATIVE_LIMIT_USAGE_END

15:04:06.1 (23634381)|CODE_UNIT_FINISHED|execute_anonymous_apex
15:04:06.1 (24918268)|EXECUTION_FINISHED
