42.0 APEX_CODE,FINEST;APEX_PROFILING,INFO;CALLOUT,INFO;DB,INFO;SYSTEM,DEBUG;VALIDATION,INFO;VISUALFORCE,INFO;WAVE,INFO;WORKFLOW,INFO
Execute Anonymous: DaysPartController.getDaysPart();
15:07:56.1 (1158066)|USER_INFO|[EXTERNAL]|0051r000007nKPL|assh4884@cunning-goat-277018.com|Greenwich Mean Time|GMT+01:00
15:07:56.1 (1180319)|EXECUTION_STARTED
15:07:56.1 (1184123)|CODE_UNIT_STARTED|[EXTERNAL]|execute_anonymous_apex
15:07:56.1 (1380963)|HEAP_ALLOCATE|[72]|Bytes:3
15:07:56.1 (1422818)|HEAP_ALLOCATE|[77]|Bytes:152
15:07:56.1 (1439119)|HEAP_ALLOCATE|[342]|Bytes:408
15:07:56.1 (1454091)|HEAP_ALLOCATE|[355]|Bytes:408
15:07:56.1 (1467353)|HEAP_ALLOCATE|[467]|Bytes:48
15:07:56.1 (1494478)|HEAP_ALLOCATE|[139]|Bytes:6
15:07:56.1 (1512753)|HEAP_ALLOCATE|[EXTERNAL]|Bytes:1
15:07:56.1 (1579519)|STATEMENT_EXECUTE|[1]
15:07:56.1 (1582069)|STATEMENT_EXECUTE|[1]
15:07:56.1 (1629301)|HEAP_ALLOCATE|[50]|Bytes:5
15:07:56.1 (1650905)|HEAP_ALLOCATE|[56]|Bytes:5
15:07:56.1 (1658724)|HEAP_ALLOCATE|[64]|Bytes:7
15:07:56.1 (1679382)|SYSTEM_MODE_ENTER|false
15:07:56.1 (1698008)|HEAP_ALLOCATE|[1]|Bytes:5
15:07:56.1 (22305507)|HEAP_ALLOCATE|[1]|Bytes:4
15:07:56.1 (22323100)|HEAP_ALLOCATE|[1]|Bytes:11
15:07:56.1 (22343885)|METHOD_ENTRY|[1]|01p1r000007pMQE|DaysPartController.DaysPartController()
15:07:56.1 (22350374)|STATEMENT_EXECUTE|[1]
15:07:56.1 (22356609)|STATEMENT_EXECUTE|[1]
15:07:56.1 (22369534)|HEAP_ALLOCATE|[1]|Bytes:5
15:07:56.1 (22382256)|METHOD_EXIT|[1]|DaysPartController
15:07:56.1 (22412683)|METHOD_ENTRY|[1]|01p1r000007pMQE|DaysPartController.getDaysPart()
15:07:56.1 (22516398)|HEAP_ALLOCATE|[5]|Bytes:5
15:07:56.1 (22522275)|STATEMENT_EXECUTE|[4]
15:07:56.1 (22524434)|STATEMENT_EXECUTE|[5]
15:07:56.1 (23246579)|HEAP_ALLOCATE|[5]|Bytes:16
15:07:56.1 (23279130)|VARIABLE_SCOPE_BEGIN|[5]|daysPart|Map<String,Days_part__c>|true|false
15:07:56.1 (23370927)|VARIABLE_ASSIGNMENT|[5]|daysPart|{"Morning":{"LastModifiedDate":"2018-03-27T12:50:19.000Z","IsDeleted":false,"SetupOwnerId":"00D1r000000sW7MEAU","Name":"Morning","SystemModstamp":"2018-03-27T12:50:19.000Z","End__c":12.0,"Separation__c":15.0,"CreatedById":"0051r000007nKPLAA2","Start__c":7.0,"CreatedDate":"2018-03-27T12:50:19.000Z","Id":"a051r00000nYll2AAC","LastModifiedById":"0051r000007nKPLAA2"},"Afternoon":{"LastModifiedDate":"2018-03-27T12:50:47.000Z","IsDeleted":false,"SetupOwnerId":"00D1r000000sW7MEAU","Name":"Afternoon","SystemModstamp":"2018-03-27T12:50:47.000Z","End__c":17.0,"Separation__c":30.0,"CreatedById":"0051r000007nKPLAA2","Start__c":12.0,"CreatedDate":"2018-03-27T12:50:47.000Z","Id":"a051r00000nYll7AAC","LastModifiedById":"0051r000007nKPLAA2"},"Night":{"LastModifiedDate":"2018-03-27T13:06:14.000Z","IsDeleted":false,"SetupOwnerId":"00D1r000000sW7MEAU","Name":"Night","SystemModstamp":"2018-03-27T13:06:14.000Z","End__c":23.0,"Separation__c":20.0,"CreatedById":"0051r000007nKPLAA2","Start__c":17.0,"CreatedDate":"2018-03-27T12:51:09.000Z","Id":"a051r00000nYllCAAS","LastModifiedById":"0051r000007nKPLAA2"}}|0x69db3a46
15:07:56.1 (23395305)|STATEMENT_EXECUTE|[6]
15:07:56.1 (23410098)|METHOD_ENTRY|[6]|01p1r000007pMQE|DaysPartController.getTimeCellsBySeparator(Map<String,Days_part__c>)
15:07:56.1 (23445730)|VARIABLE_SCOPE_BEGIN|[10]|daysPart|Map<String,Days_part__c>|true|false
15:07:56.1 (23486835)|VARIABLE_ASSIGNMENT|[10]|daysPart|{"Morning":{"LastModifiedDate":"2018-03-27T12:50:19.000Z","IsDeleted":false,"SetupOwnerId":"00D1r000000sW7MEAU","Name":"Morning","SystemModstamp":"2018-03-27T12:50:19.000Z","End__c":12.0,"Separation__c":15.0,"CreatedById":"0051r000007nKPLAA2","Start__c":7.0,"CreatedDate":"2018-03-27T12:50:19.000Z","Id":"a051r00000nYll2AAC","LastModifiedById":"0051r000007nKPLAA2"},"Afternoon":{"LastModifiedDate":"2018-03-27T12:50:47.000Z","IsDeleted":false,"SetupOwnerId":"00D1r000000sW7MEAU","Name":"Afternoon","SystemModstamp":"2018-03-27T12:50:47.000Z","End__c":17.0,"Separation__c":30.0,"CreatedById":"0051r000007nKPLAA2","Start__c":12.0,"CreatedDate":"2018-03-27T12:50:47.000Z","Id":"a051r00000nYll7AAC","LastModifiedById":"0051r000007nKPLAA2"},"Night":{"LastModifiedDate":"2018-03-27T13:06:14.000Z","IsDeleted":false,"SetupOwnerId":"00D1r000000sW7MEAU","Name":"Night","SystemModstamp":"2018-03-27T13:06:14.000Z","End__c":23.0,"Separation__c":20.0,"CreatedById":"0051r000007nKPLAA2","Start__c":17.0,"CreatedDate":"2018-03-27T12:51:09.000Z","Id":"a051r00000nYllCAAS","LastModifiedById":"0051r000007nKPLAA2"}}|0x69db3a46
15:07:56.1 (23517816)|HEAP_ALLOCATE|[14]|Bytes:5
15:07:56.1 (23523036)|STATEMENT_EXECUTE|[10]
15:07:56.1 (23564862)|HEAP_ALLOCATE|[14]|Bytes:4
15:07:56.1 (23645766)|HEAP_ALLOCATE|[14]|Bytes:37
15:07:56.1 (23665071)|HEAP_ALLOCATE|[14]|Bytes:12
15:07:56.1 (23706722)|HEAP_ALLOCATE|[14]|Bytes:5
15:07:56.1 (23737975)|VARIABLE_SCOPE_BEGIN|[14]|name|String|false|false
15:07:56.1 (23749277)|VARIABLE_ASSIGNMENT|[14]|name|"Morning"
15:07:56.1 (23755280)|STATEMENT_EXECUTE|[14]
15:07:56.1 (23756735)|STATEMENT_EXECUTE|[15]
15:07:56.1 (23844465)|USER_DEBUG|[15]|DEBUG|Morning
15:07:56.1 (23854176)|STATEMENT_EXECUTE|[16]
15:07:56.1 (23906582)|USER_DEBUG|[16]|DEBUG|7.0
15:07:56.1 (23913600)|STATEMENT_EXECUTE|[17]
15:07:56.1 (23944870)|USER_DEBUG|[17]|DEBUG|12.0
15:07:56.1 (23951182)|STATEMENT_EXECUTE|[18]
15:07:56.1 (23978731)|USER_DEBUG|[18]|DEBUG|15.0
15:07:56.1 (23992388)|HEAP_ALLOCATE|[14]|Bytes:5
15:07:56.1 (24002662)|VARIABLE_SCOPE_BEGIN|[14]|name|String|false|false
15:07:56.1 (24014163)|VARIABLE_ASSIGNMENT|[14]|name|"Afternoon"
15:07:56.1 (24018880)|STATEMENT_EXECUTE|[14]
15:07:56.1 (24020301)|STATEMENT_EXECUTE|[15]
15:07:56.1 (24039621)|USER_DEBUG|[15]|DEBUG|Afternoon
15:07:56.1 (24046292)|STATEMENT_EXECUTE|[16]
15:07:56.1 (24057420)|USER_DEBUG|[16]|DEBUG|12.0
15:07:56.1 (24062695)|STATEMENT_EXECUTE|[17]
15:07:56.1 (24072060)|USER_DEBUG|[17]|DEBUG|17.0
15:07:56.1 (24081572)|STATEMENT_EXECUTE|[18]
15:07:56.1 (24092046)|USER_DEBUG|[18]|DEBUG|30.0
15:07:56.1 (24101736)|HEAP_ALLOCATE|[14]|Bytes:5
15:07:56.1 (24110266)|VARIABLE_SCOPE_BEGIN|[14]|name|String|false|false
15:07:56.1 (24119031)|VARIABLE_ASSIGNMENT|[14]|name|"Night"
15:07:56.1 (24123760)|STATEMENT_EXECUTE|[14]
15:07:56.1 (24125059)|STATEMENT_EXECUTE|[15]
15:07:56.1 (24139403)|USER_DEBUG|[15]|DEBUG|Night
15:07:56.1 (24145740)|STATEMENT_EXECUTE|[16]
15:07:56.1 (24155475)|USER_DEBUG|[16]|DEBUG|17.0
15:07:56.1 (24160763)|STATEMENT_EXECUTE|[17]
15:07:56.1 (24169657)|USER_DEBUG|[17]|DEBUG|23.0
15:07:56.1 (24175244)|STATEMENT_EXECUTE|[18]
15:07:56.1 (24184340)|USER_DEBUG|[18]|DEBUG|20.0
15:07:56.1 (24193294)|HEAP_ALLOCATE|[14]|Bytes:5
15:07:56.1 (24205691)|VARIABLE_ASSIGNMENT|[14]|name|null
15:07:56.1 (24216744)|METHOD_EXIT|[6]|01p1r000007pMQE|DaysPartController.getTimeCellsBySeparator(Map<String,Days_part__c>)
15:07:56.1 (24221996)|STATEMENT_EXECUTE|[7]
15:07:56.1 (24226359)|METHOD_EXIT|[1]|01p1r000007pMQE|DaysPartController.getDaysPart()
15:07:56.1 (24232918)|SYSTEM_MODE_EXIT|false
15:07:56.24 (24266895)|CUMULATIVE_LIMIT_USAGE
15:07:56.24 (24266895)|LIMIT_USAGE_FOR_NS|(default)|
  Number of SOQL queries: 0 out of 100
  Number of query rows: 0 out of 50000
  Number of SOSL queries: 0 out of 20
  Number of DML statements: 0 out of 150
  Number of DML rows: 0 out of 10000
  Maximum CPU time: 0 out of 10000
  Maximum heap size: 0 out of 6000000
  Number of callouts: 0 out of 100
  Number of Email Invocations: 0 out of 10
  Number of future calls: 0 out of 50
  Number of queueable jobs added to the queue: 0 out of 50
  Number of Mobile Apex push calls: 0 out of 10

15:07:56.24 (24266895)|CUMULATIVE_LIMIT_USAGE_END

15:07:56.1 (24299136)|CODE_UNIT_FINISHED|execute_anonymous_apex
15:07:56.1 (25708561)|EXECUTION_FINISHED
