42.0 APEX_CODE,FINEST;APEX_PROFILING,INFO;CALLOUT,INFO;DB,INFO;SYSTEM,DEBUG;VALIDATION,INFO;VISUALFORCE,INFO;WAVE,INFO;WORKFLOW,INFO
13:50:47.0 (322097)|EXECUTION_STARTED
13:50:47.0 (339799)|CODE_UNIT_STARTED|[EXTERNAL]|VisualForce View State
13:50:47.0 (5529305)|CODE_UNIT_FINISHED|VisualForce View State
13:50:47.0 (6857249)|EXECUTION_FINISHED
13:50:47.11 (11486324)|HEAP_ALLOCATE|[EXTERNAL]|Bytes:-4
13:50:47.11 (11578698)|HEAP_ALLOCATE|[EXTERNAL]|Bytes:-4
13:50:47.11 (11650837)|HEAP_ALLOCATE|[EXTERNAL]|Bytes:-4
13:50:47.11 (11721631)|HEAP_ALLOCATE|[EXTERNAL]|Bytes:-4
13:50:47.11 (11854279)|SYSTEM_MODE_ENTER|false
13:50:47.113 (113427395)|CUMULATIVE_LIMIT_USAGE
13:50:47.113 (113427395)|LIMIT_USAGE_FOR_NS|(default)|
  Number of SOQL queries: 0 out of 100
  Number of query rows: 0 out of 50000
  Number of SOSL queries: 0 out of 20
  Number of DML statements: 0 out of 150
  Number of DML rows: 0 out of 10000
  Maximum CPU time: 0 out of 10000
  Maximum heap size: 0 out of 6000000
  Number of callouts: 0 out of 100
  Number of Email Invocations: 0 out of 10
  Number of future calls: 0 out of 50
  Number of queueable jobs added to the queue: 0 out of 50
  Number of Mobile Apex push calls: 0 out of 10

13:50:47.113 (113427395)|CUMULATIVE_LIMIT_USAGE_END

